
================================================================================
XOR Test Suite for Network_2L (TwoStageIsingNetwork)
================================================================================
Device: cpu
Batch size: 32
Epochs: 200
Model size: -1
Learning rates: gamma=0.001, lambda=0.001, offset=0.001, classical=0.001
Annealing: beta=[1, 10], reads=1, sweeps=1000
Generating 1D XOR data...
Total samples: 400, Features: 1
Class distribution: [200 200]
Train set: 320 samples - Class distribution: [160 160] ([50. 50.]%)
Test set: 80 samples - Class distribution: [40 40] ([50. 50.]%)

============================================================
Training Network_2L on 1D XOR
============================================================
Model size: 20
Resizing from 1 to 20 with hidden nodes
Model created with 3945 parameters

Starting training...
Epoch 10/200 | Loss: 0.4581 | Val Acc: 1.0000
Epoch 20/200 | Loss: 0.2774 | Val Acc: 0.9250
Epoch 30/200 | Loss: 0.2001 | Val Acc: 0.9125
Epoch 40/200 | Loss: 0.1538 | Val Acc: 0.9625
Epoch 50/200 | Loss: 0.1249 | Val Acc: 0.9500
Epoch 60/200 | Loss: 0.1038 | Val Acc: 0.9625
