
================================================================================
2D XOR statistics (5 runs, simulated annealing) - FullIsingModule vs 3-node ModularNetwork
================================================================================
Annealer type: simulated
Parameter configuration:
  batch_size                   = 16
  device                       = cpu
  epochs                       = 25
  hidden_nodes_offset_value    = -0.02
  lambda_init                  = 1.0
  lr_combiner                  = 0.02
  lr_gamma                     = 0.01
  lr_lambda                    = 0.02
  lr_offset                    = 0.03
  minimum_model_size           = 8
  model_size                   = -1
  n_samples_per_region         = 20
  num_reads                    = 1
  num_workers                  = 4
  offset_init                  = 1.0
  partition_input              = False
  profile                      = defaults
  random_seed                  = 42
  sa_beta_range                = [1, 10]
  sa_num_sweeps                = 1000
  sa_sweeps_per_beta           = 1
  test_size                    = 0.2

  [run 1/5 | seed 42] FullIsing acc=0.750 | Modular(3) acc=0.938
  [run 2/5 | seed 42] FullIsing acc=0.750 | Modular(3) acc=0.938
  [run 3/5 | seed 42] FullIsing acc=0.750 | Modular(3) acc=0.938
  [run 4/5 | seed 42] FullIsing acc=0.750 | Modular(3) acc=0.938
  [run 5/5 | seed 42] FullIsing acc=0.750 | Modular(3) acc=0.938

Model size (annealer spins): 8

================================================================================
RESULTS over 5 runs (mean +/- std)
================================================================================
FullIsingModule
  accuracy   mean=0.7500  std=0.0000  min=0.7500  max=0.7500
  precision  mean=0.7500  std=0.0000  min=0.7500  max=0.7500
  recall     mean=0.7500  std=0.0000  min=0.7500  max=0.7500
  f1         mean=0.7500  std=0.0000  min=0.7500  max=0.7500
  auc        mean=0.8812  std=0.0077  min=0.8750  max=0.8906
ModularNetwork(3)
  accuracy   mean=0.9375  std=0.0000  min=0.9375  max=0.9375
  precision  mean=1.0000  std=0.0000  min=1.0000  max=1.0000
  recall     mean=0.8750  std=0.0000  min=0.8750  max=0.8750
  f1         mean=0.9333  std=0.0000  min=0.9333  max=0.9333
  auc        mean=0.9844  std=0.0000  min=0.9844  max=0.9844

Log saved to sim_stats_xor2d_20260627_114449
