
================================================================================
XOR Test Suite for Network_1L (MultiIsingNetwork)
================================================================================
Device: cuda
Batch size: 16
Epochs: 200
Model size: -1
Num Ising Perceptrons: 5
Learning rates: gamma=0.001, lambda=0.001, offset=0.001, classical=0.001
Annealing: beta=[1, 10], reads=1, sweeps=1000
Generating 1D XOR data...
Total samples: 400, Features: 1
Class distribution: [200 200]
Train set: 320 samples - Class distribution: [160 160] ([50. 50.]%)
Test set: 80 samples - Class distribution: [40 40] ([50. 50.]%)

============================================================
Training Network_1L on 1D XOR
============================================================
Model size: 8
Model created with 336 parameters

Starting training...
Epoch 10/200 | Loss: 0.6235 | Val Acc: 0.7125
Epoch 20/200 | Loss: 0.5548 | Val Acc: 0.7500
Epoch 30/200 | Loss: 0.4836 | Val Acc: 0.8375
Epoch 40/200 | Loss: 0.4153 | Val Acc: 0.8625
Epoch 50/200 | Loss: 0.3598 | Val Acc: 0.8625
Epoch 60/200 | Loss: 0.3291 | Val Acc: 0.8625
Epoch 70/200 | Loss: 0.3097 | Val Acc: 0.8750
Epoch 80/200 | Loss: 0.2959 | Val Acc: 0.8625
Epoch 90/200 | Loss: 0.2879 | Val Acc: 0.8625
Epoch 100/200 | Loss: 0.2810 | Val Acc: 0.8750
Epoch 110/200 | Loss: 0.2773 | Val Acc: 0.8750
Epoch 120/200 | Loss: 0.2727 | Val Acc: 0.8750
Epoch 130/200 | Loss: 0.2652 | Val Acc: 0.8750
Epoch 140/200 | Loss: 0.2616 | Val Acc: 0.8750
Epoch 150/200 | Loss: 0.2570 | Val Acc: 0.8750
Epoch 160/200 | Loss: 0.2526 | Val Acc: 0.8750
Epoch 170/200 | Loss: 0.2458 | Val Acc: 0.8750
Epoch 180/200 | Loss: 0.2436 | Val Acc: 0.8750
Epoch 190/200 | Loss: 0.2408 | Val Acc: 0.8750
Epoch 200/200 | Loss: 0.2339 | Val Acc: 0.8750

============================================================
Final Evaluation
============================================================
Final Test Accuracy: 0.8750

Classification Report:
              precision    recall  f1-score   support

     Class 0       0.86      0.90      0.88        40
     Class 1       0.89      0.85      0.87        40

    accuracy                           0.88        80
   macro avg       0.88      0.88      0.87        80
weighted avg       0.88      0.88      0.87        80


Confusion Matrix:
[[36  4]
 [ 6 34]]

1D XOR completed with accuracy: 0.8750

Generating 2D XOR data...
Total samples: 800, Features: 2
Class distribution: [400 400]
Train set: 640 samples - Class distribution: [320 320] ([50. 50.]%)
Test set: 160 samples - Class distribution: [80 80] ([50. 50.]%)

============================================================
Training Network_1L on 2D XOR
============================================================
Model size: 8
Model created with 336 parameters

Starting training...
Epoch 10/200 | Loss: 0.3487 | Val Acc: 0.9563
Epoch 20/200 | Loss: 0.2072 | Val Acc: 0.9563
Epoch 30/200 | Loss: 0.1676 | Val Acc: 0.9500
Epoch 40/200 | Loss: 0.1510 | Val Acc: 0.9563
Epoch 50/200 | Loss: 0.1412 | Val Acc: 0.9625
Epoch 60/200 | Loss: 0.1341 | Val Acc: 0.9500
Epoch 70/200 | Loss: 0.1303 | Val Acc: 0.9437
Epoch 80/200 | Loss: 0.1259 | Val Acc: 0.9563
Epoch 90/200 | Loss: 0.1230 | Val Acc: 0.9437
Epoch 100/200 | Loss: 0.1237 | Val Acc: 0.9375
Epoch 110/200 | Loss: 0.1195 | Val Acc: 0.9375
Epoch 120/200 | Loss: 0.1195 | Val Acc: 0.9187
Epoch 130/200 | Loss: 0.1206 | Val Acc: 0.9250
Epoch 140/200 | Loss: 0.1157 | Val Acc: 0.9563
Epoch 150/200 | Loss: 0.1182 | Val Acc: 0.9062
Epoch 160/200 | Loss: 0.1218 | Val Acc: 0.9437
Epoch 170/200 | Loss: 0.1154 | Val Acc: 0.9250
Epoch 180/200 | Loss: 0.1162 | Val Acc: 0.9437
Epoch 190/200 | Loss: 0.1150 | Val Acc: 0.9500
Epoch 200/200 | Loss: 0.1123 | Val Acc: 0.9125

============================================================
Final Evaluation
============================================================
Final Test Accuracy: 0.9125

Classification Report:
              precision    recall  f1-score   support

     Class 0       0.93      0.89      0.91        80
     Class 1       0.89      0.94      0.91        80

    accuracy                           0.91       160
   macro avg       0.91      0.91      0.91       160
weighted avg       0.91      0.91      0.91       160


Confusion Matrix:
[[71  9]
 [ 5 75]]

2D XOR completed with accuracy: 0.9125

Generating 3D XOR data...
Total samples: 1600, Features: 3
Class distribution: [800 800]
Train set: 1280 samples - Class distribution: [640 640] ([50. 50.]%)
Test set: 320 samples - Class distribution: [160 160] ([50. 50.]%)

============================================================
Training Network_1L on 3D XOR
============================================================
Model size: 8
Model created with 336 parameters

Starting training...
Epoch 10/200 | Loss: 0.6911 | Val Acc: 0.5062
Epoch 20/200 | Loss: 0.6857 | Val Acc: 0.5406
Epoch 30/200 | Loss: 0.6772 | Val Acc: 0.5375
Epoch 40/200 | Loss: 0.6644 | Val Acc: 0.6000
Epoch 50/200 | Loss: 0.6538 | Val Acc: 0.6281
Epoch 60/200 | Loss: 0.6411 | Val Acc: 0.6250
Epoch 70/200 | Loss: 0.6332 | Val Acc: 0.6094
Epoch 80/200 | Loss: 0.6254 | Val Acc: 0.5938
Epoch 90/200 | Loss: 0.6165 | Val Acc: 0.6250
Epoch 100/200 | Loss: 0.6114 | Val Acc: 0.6125
Epoch 110/200 | Loss: 0.6066 | Val Acc: 0.6125
Epoch 120/200 | Loss: 0.6007 | Val Acc: 0.6625
Epoch 130/200 | Loss: 0.5967 | Val Acc: 0.6406
Epoch 140/200 | Loss: 0.5946 | Val Acc: 0.6406
Epoch 150/200 | Loss: 0.5913 | Val Acc: 0.6562
Epoch 160/200 | Loss: 0.5842 | Val Acc: 0.6562
Epoch 170/200 | Loss: 0.5756 | Val Acc: 0.6906
Epoch 180/200 | Loss: 0.5663 | Val Acc: 0.7000
Epoch 190/200 | Loss: 0.5530 | Val Acc: 0.7344
Epoch 200/200 | Loss: 0.5423 | Val Acc: 0.7625

============================================================
Final Evaluation
============================================================
Final Test Accuracy: 0.7656

Classification Report:
              precision    recall  f1-score   support

     Class 0       0.76      0.78      0.77       160
     Class 1       0.77      0.76      0.76       160

    accuracy                           0.77       320
   macro avg       0.77      0.77      0.77       320
weighted avg       0.77      0.77      0.77       320


Confusion Matrix:
[[124  36]
 [ 39 121]]

3D XOR completed with accuracy: 0.7656

Generating 4D XOR data...
Total samples: 3200, Features: 4
Class distribution: [1600 1600]
Train set: 2560 samples - Class distribution: [1280 1280] ([50. 50.]%)
Test set: 640 samples - Class distribution: [320 320] ([50. 50.]%)

============================================================
Training Network_1L on 4D XOR
============================================================
Model size: 8
Model created with 336 parameters

Starting training...
Epoch 10/200 | Loss: 0.6892 | Val Acc: 0.5813
Epoch 20/200 | Loss: 0.6055 | Val Acc: 0.7422
Epoch 30/200 | Loss: 0.4913 | Val Acc: 0.8094
Epoch 40/200 | Loss: 0.4259 | Val Acc: 0.8359
Epoch 50/200 | Loss: 0.3944 | Val Acc: 0.8281
Epoch 60/200 | Loss: 0.3767 | Val Acc: 0.8375
Epoch 70/200 | Loss: 0.3645 | Val Acc: 0.8469
Epoch 80/200 | Loss: 0.3601 | Val Acc: 0.8500
Epoch 90/200 | Loss: 0.3558 | Val Acc: 0.8281
Epoch 100/200 | Loss: 0.3508 | Val Acc: 0.8422
Epoch 110/200 | Loss: 0.3450 | Val Acc: 0.8516
Epoch 120/200 | Loss: 0.3401 | Val Acc: 0.8391
Epoch 130/200 | Loss: 0.3343 | Val Acc: 0.8469
Epoch 140/200 | Loss: 0.3411 | Val Acc: 0.8609
Epoch 150/200 | Loss: 0.3361 | Val Acc: 0.8453
Epoch 160/200 | Loss: 0.3277 | Val Acc: 0.8313
Epoch 170/200 | Loss: 0.3280 | Val Acc: 0.8500
Epoch 180/200 | Loss: 0.3270 | Val Acc: 0.8438
Epoch 190/200 | Loss: 0.3295 | Val Acc: 0.8391
Epoch 200/200 | Loss: 0.3219 | Val Acc: 0.8500

============================================================
Final Evaluation
============================================================
Final Test Accuracy: 0.8516

Classification Report:
              precision    recall  f1-score   support

     Class 0       0.84      0.87      0.85       320
     Class 1       0.87      0.83      0.85       320

    accuracy                           0.85       640
   macro avg       0.85      0.85      0.85       640
weighted avg       0.85      0.85      0.85       640


Confusion Matrix:
[[279  41]
 [ 54 266]]

4D XOR completed with accuracy: 0.8516

Generating 5D XOR data...
Total samples: 6400, Features: 5
Class distribution: [3200 3200]
Train set: 5120 samples - Class distribution: [2560 2560] ([50. 50.]%)
Test set: 1280 samples - Class distribution: [640 640] ([50. 50.]%)

============================================================
Training Network_1L on 5D XOR
============================================================
Model size: 8
Model created with 336 parameters

Starting training...
Epoch 10/200 | Loss: 0.6930 | Val Acc: 0.4758
Epoch 20/200 | Loss: 0.6927 | Val Acc: 0.4750
Epoch 30/200 | Loss: 0.6923 | Val Acc: 0.4977
Epoch 40/200 | Loss: 0.6919 | Val Acc: 0.4797
Epoch 50/200 | Loss: 0.6912 | Val Acc: 0.4805
Epoch 60/200 | Loss: 0.6900 | Val Acc: 0.5203
Epoch 70/200 | Loss: 0.6896 | Val Acc: 0.4984
Epoch 80/200 | Loss: 0.6884 | Val Acc: 0.4945
Epoch 90/200 | Loss: 0.6880 | Val Acc: 0.5156
Epoch 100/200 | Loss: 0.6878 | Val Acc: 0.5227
Epoch 110/200 | Loss: 0.6865 | Val Acc: 0.5227
Epoch 120/200 | Loss: 0.6847 | Val Acc: 0.5188
Epoch 130/200 | Loss: 0.6835 | Val Acc: 0.5297
Epoch 140/200 | Loss: 0.6824 | Val Acc: 0.5172
Epoch 150/200 | Loss: 0.6804 | Val Acc: 0.5258
Epoch 160/200 | Loss: 0.6801 | Val Acc: 0.5328
Epoch 170/200 | Loss: 0.6790 | Val Acc: 0.5375
Epoch 180/200 | Loss: 0.6784 | Val Acc: 0.5102
Epoch 190/200 | Loss: 0.6779 | Val Acc: 0.5391
Epoch 200/200 | Loss: 0.6770 | Val Acc: 0.5383

============================================================
Final Evaluation
============================================================
Final Test Accuracy: 0.5422

Classification Report:
              precision    recall  f1-score   support

     Class 0       0.53      0.74      0.62       640
     Class 1       0.57      0.35      0.43       640

    accuracy                           0.54      1280
   macro avg       0.55      0.54      0.52      1280
weighted avg       0.55      0.54      0.52      1280


Confusion Matrix:
[[471 169]
 [417 223]]

5D XOR completed with accuracy: 0.5422

Generating 6D XOR data...
Total samples: 12800, Features: 6
Class distribution: [6400 6400]
Train set: 10240 samples - Class distribution: [5120 5120] ([50. 50.]%)
Test set: 2560 samples - Class distribution: [1280 1280] ([50. 50.]%)

============================================================
Training Network_1L on 6D XOR
============================================================
Model size: 8
Model created with 336 parameters

Starting training...
Epoch 10/200 | Loss: 0.6932 | Val Acc: 0.4738
Epoch 20/200 | Loss: 0.6923 | Val Acc: 0.5512
Epoch 30/200 | Loss: 0.6863 | Val Acc: 0.5141
Epoch 40/200 | Loss: 0.6740 | Val Acc: 0.5977
