
================================================================================
XOR Comparison Suite - FullIsingModule vs ModularNetwork
================================================================================
Device: cpu
Batch size: 32 | Epochs: 50 | Model size: 50
Learning rates: gamma=0.001, lambda=0.005, offset=0.01, combiner=0.005
Annealing: beta=[1, 10], reads=1, sweeps=1000, workers=16
Annealer type: simulated

[Dimension 2D]
Generating 2D XOR data...
Total samples: 80, Features: 2
Class distribution: [40 40]
Train set: 64 | Test set: 16
  Training FullIsingModule...

============================================================
Training FullIsingModule on 2D XOR
============================================================
Model size: 50
Model parameters: 2502
  [FullIsing/2D] Epoch 1/50 | Loss: 0.9903
  [FullIsing/2D] Epoch 5/50 | Loss: 0.6901
  [FullIsing/2D] Epoch 10/50 | Loss: 0.7050
  [FullIsing/2D] Epoch 15/50 | Loss: 0.6963
  [FullIsing/2D] Epoch 20/50 | Loss: 0.6883
  [FullIsing/2D] Epoch 25/50 | Loss: 0.6826
  [FullIsing/2D] Epoch 30/50 | Loss: 0.6748
  [FullIsing/2D] Epoch 35/50 | Loss: 0.6654
  [FullIsing/2D] Epoch 40/50 | Loss: 0.6552
  [FullIsing/2D] Epoch 45/50 | Loss: 0.6462
  [FullIsing/2D] Epoch 50/50 | Loss: 0.6370
  [FullIsing/2D] Final Test Accuracy: 0.5000

              precision    recall  f1-score   support

     Class 0       0.50      0.12      0.20         8
     Class 1       0.50      0.88      0.64         8

    accuracy                           0.50        16
   macro avg       0.50      0.50      0.42        16
weighted avg       0.50      0.50      0.42        16

Confusion matrix:
[[1 7]
 [1 7]]
  FullIsingModule | acc=0.5000 prec=0.5000 rec=0.8750 f1=0.6364 auc=0.7812
  Training ModularNetwork...

============================================================
Training ModularNetwork on 2D XOR
============================================================
Model size: 50
Model parameters: 12516
  [Modular/2D] Epoch 1/50 | Loss: 1.5063
  [Modular/2D] Epoch 5/50 | Loss: 0.6021
  [Modular/2D] Epoch 10/50 | Loss: 0.5640
  [Modular/2D] Epoch 15/50 | Loss: 0.4648
  [Modular/2D] Epoch 20/50 | Loss: 0.3975
  [Modular/2D] Epoch 25/50 | Loss: 0.3591
