
================================================================================
  FULLISING MATRIX EXPERIMENT  —  XOR 1D–6D    [10:08:44]
================================================================================
  Device  : cuda
  Epochs  : 200
  Batch   : 32
  LR      : γ=0.001  λ=0.005  off=0.01
  SA      : β=[1, 10]  reads=1  sweeps=1000
  Samples : 100 / region  (test_size=0.2)
  Grid    : 6 dims × 9 node-sizes = 54 configurations

  --- XOR 1D  (train=160  test=40) ---

  [  1/54]  xor_dim=1  node_size=  1 (x1F )
    --- Primi 10 risultati (test set) ---
     idx      prob    pred   label   match
       0    0.4996       0       0      OK
       1    0.4996       0       1    MISS
       2    0.4997       0       1    MISS
       3    0.4997       0       1    MISS
       4    0.4996       0       0      OK
       5    0.4996       0       1    MISS
       6    0.4997       0       0      OK
       7    0.4997       0       1    MISS
       8    0.4997       0       1    MISS
       9    0.4996       0       0      OK
    acc=0.5000  f1=0.0000  auc=0.5900  best_val=0.6250
    min_loss=0.6931  final_loss=0.6933  time=27.2s  params=3

  [  2/54]  xor_dim=1  node_size=  2 (x2F )
    --- Primi 10 risultati (test set) ---
     idx      prob    pred   label   match
       0    0.5074       1       0    MISS
       1    0.5084       1       1      OK
       2    0.4961       0       1    MISS
       3    0.4913       0       1    MISS
       4    0.5107       1       0    MISS
       5    0.5172       1       1      OK
       6    0.5011       1       0    MISS
       7    0.4970       0       1    MISS
       8    0.5014       1       1      OK
       9    0.5064       1       0    MISS
    acc=0.3750  f1=0.4186  auc=0.4325  best_val=0.5500
    min_loss=0.6928  final_loss=0.6929  time=26.7s  params=6

  [  3/54]  xor_dim=1  node_size=  3 (x3F )
    --- Primi 10 risultati (test set) ---
     idx      prob    pred   label   match
       0    0.5122       1       0    MISS
       1    0.5153       1       1      OK
       2    0.4890       0       1    MISS
       3    0.4787       0       1    MISS
       4    0.5194       1       0    MISS
       5    0.5296       1       1      OK
       6    0.4987       0       0      OK
       7    0.4908       0       1    MISS
       8    0.5003       1       1      OK
       9    0.5100       1       0    MISS
    acc=0.4250  f1=0.4390  auc=0.4400  best_val=0.6250
    min_loss=0.6921  final_loss=0.6924  time=27.4s  params=11

  [  4/54]  xor_dim=1  node_size=  4 (x4F )
    --- Primi 10 risultati (test set) ---
     idx      prob    pred   label   match
       0    0.5208       1       0    MISS
       1    0.5261       1       1      OK
       2    0.4851       0       1    MISS
       3    0.4682       0       1    MISS
       4    0.5267       1       0    MISS
       5    0.5428       1       1      OK
       6    0.4998       0       0      OK
       7    0.4881       0       1    MISS
       8    0.5037       1       1      OK
       9    0.5184       1       0    MISS
    acc=0.4000  f1=0.4286  auc=0.4625  best_val=0.6250
    min_loss=0.6908  final_loss=0.6909  time=28.1s  params=18

  [  5/54]  xor_dim=1  node_size= 10 (10  )
    --- Primi 10 risultati (test set) ---
     idx      prob    pred   label   match
       0    0.5353       1       0    MISS
       1    0.6125       1       1      OK
       2    0.4597       0       1    MISS
       3    0.4005       0       1    MISS
       4    0.5774       1       0    MISS
       5    0.6844       1       1      OK
       6    0.4564       0       0      OK
       7    0.4705       0       1    MISS
       8    0.5261       1       1      OK
       9    0.5227       1       0    MISS
    acc=0.4500  f1=0.4500  auc=0.5625  best_val=0.5750
    min_loss=0.6538  final_loss=0.6561  time=56.3s  params=102

  [  6/54]  xor_dim=1  node_size= 20 (20  )
    --- Primi 10 risultati (test set) ---
     idx      prob    pred   label   match
       0    0.4403       0       0      OK
       1    0.8105       1       1      OK
       2    0.5288       1       1      OK
       3    0.3996       0       1    MISS
       4    0.5321       1       0    MISS
       5    0.7658       1       1      OK
       6    0.2843       0       0      OK
       7    0.5521       1       1      OK
       8    0.6659       1       1      OK
       9    0.4136       0       0      OK
    acc=0.6250  f1=0.6154  auc=0.7100  best_val=0.6500
    min_loss=0.4970  final_loss=0.4978  time=43.1s  params=402

  [  7/54]  xor_dim=1  node_size= 30 (30  )
    --- Primi 10 risultati (test set) ---
     idx      prob    pred   label   match
       0    0.2748       0       0      OK
       1    0.8639       1       1      OK
       2    0.8794       1       1      OK
       3    0.5918       1       1      OK
       4    0.3940       0       0      OK
       5    0.7335       1       1      OK
       6    0.1223       0       0      OK
       7    0.8691       1       1      OK
       8    0.8878       1       1      OK
       9    0.2441       0       0      OK
    acc=0.8000  f1=0.8000  auc=0.9000  best_val=0.8250
    min_loss=0.3160  final_loss=0.3179  time=96.7s  params=902

  [  8/54]  xor_dim=1  node_size= 40 (40  )
    --- Primi 10 risultati (test set) ---
     idx      prob    pred   label   match
       0    0.1167       0       0      OK
       1    0.8830       1       1      OK
       2    0.9278       1       1      OK
       3    0.8578       1       1      OK
       4    0.2119       0       0      OK
       5    0.6393       1       1      OK
       6    0.0291       0       0      OK
       7    0.9347       1       1      OK
       8    0.9258       1       1      OK
       9    0.0960       0       0      OK
    acc=0.9000  f1=0.9048  auc=0.9875  best_val=0.9000
    min_loss=0.1818  final_loss=0.1818  time=80.6s  params=1602

  [  9/54]  xor_dim=1  node_size= 50 (50  )
    --- Primi 10 risultati (test set) ---
     idx      prob    pred   label   match
       0    0.0676       0       0      OK
       1    0.9324       1       1      OK
       2    0.9549       1       1      OK
       3    0.9066       1       1      OK
       4    0.1719       0       0      OK
       5    0.6604       1       1      OK
       6    0.0121       0       0      OK
       7    0.9589       1       1      OK
       8    0.9571       1       1      OK
       9    0.0517       0       0      OK
    acc=0.9250  f1=0.9302  auc=0.9950  best_val=0.9750
    min_loss=0.1355  final_loss=0.1358  time=188.8s  params=2502

  --- XOR 2D  (train=320  test=80) ---

  [ 10/54]  xor_dim=2  node_size=  2 (x1F )
    --- Primi 10 risultati (test set) ---
     idx      prob    pred   label   match
       0    0.1279       0       0      OK
       1    0.9705       1       1      OK
       2    0.5809       1       1      OK
       3    0.1620       0       0      OK
       4    0.1691       0       0      OK
       5    0.3650       0       0      OK
       6    0.1856       0       0      OK
       7    0.0941       0       0      OK
       8    0.3690       0       0      OK
       9    0.8871       1       1      OK
    acc=0.8375  f1=0.8219  auc=0.8944  best_val=0.8375
    min_loss=0.3787  final_loss=0.3823  time=131.0s  params=6

  [ 11/54]  xor_dim=2  node_size=  4 (x2F )
    --- Primi 10 risultati (test set) ---
     idx      prob    pred   label   match
       0    0.0844       0       0      OK
       1    0.9865       1       1      OK
       2    0.5843       1       1      OK
       3    0.1435       0       0      OK
       4    0.1207       0       0      OK
       5    0.3503       0       0      OK
       6    0.1920       0       0      OK
       7    0.0572       0       0      OK
       8    0.3550       0       0      OK
       9    0.9202       1       1      OK
    acc=0.8375  f1=0.8219  auc=0.8925  best_val=0.8500
    min_loss=0.3613  final_loss=0.3613  time=122.2s  params=18

  [ 12/54]  xor_dim=2  node_size=  6 (x3F )
    --- Primi 10 risultati (test set) ---
     idx      prob    pred   label   match
       0    0.0698       0       0      OK
       1    0.9905       1       1      OK
       2    0.5779       1       1      OK
       3    0.1226       0       0      OK
       4    0.1029       0       0      OK
       5    0.3565       0       0      OK
       6    0.2030       0       0      OK
       7    0.0508       0       0      OK
       8    0.3615       0       0      OK
       9    0.9280       1       1      OK
    acc=0.8500  f1=0.8421  auc=0.8938  best_val=0.8500
    min_loss=0.3597  final_loss=0.3597  time=90.4s  params=38

  [ 13/54]  xor_dim=2  node_size=  8 (x4F )
    --- Primi 10 risultati (test set) ---
     idx      prob    pred   label   match
       0    0.0603       0       0      OK
       1    0.9920       1       1      OK
       2    0.5601       1       1      OK
       3    0.1189       0       0      OK
       4    0.0903       0       0      OK
       5    0.3613       0       0      OK
       6    0.2122       0       0      OK
       7    0.0390       0       0      OK
       8    0.3665       0       0      OK
       9    0.9275       1       1      OK
    acc=0.8250  f1=0.8205  auc=0.8931  best_val=0.8250
    min_loss=0.3593  final_loss=0.3596  time=74.8s  params=66

  [ 14/54]  xor_dim=2  node_size= 10 (10  )
    --- Primi 10 risultati (test set) ---
     idx      prob    pred   label   match
       0    0.0558       0       0      OK
       1    0.9928       1       1      OK
       2    0.5469       1       1      OK
       3    0.0953       0       0      OK
       4    0.0840       0       0      OK
       5    0.3751       0       0      OK
       6    0.1901       0       0      OK
       7    0.0502       0       0      OK
       8    0.3804       0       0      OK
       9    0.9255       1       1      OK
    acc=0.8250  f1=0.8250  auc=0.8913  best_val=0.8500
    min_loss=0.3611  final_loss=0.3615  time=87.7s  params=102

  [ 15/54]  xor_dim=2  node_size= 20 (20  )
    --- Primi 10 risultati (test set) ---
     idx      prob    pred   label   match
       0    0.0484       0       0      OK
       1    0.9929       1       1      OK
       2    0.4658       0       1    MISS
       3    0.0857       0       0      OK
       4    0.0699       0       0      OK
       5    0.4436       0       0      OK
       6    0.2574       0       0      OK
       7    0.0733       0       0      OK
       8    0.4489       0       0      OK
       9    0.8889       1       1      OK
    acc=0.7875  f1=0.7901  auc=0.8719  best_val=0.8000
    min_loss=0.3801  final_loss=0.3820  time=100.9s  params=402

  [ 16/54]  xor_dim=2  node_size= 30 (30  )
    --- Primi 10 risultati (test set) ---
     idx      prob    pred   label   match
       0    0.0755       0       0      OK
       1    0.9900       1       1      OK
       2    0.3835       0       1    MISS
       3    0.0963       0       0      OK
       4    0.0647       0       0      OK
       5    0.4900       0       0      OK
       6    0.3003       0       0      OK
       7    0.1081       0       0      OK
       8    0.4948       0       0      OK
       9    0.8192       1       1      OK
    acc=0.7500  f1=0.7561  auc=0.8494  best_val=0.7625
    min_loss=0.4094  final_loss=0.4095  time=132.2s  params=902

  [ 17/54]  xor_dim=2  node_size= 40 (40  )
    --- Primi 10 risultati (test set) ---
     idx      prob    pred   label   match
       0    0.1355       0       0      OK
       1    0.9897       1       1      OK
       2    0.3817       0       1    MISS
       3    0.1523       0       0      OK
       4    0.1004       0       0      OK
       5    0.5932       1       0    MISS
       6    0.4038       0       0      OK
       7    0.1831       0       0      OK
       8    0.5974       1       0    MISS
       9    0.7883       1       1      OK
    acc=0.6875  f1=0.7126  auc=0.8194  best_val=0.7125
    min_loss=0.4420  final_loss=0.4447  time=162.8s  params=1602

  [ 18/54]  xor_dim=2  node_size= 50 (50  )
    --- Primi 10 risultati (test set) ---
     idx      prob    pred   label   match
       0    0.1628       0       0      OK
       1    0.9811       1       1      OK
       2    0.3360       0       1    MISS
       3    0.2118       0       0      OK
       4    0.1452       0       0      OK
       5    0.6104       1       0    MISS
       6    0.3582       0       0      OK
       7    0.2175       0       0      OK
       8    0.6200       1       0    MISS
       9    0.6797       1       1      OK
    acc=0.6625  f1=0.6747  auc=0.7944  best_val=0.7000
    min_loss=0.4683  final_loss=0.4774  time=180.9s  params=2502

  --- XOR 3D  (train=640  test=160) ---

  [ 19/54]  xor_dim=3  node_size=  3 (x1F )
    --- Primi 10 risultati (test set) ---
     idx      prob    pred   label   match
       0    0.4958       0       1    MISS
       1    0.4961       0       0      OK
       2    0.4976       0       0      OK
       3    0.4953       0       1    MISS
       4    0.4949       0       1    MISS
       5    0.4958       0       0      OK
       6    0.4946       0       1    MISS
       7    0.4960       0       0      OK
       8    0.4945       0       0      OK
       9    0.4923       0       1    MISS
    acc=0.5000  f1=0.0000  auc=0.4495  best_val=0.5375
    min_loss=0.6930  final_loss=0.6946  time=108.8s  params=11

  [ 20/54]  xor_dim=3  node_size=  6 (x2F )
    --- Primi 10 risultati (test set) ---
     idx      prob    pred   label   match
       0    0.5022       1       1      OK
       1    0.4988       0       0      OK
       2    0.4802       0       0      OK
       3    0.5031       1       1      OK
       4    0.5042       1       1      OK
       5    0.5041       1       0    MISS
       6    0.5016       1       1      OK
       7    0.4849       0       0      OK
       8    0.5205       1       0    MISS
       9    0.5288       1       1      OK
    acc=0.5000  f1=0.5238  auc=0.5169  best_val=0.5375
    min_loss=0.6925  final_loss=0.6931  time=117.0s  params=38

  [ 21/54]  xor_dim=3  node_size=  9 (x3F )
    --- Primi 10 risultati (test set) ---
     idx      prob    pred   label   match
       0    0.5012       1       1      OK
       1    0.5037       1       0    MISS
       2    0.4542       0       0      OK
       3    0.5196       1       1      OK
       4    0.5062       1       1      OK
       5    0.5132       1       0    MISS
       6    0.4864       0       1    MISS
       7    0.4797       0       0      OK
       8    0.5409       1       0    MISS
       9    0.5632       1       1      OK
    acc=0.4875  f1=0.4938  auc=0.5173  best_val=0.5500
    min_loss=0.6914  final_loss=0.6925  time=125.5s  params=83

  [ 22/54]  xor_dim=3  node_size= 12 (x4F )
    --- Primi 10 risultati (test set) ---
     idx      prob    pred   label   match
       0    0.4830       0       1    MISS
       1    0.4872       0       0      OK
       2    0.4428       0       0      OK
       3    0.5127       1       1      OK
       4    0.4990       0       1    MISS
       5    0.5060       1       0    MISS
       6    0.4839       0       1    MISS
       7    0.4779       0       0      OK
       8    0.5240       1       0    MISS
       9    0.5586       1       1      OK
    acc=0.4875  f1=0.4384  auc=0.5267  best_val=0.5437
    min_loss=0.6913  final_loss=0.6928  time=136.7s  params=146

  [ 23/54]  xor_dim=3  node_size= 10 (10  )
    --- Primi 10 risultati (test set) ---
     idx      prob    pred   label   match
       0    0.5124       1       1      OK
       1    0.5289       1       0    MISS
       2    0.5312       1       0    MISS
       3    0.5176       1       1      OK
       4    0.5125       1       1      OK
       5    0.5150       1       0    MISS
       6    0.4945       0       1    MISS
       7    0.4845       0       0      OK
       8    0.5026       1       0    MISS
       9    0.4495       0       1    MISS
    acc=0.4750  f1=0.4940  auc=0.4627  best_val=0.5250
    min_loss=0.6914  final_loss=0.6929  time=129.2s  params=102

  [ 24/54]  xor_dim=3  node_size= 20 (20  )
    --- Primi 10 risultati (test set) ---
     idx      prob    pred   label   match
       0    0.4601       0       1    MISS
       1    0.4613       0       0      OK
       2    0.4105       0       0      OK
       3    0.5183       1       1      OK
       4    0.5030       1       1      OK
       5    0.5098       1       0    MISS
       6    0.4663       0       1    MISS
       7    0.4384       0       0      OK
       8    0.5235       1       0    MISS
       9    0.5678       1       1      OK
    acc=0.5250  f1=0.4795  auc=0.5875  best_val=0.5563
    min_loss=0.6812  final_loss=0.6826  time=169.1s  params=402

  [ 25/54]  xor_dim=3  node_size= 30 (30  )
    --- Primi 10 risultati (test set) ---
     idx      prob    pred   label   match
       0    0.4844       0       1    MISS
       1    0.4630       0       0      OK
       2    0.3741       0       0      OK
       3    0.5661       1       1      OK
       4    0.5171       1       1      OK
       5    0.5435       1       0    MISS
       6    0.5262       1       1      OK
       7    0.4186       0       0      OK
       8    0.5726       1       0    MISS
       9    0.6827       1       1      OK
    acc=0.6000  f1=0.6098  auc=0.6381  best_val=0.6062
    min_loss=0.6703  final_loss=0.6717  time=222.5s  params=902

  [ 26/54]  xor_dim=3  node_size= 40 (40  )
    --- Primi 10 risultati (test set) ---
     idx      prob    pred   label   match
       0    0.4832       0       1    MISS
       1    0.4464       0       0      OK
       2    0.3762       0       0      OK
       3    0.5851       1       1      OK
       4    0.5268       1       1      OK
       5    0.5058       1       0    MISS
       6    0.5376       1       1      OK
       7    0.4235       0       0      OK
       8    0.5649       1       0    MISS
       9    0.7704       1       1      OK
    acc=0.5938  f1=0.6243  auc=0.6495  best_val=0.6188
    min_loss=0.6670  final_loss=0.6707  time=291.5s  params=1602

  [ 27/54]  xor_dim=3  node_size= 50 (50  )
    --- Primi 10 risultati (test set) ---
     idx      prob    pred   label   match
       0    0.5234       1       1      OK
       1    0.4953       0       0      OK
       2    0.3532       0       0      OK
       3    0.5620       1       1      OK
       4    0.5362       1       1      OK
       5    0.4713       0       0      OK
       6    0.5408       1       1      OK
       7    0.3955       0       0      OK
       8    0.6127       1       0    MISS
       9    0.8171       1       1      OK
    acc=0.6062  f1=0.6228  auc=0.6456  best_val=0.6125
    min_loss=0.6638  final_loss=0.6698  time=375.6s  params=2502

  --- XOR 4D  (train=1280  test=320) ---

  [ 28/54]  xor_dim=4  node_size=  4 (x1F )
    --- Primi 10 risultati (test set) ---
     idx      prob    pred   label   match
       0    0.3461       0       1    MISS
       1    0.5754       1       1      OK
       2    0.5467       1       1      OK
       3    0.4421       0       0      OK
       4    0.4424       0       1    MISS
       5    0.5586       1       0    MISS
       6    0.5668       1       0    MISS
       7    0.4376       0       0      OK
       8    0.4739       0       0      OK
       9    0.5690       1       0    MISS
    acc=0.6094  f1=0.6269  auc=0.6193  best_val=0.6406
    min_loss=0.6773  final_loss=0.6786  time=219.2s  params=18

  [ 29/54]  xor_dim=4  node_size=  8 (x2F )
    --- Primi 10 risultati (test set) ---
     idx      prob    pred   label   match
       0    0.2510       0       1    MISS
       1    0.6587       1       1      OK
       2    0.5406       1       1      OK
       3    0.3423       0       0      OK
       4    0.4789       0       1    MISS
       5    0.4614       0       0      OK
       6    0.6699       1       0    MISS
       7    0.2782       0       0      OK
       8    0.3973       0       0      OK
       9    0.7452       1       0    MISS
    acc=0.6813  f1=0.6731  auc=0.6888  best_val=0.6875
    min_loss=0.6433  final_loss=0.6472  time=241.7s  params=66

  [ 30/54]  xor_dim=4  node_size= 12 (x3F )
    --- Primi 10 risultati (test set) ---
     idx      prob    pred   label   match
       0    0.3637       0       1    MISS
       1    0.7681       1       1      OK
       2    0.3996       0       1    MISS
       3    0.3366       0       0      OK
       4    0.5492       1       1      OK
       5    0.3002       0       0      OK
       6    0.6778       1       0    MISS
       7    0.2075       0       0      OK
       8    0.3794       0       0      OK
       9    0.8358       1       0    MISS
    acc=0.6875  f1=0.6914  auc=0.7211  best_val=0.6906
    min_loss=0.6297  final_loss=0.6313  time=266.9s  params=146

  [ 31/54]  xor_dim=4  node_size= 16 (x4F )
    --- Primi 10 risultati (test set) ---
     idx      prob    pred   label   match
       0    0.3376       0       1    MISS
       1    0.6816       1       1      OK
       2    0.5569       1       1      OK
       3    0.3382       0       0      OK
       4    0.5288       1       1      OK
       5    0.3788       0       0      OK
       6    0.6624       1       0    MISS
       7    0.2122       0       0      OK
       8    0.4434       0       0      OK
       9    0.8070       1       0    MISS
    acc=0.6406  f1=0.6230  auc=0.6778  best_val=0.6531
    min_loss=0.6337  final_loss=0.6340  time=296.3s  params=258

  [ 32/54]  xor_dim=4  node_size= 10 (10  )
    --- Primi 10 risultati (test set) ---
     idx      prob    pred   label   match
       0    0.3467       0       1    MISS
       1    0.6227       1       1      OK
       2    0.4355       0       1    MISS
       3    0.3652       0       0      OK
       4    0.5449       1       1      OK
       5    0.4574       0       0      OK
       6    0.6617       1       0    MISS
       7    0.2120       0       0      OK
       8    0.4196       0       0      OK
       9    0.7865       1       0    MISS
    acc=0.6438  f1=0.6275  auc=0.6878  best_val=0.6562
    min_loss=0.6416  final_loss=0.6426  time=255.3s  params=102

  [ 33/54]  xor_dim=4  node_size= 20 (20  )
    --- Primi 10 risultati (test set) ---
     idx      prob    pred   label   match
       0    0.3967       0       1    MISS
       1    0.7474       1       1      OK
       2    0.6356       1       1      OK
       3    0.4498       0       0      OK
       4    0.6100       1       1      OK
       5    0.5650       1       0    MISS
       6    0.7511       1       0    MISS
       7    0.3443       0       0      OK
       8    0.5661       1       0    MISS
       9    0.8231       1       0    MISS
    acc=0.6188  f1=0.6772  auc=0.6915  best_val=0.6719
    min_loss=0.6357  final_loss=0.6362  time=329.1s  params=402

  [ 34/54]  xor_dim=4  node_size= 30 (30  )
    --- Primi 10 risultati (test set) ---
     idx      prob    pred   label   match
       0    0.4315       0       1    MISS
       1    0.5826       1       1      OK
       2    0.4117       0       1    MISS
       3    0.3452       0       0      OK
       4    0.6143       1       1      OK
       5    0.3955       0       0      OK
       6    0.7192       1       0    MISS
       7    0.2505       0       0      OK
       8    0.4618       0       0      OK
       9    0.8061       1       0    MISS
    acc=0.6312  f1=0.6335  auc=0.6943  best_val=0.6594
    min_loss=0.6327  final_loss=0.6398  time=429.2s  params=902

  [ 35/54]  xor_dim=4  node_size= 40 (40  )
    --- Primi 10 risultati (test set) ---
     idx      prob    pred   label   match
       0    0.2522       0       1    MISS
       1    0.6292       1       1      OK
       2    0.4335       0       1    MISS
       3    0.3081       0       0      OK
       4    0.5417       1       1      OK
       5    0.4666       0       0      OK
       6    0.7185       1       0    MISS
       7    0.2602       0       0      OK
       8    0.4096       0       0      OK
       9    0.7769       1       0    MISS
    acc=0.6438  f1=0.6275  auc=0.6934  best_val=0.6594
    min_loss=0.6341  final_loss=0.6357  time=559.4s  params=1602

  [ 36/54]  xor_dim=4  node_size= 50 (50  )
    --- Primi 10 risultati (test set) ---
     idx      prob    pred   label   match
       0    0.2173       0       1    MISS
       1    0.5703       1       1      OK
       2    0.4917       0       1    MISS
       3    0.2782       0       0      OK
       4    0.5039       1       1      OK
       5    0.4700       0       0      OK
       6    0.6970       1       0    MISS
       7    0.2735       0       0      OK
       8    0.3927       0       0      OK
       9    0.7134       1       0    MISS
    acc=0.6500  f1=0.6291  auc=0.6784  best_val=0.6781
    min_loss=0.6400  final_loss=0.6421  time=715.3s  params=2502

  --- XOR 5D  (train=2560  test=640) ---

  [ 37/54]  xor_dim=5  node_size=  5 (x1F )
    --- Primi 10 risultati (test set) ---
     idx      prob    pred   label   match
       0    0.5328       1       0    MISS
       1    0.5053       1       0    MISS
       2    0.4393       0       1    MISS
       3    0.5049       1       0    MISS
       4    0.5028       1       1      OK
       5    0.4594       0       0      OK
       6    0.4963       0       1    MISS
       7    0.4637       0       0      OK
       8    0.4854       0       1    MISS
       9    0.4385       0       0      OK
    acc=0.4656  f1=0.3849  auc=0.4623  best_val=0.5016
    min_loss=0.6905  final_loss=0.6916  time=458.5s  params=27

  [ 38/54]  xor_dim=5  node_size= 10 (x2F )
    --- Primi 10 risultati (test set) ---
     idx      prob    pred   label   match
       0    0.5836       1       0    MISS
       1    0.5583       1       0    MISS
       2    0.4463       0       1    MISS
       3    0.5516       1       0    MISS
       4    0.5433       1       1      OK
       5    0.4825       0       0      OK
       6    0.5309       1       1      OK
       7    0.5214       1       0    MISS
       8    0.5217       1       1      OK
       9    0.4575       0       0      OK
    acc=0.4859  f1=0.6002  auc=0.4620  best_val=0.4984
    min_loss=0.6900  final_loss=0.6915  time=554.6s  params=102

  [ 39/54]  xor_dim=5  node_size= 15 (x3F )
    --- Primi 10 risultati (test set) ---
     idx      prob    pred   label   match
       0    0.5018       1       0    MISS
       1    0.4996       0       0      OK
       2    0.4089       0       1    MISS
       3    0.4854       0       0      OK
       4    0.4731       0       1    MISS
       5    0.4513       0       0      OK
       6    0.4587       0       1    MISS
       7    0.4670       0       0      OK
       8    0.4599       0       1    MISS
       9    0.4070       0       0      OK
    acc=0.4734  f1=0.2875  auc=0.4606  best_val=0.5000
    min_loss=0.6896  final_loss=0.6915  time=603.3s  params=227

  [ 40/54]  xor_dim=5  node_size= 20 (x4F )
    --- Primi 10 risultati (test set) ---
     idx      prob    pred   label   match
       0    0.5730       1       0    MISS
       1    0.5393       1       0    MISS
       2    0.4315       0       1    MISS
       3    0.5551       1       0    MISS
       4    0.5421       1       1      OK
       5    0.5047       1       0    MISS
       6    0.5062       1       1      OK
       7    0.4950       0       0      OK
       8    0.4982       0       1    MISS
       9    0.4420       0       0      OK
    acc=0.4969  f1=0.5829  auc=0.4697  best_val=0.5000
    min_loss=0.6890  final_loss=0.6914  time=688.3s  params=402

  [ 41/54]  xor_dim=5  node_size= 10 (10  )
    --- Primi 10 risultati (test set) ---
     idx      prob    pred   label   match
       0    0.5836       1       0    MISS
       1    0.5583       1       0    MISS
       2    0.4463       0       1    MISS
       3    0.5516       1       0    MISS
       4    0.5433       1       1      OK
       5    0.4825       0       0      OK
       6    0.5309       1       1      OK
       7    0.5214       1       0    MISS
       8    0.5217       1       1      OK
       9    0.4575       0       0      OK
    acc=0.4859  f1=0.6002  auc=0.4620  best_val=0.4984
    min_loss=0.6900  final_loss=0.6915  time=529.3s  params=102

  [ 42/54]  xor_dim=5  node_size= 20 (20  )
    --- Primi 10 risultati (test set) ---
     idx      prob    pred   label   match
       0    0.5730       1       0    MISS
       1    0.5393       1       0    MISS
       2    0.4315       0       1    MISS
       3    0.5551       1       0    MISS
       4    0.5421       1       1      OK
       5    0.5047       1       0    MISS
       6    0.5062       1       1      OK
       7    0.4950       0       0      OK
       8    0.4982       0       1    MISS
       9    0.4420       0       0      OK
    acc=0.4969  f1=0.5829  auc=0.4697  best_val=0.5000
    min_loss=0.6890  final_loss=0.6914  time=654.3s  params=402

  [ 43/54]  xor_dim=5  node_size= 30 (30  )
    --- Primi 10 risultati (test set) ---
     idx      prob    pred   label   match
       0    0.5217       1       0    MISS
       1    0.5128       1       0    MISS
       2    0.3953       0       1    MISS
       3    0.4943       0       0      OK
       4    0.4981       0       1    MISS
       5    0.4588       0       0      OK
       6    0.4555       0       1    MISS
       7    0.4564       0       0      OK
       8    0.4538       0       1    MISS
       9    0.3784       0       0      OK
    acc=0.5047  f1=0.4030  auc=0.4855  best_val=0.5062
    min_loss=0.6880  final_loss=0.6888  time=865.3s  params=902

  [ 44/54]  xor_dim=5  node_size= 40 (40  )
    --- Primi 10 risultati (test set) ---
     idx      prob    pred   label   match
       0    0.4519       0       0      OK
       1    0.4343       0       0      OK
       2    0.3227       0       1    MISS
       3    0.3930       0       0      OK
       4    0.4336       0       1    MISS
       5    0.3877       0       0      OK
       6    0.3832       0       1    MISS
       7    0.3751       0       0      OK
       8    0.3853       0       1    MISS
       9    0.2935       0       0      OK
    acc=0.4984  f1=0.0696  auc=0.5004  best_val=0.5203
    min_loss=0.6843  final_loss=0.6866  time=1136.4s  params=1602

  [ 45/54]  xor_dim=5  node_size= 50 (50  )
    --- Primi 10 risultati (test set) ---
     idx      prob    pred   label   match
       0    0.6098       1       0    MISS
       1    0.6290       1       0    MISS
       2    0.4080       0       1    MISS
       3    0.5526       1       0    MISS
       4    0.5809       1       1      OK
       5    0.5814       1       0    MISS
       6    0.4930       0       1    MISS
       7    0.4746       0       0      OK
       8    0.5399       1       1      OK
       9    0.3372       0       0      OK
    acc=0.5172  f1=0.5961  auc=0.5414  best_val=0.5422
    min_loss=0.6759  final_loss=0.6811  time=1431.3s  params=2502

  --- XOR 6D  (train=5120  test=1280) ---

  [ 46/54]  xor_dim=6  node_size=  6 (x1F )
    --- Primi 10 risultati (test set) ---
     idx      prob    pred   label   match
       0    0.4824       0       0      OK
       1    0.4593       0       1    MISS
       2    0.4816       0       1    MISS
       3    0.4937       0       1    MISS
       4    0.4925       0       1    MISS
       5    0.4875       0       1    MISS
       6    0.5105       1       0    MISS
       7    0.4977       0       0      OK
       8    0.4703       0       1    MISS
       9    0.5137       1       1      OK
    acc=0.5125  f1=0.4000  auc=0.5100  best_val=0.5234
    min_loss=0.6914  final_loss=0.6927  time=907.5s  params=38

  [ 47/54]  xor_dim=6  node_size= 12 (x2F )
    --- Primi 10 risultati (test set) ---
     idx      prob    pred   label   match
       0    0.5295       1       0    MISS
       1    0.5098       1       1      OK
       2    0.4841       0       1    MISS
       3    0.5202       1       1      OK
       4    0.5603       1       1      OK
       5    0.5033       1       1      OK
       6    0.6033       1       0    MISS
       7    0.5309       1       0    MISS
       8    0.5718       1       1      OK
       9    0.6117       1       1      OK
    acc=0.5516  f1=0.6358  auc=0.5794  best_val=0.5625
    min_loss=0.6861  final_loss=0.6863  time=1153.6s  params=146

  [ 48/54]  xor_dim=6  node_size= 18 (x3F )
    --- Primi 10 risultati (test set) ---
     idx      prob    pred   label   match
       0    0.5667       1       0    MISS
       1    0.5000       1       1      OK
       2    0.4945       0       1    MISS
       3    0.5905       1       1      OK
       4    0.5490       1       1      OK
       5    0.5512       1       1      OK
       6    0.5943       1       0    MISS
       7    0.5500       1       0    MISS
       8    0.5730       1       1      OK
       9    0.5822       1       1      OK
    acc=0.5281  f1=0.6392  auc=0.5597  best_val=0.5539
    min_loss=0.6869  final_loss=0.6883  time=1234.3s  params=326

  [ 49/54]  xor_dim=6  node_size= 24 (x4F )
    --- Primi 10 risultati (test set) ---
     idx      prob    pred   label   match
       0    0.5316       1       0    MISS
       1    0.4850       0       1    MISS
       2    0.4617       0       1    MISS
       3    0.5595       1       1      OK
       4    0.5540       1       1      OK
       5    0.5558       1       1      OK
       6    0.6604       1       0    MISS
       7    0.5943       1       0    MISS
       8    0.5924       1       1      OK
       9    0.6421       1       1      OK
    acc=0.5430  f1=0.6360  auc=0.5795  best_val=0.5758
    min_loss=0.6809  final_loss=0.6824  time=1486.5s  params=578

  [ 50/54]  xor_dim=6  node_size= 10 (10  )
    --- Primi 10 risultati (test set) ---
     idx      prob    pred   label   match
       0    0.4984       0       0      OK
       1    0.4448       0       1    MISS
       2    0.5247       1       1      OK
       3    0.5184       1       1      OK
       4    0.4967       0       1    MISS
       5    0.5241       1       1      OK
       6    0.4122       0       0      OK
       7    0.4679       0       0      OK
       8    0.4771       0       1    MISS
       9    0.4895       0       1    MISS
    acc=0.5039  f1=0.3120  auc=0.5096  best_val=0.5156
    min_loss=0.6905  final_loss=0.6911  time=1018.8s  params=102

  [ 51/54]  xor_dim=6  node_size= 20 (20  )
    --- Primi 10 risultati (test set) ---
     idx      prob    pred   label   match
       0    0.5251       1       0    MISS
       1    0.5501       1       1      OK
       2    0.4869       0       1    MISS
       3    0.5164       1       1      OK
       4    0.5328       1       1      OK
       5    0.5094       1       1      OK
       6    0.6410       1       0    MISS
       7    0.5287       1       0    MISS
       8    0.5608       1       1      OK
       9    0.6007       1       1      OK
    acc=0.5437  f1=0.6345  auc=0.5901  best_val=0.5719
    min_loss=0.6826  final_loss=0.6866  time=1291.2s  params=402

  [ 52/54]  xor_dim=6  node_size= 30 (30  )
    --- Primi 10 risultati (test set) ---
     idx      prob    pred   label   match
       0    0.4719       0       0      OK
       1    0.4682       0       1    MISS
       2    0.4655       0       1    MISS
       3    0.4723       0       1    MISS
       4    0.4704       0       1    MISS
       5    0.4714       0       1    MISS
       6    0.4780       0       0      OK
       7    0.4755       0       0      OK
       8    0.4705       0       1    MISS
       9    0.4740       0       1    MISS
    acc=0.5000  f1=0.0000  auc=0.5056  best_val=0.5219
    min_loss=0.6934  final_loss=0.6934  time=1825.3s  params=902

  [ 53/54]  xor_dim=6  node_size= 40 (40  )
    --- Primi 10 risultati (test set) ---
     idx      prob    pred   label   match
       0    0.5161       1       0    MISS
       1    0.5161       1       1      OK
       2    0.5188       1       1      OK
       3    0.5166       1       1      OK
       4    0.5168       1       1      OK
       5    0.5178       1       1      OK
       6    0.5110       1       0    MISS
       7    0.5143       1       0    MISS
       8    0.5156       1       1      OK
       9    0.5143       1       1      OK
    acc=0.5000  f1=0.6667  auc=0.4902  best_val=0.5016
    min_loss=0.6936  final_loss=0.6948  time=2518.6s  params=1602

  [ 54/54]  xor_dim=6  node_size= 50 (50  )
    --- Primi 10 risultati (test set) ---
     idx      prob    pred   label   match
       0    0.4500       0       0      OK
       1    0.4517       0       1    MISS
       2    0.4549       0       1    MISS
       3    0.4508       0       1    MISS
       4    0.4523       0       1    MISS
       5    0.4520       0       1    MISS
       6    0.4452       0       0      OK
       7    0.4471       0       0      OK
       8    0.4523       0       1    MISS
       9    0.4487       0       1    MISS
    acc=0.5000  f1=0.0000  auc=0.4976  best_val=0.5258
    min_loss=0.6933  final_loss=0.6945  time=3266.6s  params=2502

  FullIsingModule matrix completed in 28283.3s (471.4 min)

──────────────────────────────────────────────────────────────────────
  ACCURACY MATRIX  (rows=xor_dim, cols=node_size)  FullIsingModule
──────────────────────────────────────────────────────────────────────
              x1F       x2F       x3F       x4F        10        20        30        40        50
xor_dim                                                                                          
1D       0.500000  0.375000  0.425000  0.400000  0.450000  0.625000  0.800000  0.900000  0.925000
2D       0.837500  0.837500  0.850000  0.825000  0.825000  0.787500  0.750000  0.687500  0.662500
3D       0.500000  0.500000  0.487500  0.487500  0.475000  0.525000  0.600000  0.593750  0.606250
4D       0.609375  0.681250  0.687500  0.640625  0.643750  0.618750  0.631250  0.643750  0.650000
5D       0.465625  0.485938  0.473438  0.496875  0.485938  0.496875  0.504687  0.498437  0.517188
6D       0.512500  0.551562  0.528125  0.542969  0.503906  0.543750  0.500000  0.500000  0.500000

  BEST CONFIG:  xor_dim=1D  node_size=50  →  acc=0.9250
  Output dir: plots_matrix_xor_20260318_100844/fullIsing_matrix
