
================================================================================
XOR Test Suite for Network_1L (MultiIsingNetwork)
================================================================================
Device: cpu
Batch size: 32
Epochs: 200
Model size: 50
Num Ising Perceptrons: 5
Learning rates: gamma=0.001, lambda=0.005, offset=0.01, classical=0.005
Annealing: beta=[1, 10], reads=1, sweeps=1000
Generating 1D XOR data...
Total samples: 200, Features: 1
Class distribution: [100 100]
Train set: 160 samples - Class distribution: [80 80] ([50. 50.]%)
Test set: 40 samples - Class distribution: [20 20] ([50. 50.]%)

============================================================
Training Network_1L on 1D XOR
============================================================
Model size: 50
Model created with 12516 parameters

Starting training...
Epoch 10/200 | Loss: 0.2201 | Val Acc: 0.8250
Epoch 20/200 | Loss: 0.0941 | Val Acc: 1.0000
Epoch 30/200 | Loss: 0.0491 | Val Acc: 1.0000
Epoch 40/200 | Loss: 0.0350 | Val Acc: 1.0000
Epoch 50/200 | Loss: 0.0299 | Val Acc: 1.0000
Epoch 60/200 | Loss: 0.0267 | Val Acc: 1.0000
Epoch 70/200 | Loss: 0.0245 | Val Acc: 1.0000
Epoch 80/200 | Loss: 0.0233 | Val Acc: 1.0000
Epoch 90/200 | Loss: 0.0216 | Val Acc: 1.0000
Epoch 100/200 | Loss: 0.0204 | Val Acc: 1.0000
Epoch 110/200 | Loss: 0.0197 | Val Acc: 1.0000
Epoch 120/200 | Loss: 0.0195 | Val Acc: 1.0000
Epoch 130/200 | Loss: 0.0183 | Val Acc: 1.0000
Epoch 140/200 | Loss: 0.0181 | Val Acc: 1.0000
Epoch 150/200 | Loss: 0.0176 | Val Acc: 1.0000
Epoch 160/200 | Loss: 0.0174 | Val Acc: 1.0000
Epoch 170/200 | Loss: 0.0171 | Val Acc: 1.0000
Epoch 180/200 | Loss: 0.0163 | Val Acc: 1.0000
Epoch 190/200 | Loss: 0.0176 | Val Acc: 1.0000
Epoch 200/200 | Loss: 0.0167 | Val Acc: 1.0000

============================================================
Final Evaluation
============================================================
Final Test Accuracy: 1.0000

Classification Report:
              precision    recall  f1-score   support

     Class 0       1.00      1.00      1.00        20
     Class 1       1.00      1.00      1.00        20

    accuracy                           1.00        40
   macro avg       1.00      1.00      1.00        40
weighted avg       1.00      1.00      1.00        40


Confusion Matrix:
[[20  0]
 [ 0 20]]

1D XOR | acc=1.0000 prec=1.0000 rec=1.0000 f1=1.0000 auc=1.0000 | time=364.88s

Generating 2D XOR data...
Total samples: 400, Features: 2
Class distribution: [200 200]
Train set: 320 samples - Class distribution: [160 160] ([50. 50.]%)
Test set: 80 samples - Class distribution: [40 40] ([50. 50.]%)

============================================================
Training Network_1L on 2D XOR
============================================================
Model size: 50
Model created with 12516 parameters

Starting training...
Epoch 10/200 | Loss: 0.0473 | Val Acc: 1.0000
Epoch 20/200 | Loss: 0.0375 | Val Acc: 1.0000
Epoch 30/200 | Loss: 0.0345 | Val Acc: 0.9875
Epoch 40/200 | Loss: 0.0341 | Val Acc: 1.0000
Epoch 50/200 | Loss: 0.0431 | Val Acc: 1.0000
Epoch 60/200 | Loss: 0.0324 | Val Acc: 0.9750
Epoch 70/200 | Loss: 0.0285 | Val Acc: 1.0000
Epoch 80/200 | Loss: 0.0279 | Val Acc: 0.9750
Epoch 90/200 | Loss: 0.0282 | Val Acc: 1.0000
Epoch 100/200 | Loss: 0.0265 | Val Acc: 0.9875
Epoch 110/200 | Loss: 0.0355 | Val Acc: 0.9500
Epoch 120/200 | Loss: 0.0230 | Val Acc: 0.9750
Epoch 130/200 | Loss: 0.0246 | Val Acc: 1.0000
Epoch 140/200 | Loss: 0.0243 | Val Acc: 0.9625
Epoch 150/200 | Loss: 0.0241 | Val Acc: 0.9875
Epoch 160/200 | Loss: 0.0263 | Val Acc: 0.9750
Epoch 170/200 | Loss: 0.0219 | Val Acc: 0.9750
Epoch 180/200 | Loss: 0.0219 | Val Acc: 0.9750
Epoch 190/200 | Loss: 0.0284 | Val Acc: 0.9625
Epoch 200/200 | Loss: 0.0222 | Val Acc: 0.9750

============================================================
Final Evaluation
============================================================
Final Test Accuracy: 0.9750

Classification Report:
              precision    recall  f1-score   support

     Class 0       1.00      0.95      0.97        40
     Class 1       0.95      1.00      0.98        40

    accuracy                           0.97        80
   macro avg       0.98      0.97      0.97        80
weighted avg       0.98      0.97      0.97        80


Confusion Matrix:
[[38  2]
 [ 0 40]]

2D XOR | acc=0.9750 prec=0.9524 rec=1.0000 f1=0.9756 auc=1.0000 | time=728.15s

Generating 3D XOR data...
Total samples: 800, Features: 3
Class distribution: [400 400]
Train set: 640 samples - Class distribution: [320 320] ([50. 50.]%)
Test set: 160 samples - Class distribution: [80 80] ([50. 50.]%)

============================================================
Training Network_1L on 3D XOR
============================================================
Model size: 50
Model created with 12516 parameters

Starting training...
Epoch 10/200 | Loss: 0.4254 | Val Acc: 0.7812
Epoch 20/200 | Loss: 0.2792 | Val Acc: 0.8063
Epoch 30/200 | Loss: 0.1972 | Val Acc: 0.9563
Epoch 40/200 | Loss: 0.1487 | Val Acc: 0.9375
Epoch 50/200 | Loss: 0.1293 | Val Acc: 0.9375
Epoch 60/200 | Loss: 0.1108 | Val Acc: 0.9187
Epoch 70/200 | Loss: 0.1238 | Val Acc: 0.8938
Epoch 80/200 | Loss: 0.0900 | Val Acc: 0.9375
Epoch 90/200 | Loss: 0.0734 | Val Acc: 0.9375
Epoch 100/200 | Loss: 0.0765 | Val Acc: 0.9500
Epoch 110/200 | Loss: 0.0661 | Val Acc: 0.9313
Epoch 120/200 | Loss: 0.0586 | Val Acc: 0.9375
Epoch 130/200 | Loss: 0.0724 | Val Acc: 0.9313
Epoch 140/200 | Loss: 0.0647 | Val Acc: 0.9250
Epoch 150/200 | Loss: 0.0478 | Val Acc: 0.9375
Epoch 160/200 | Loss: 0.0482 | Val Acc: 0.9250
Epoch 170/200 | Loss: 0.0547 | Val Acc: 0.9375
Epoch 180/200 | Loss: 0.0533 | Val Acc: 0.9125
Epoch 190/200 | Loss: 0.0437 | Val Acc: 0.9250
Epoch 200/200 | Loss: 0.0504 | Val Acc: 0.9313

============================================================
Final Evaluation
============================================================
Final Test Accuracy: 0.9375

Classification Report:
              precision    recall  f1-score   support

     Class 0       0.94      0.94      0.94        80
     Class 1       0.94      0.94      0.94        80

    accuracy                           0.94       160
   macro avg       0.94      0.94      0.94       160
weighted avg       0.94      0.94      0.94       160


Confusion Matrix:
[[75  5]
 [ 5 75]]

3D XOR | acc=0.9375 prec=0.9375 rec=0.9375 f1=0.9375 auc=0.9806 | time=1375.31s

Generating 4D XOR data...
Total samples: 1600, Features: 4
Class distribution: [800 800]
Train set: 1280 samples - Class distribution: [640 640] ([50. 50.]%)
Test set: 320 samples - Class distribution: [160 160] ([50. 50.]%)

============================================================
Training Network_1L on 4D XOR
============================================================
Model size: 50
Model created with 12516 parameters

Starting training...
Epoch 10/200 | Loss: 0.3580 | Val Acc: 0.8938
Epoch 20/200 | Loss: 0.2585 | Val Acc: 0.9125
Epoch 30/200 | Loss: 0.2361 | Val Acc: 0.9250
Epoch 40/200 | Loss: 0.2336 | Val Acc: 0.9000
Epoch 50/200 | Loss: 0.2026 | Val Acc: 0.9250
Epoch 60/200 | Loss: 0.1887 | Val Acc: 0.9313
Epoch 70/200 | Loss: 0.2020 | Val Acc: 0.8969
Epoch 80/200 | Loss: 0.2113 | Val Acc: 0.9125
Epoch 90/200 | Loss: 0.1864 | Val Acc: 0.9156
Epoch 100/200 | Loss: 0.1741 | Val Acc: 0.9281
Epoch 110/200 | Loss: 0.1854 | Val Acc: 0.9281
Epoch 120/200 | Loss: 0.1708 | Val Acc: 0.9156
Epoch 130/200 | Loss: 0.1454 | Val Acc: 0.9250
Epoch 140/200 | Loss: 0.1842 | Val Acc: 0.9125
Epoch 150/200 | Loss: 0.1445 | Val Acc: 0.9156
Epoch 160/200 | Loss: 0.1575 | Val Acc: 0.9125
Epoch 170/200 | Loss: 0.1582 | Val Acc: 0.9313
Epoch 180/200 | Loss: 0.1779 | Val Acc: 0.9250
Epoch 190/200 | Loss: 0.1711 | Val Acc: 0.9469
Epoch 200/200 | Loss: 0.1458 | Val Acc: 0.9375

============================================================
Final Evaluation
============================================================
Final Test Accuracy: 0.9313

Classification Report:
              precision    recall  f1-score   support

     Class 0       0.93      0.94      0.93       160
     Class 1       0.94      0.93      0.93       160

    accuracy                           0.93       320
   macro avg       0.93      0.93      0.93       320
weighted avg       0.93      0.93      0.93       320


Confusion Matrix:
[[150  10]
 [ 12 148]]

4D XOR | acc=0.9313 prec=0.9367 rec=0.9250 f1=0.9308 auc=0.9862 | time=2433.75s

Generating 5D XOR data...
Total samples: 3200, Features: 5
Class distribution: [1600 1600]
Train set: 2560 samples - Class distribution: [1280 1280] ([50. 50.]%)
Test set: 640 samples - Class distribution: [320 320] ([50. 50.]%)

============================================================
Training Network_1L on 5D XOR
============================================================
Model size: 50
Model created with 12516 parameters

Starting training...
Epoch 10/200 | Loss: 0.6823 | Val Acc: 0.5234
Epoch 20/200 | Loss: 0.6546 | Val Acc: 0.5469
Epoch 30/200 | Loss: 0.6100 | Val Acc: 0.5687
Epoch 40/200 | Loss: 0.5419 | Val Acc: 0.6719
Epoch 50/200 | Loss: 0.4751 | Val Acc: 0.6875
Epoch 60/200 | Loss: 0.4293 | Val Acc: 0.6641
Epoch 70/200 | Loss: 0.4063 | Val Acc: 0.7125
Epoch 80/200 | Loss: 0.3641 | Val Acc: 0.7625
Epoch 90/200 | Loss: 0.3179 | Val Acc: 0.7797
Epoch 100/200 | Loss: 0.3391 | Val Acc: 0.8016
Epoch 110/200 | Loss: 0.2812 | Val Acc: 0.8047
Epoch 120/200 | Loss: 0.2638 | Val Acc: 0.8187
Epoch 130/200 | Loss: 0.2635 | Val Acc: 0.7812
Epoch 140/200 | Loss: 0.2134 | Val Acc: 0.7875
Epoch 150/200 | Loss: 0.2266 | Val Acc: 0.7922
Epoch 160/200 | Loss: 0.1942 | Val Acc: 0.8047
Epoch 170/200 | Loss: 0.1876 | Val Acc: 0.8094
Epoch 180/200 | Loss: 0.1779 | Val Acc: 0.8266
Epoch 190/200 | Loss: 0.1732 | Val Acc: 0.8328
Epoch 200/200 | Loss: 0.1564 | Val Acc: 0.8547

============================================================
Final Evaluation
============================================================
Final Test Accuracy: 0.8562

Classification Report:
              precision    recall  f1-score   support

     Class 0       0.87      0.84      0.85       320
     Class 1       0.85      0.87      0.86       320

    accuracy                           0.86       640
   macro avg       0.86      0.86      0.86       640
weighted avg       0.86      0.86      0.86       640


Confusion Matrix:
[[269  51]
 [ 41 279]]

5D XOR | acc=0.8562 prec=0.8455 rec=0.8719 f1=0.8585 auc=0.9257 | time=4590.15s

Generating 6D XOR data...
Total samples: 6400, Features: 6
Class distribution: [3200 3200]
Train set: 5120 samples - Class distribution: [2560 2560] ([50. 50.]%)
Test set: 1280 samples - Class distribution: [640 640] ([50. 50.]%)

============================================================
Training Network_1L on 6D XOR
============================================================
Model size: 50
Model created with 12516 parameters

Starting training...
Epoch 10/200 | Loss: 0.5579 | Val Acc: 0.7531
Epoch 20/200 | Loss: 0.2912 | Val Acc: 0.8609
Epoch 30/200 | Loss: 0.2680 | Val Acc: 0.8797
Epoch 40/200 | Loss: 0.2444 | Val Acc: 0.8625
Epoch 50/200 | Loss: 0.2353 | Val Acc: 0.8703
Epoch 60/200 | Loss: 0.2247 | Val Acc: 0.8781
Epoch 70/200 | Loss: 0.2336 | Val Acc: 0.8766
Epoch 80/200 | Loss: 0.2578 | Val Acc: 0.8648
Epoch 90/200 | Loss: 0.2109 | Val Acc: 0.8828
Epoch 100/200 | Loss: 0.2303 | Val Acc: 0.8281
Epoch 110/200 | Loss: 0.2025 | Val Acc: 0.8523
Epoch 120/200 | Loss: 0.2096 | Val Acc: 0.8531
Epoch 130/200 | Loss: 0.2110 | Val Acc: 0.8727
Epoch 140/200 | Loss: 0.2113 | Val Acc: 0.8758
Epoch 150/200 | Loss: 0.2199 | Val Acc: 0.8672
Epoch 160/200 | Loss: 0.2075 | Val Acc: 0.8766
Epoch 170/200 | Loss: 0.2077 | Val Acc: 0.8711
Epoch 180/200 | Loss: 0.2323 | Val Acc: 0.8758
Epoch 190/200 | Loss: 0.2039 | Val Acc: 0.8711
Epoch 200/200 | Loss: 0.1939 | Val Acc: 0.8789

============================================================
Final Evaluation
============================================================
Final Test Accuracy: 0.8711

Classification Report:
              precision    recall  f1-score   support

     Class 0       0.92      0.82      0.86       640
     Class 1       0.83      0.93      0.88       640

    accuracy                           0.87      1280
   macro avg       0.88      0.87      0.87      1280
weighted avg       0.88      0.87      0.87      1280


Confusion Matrix:
[[523 117]
 [ 48 592]]

6D XOR | acc=0.8711 prec=0.8350 rec=0.9250 f1=0.8777 auc=0.9581 | time=9179.84s


================================================================================
SUMMARY - XOR Performance Across Dimensions (Network_1L)
================================================================================
1D XOR: 1.0000 | Execution time: 364.88s
2D XOR: 0.9750 | Execution time: 728.15s
3D XOR: 0.9375 | Execution time: 1375.31s
4D XOR: 0.9313 | Execution time: 2433.75s
5D XOR: 0.8562 | Execution time: 4590.15s
6D XOR: 0.8711 | Execution time: 9179.84s

Total execution time: 18672.10s (311.20 minutes)
Metrics CSV saved to: Xor_1L_20260426_151725\metrics_summary.csv

Plots saved to Xor_1L_20260426_151725

XOR Test Suite for Network_1L Completed!
