
================================================================================
XOR Test Suite for Network_1L (MultiIsingNetwork)
================================================================================
Device: cpu
Batch size: 32
Epochs: 200
Model size: 50
Num Ising Perceptrons: 5
Learning rates: gamma=0.001, lambda=0.005, offset=0.01, classical=0.005
Annealing: beta=[1, 10], reads=1, sweeps=1000
Generating 1D XOR data...
Total samples: 200, Features: 1
Class distribution: [100 100]
Train set: 160 samples - Class distribution: [80 80] ([50. 50.]%)
Test set: 40 samples - Class distribution: [20 20] ([50. 50.]%)

============================================================
Training Network_1L on 1D XOR
============================================================
Model size: 50
Model created with 12516 parameters

Starting training...
Epoch 10/200 | Loss: 0.3976 | Val Acc: 0.7750
Epoch 20/200 | Loss: 0.1874 | Val Acc: 0.9000
Epoch 30/200 | Loss: 0.1120 | Val Acc: 1.0000
Epoch 40/200 | Loss: 0.0639 | Val Acc: 1.0000
Epoch 50/200 | Loss: 0.0463 | Val Acc: 1.0000
Epoch 60/200 | Loss: 0.0384 | Val Acc: 1.0000
Epoch 70/200 | Loss: 0.0263 | Val Acc: 1.0000
Epoch 80/200 | Loss: 0.0263 | Val Acc: 1.0000
Epoch 90/200 | Loss: 0.0211 | Val Acc: 1.0000
Epoch 100/200 | Loss: 0.0197 | Val Acc: 1.0000
Epoch 110/200 | Loss: 0.0191 | Val Acc: 1.0000
Epoch 120/200 | Loss: 0.0214 | Val Acc: 1.0000
Epoch 130/200 | Loss: 0.0163 | Val Acc: 1.0000
Epoch 140/200 | Loss: 0.0190 | Val Acc: 1.0000
Epoch 150/200 | Loss: 0.0209 | Val Acc: 0.9750
Epoch 160/200 | Loss: 0.0117 | Val Acc: 0.9750
Epoch 170/200 | Loss: 0.0136 | Val Acc: 1.0000
Epoch 180/200 | Loss: 0.0174 | Val Acc: 1.0000
Epoch 190/200 | Loss: 0.0142 | Val Acc: 1.0000
Epoch 200/200 | Loss: 0.0202 | Val Acc: 1.0000

============================================================
Final Evaluation
============================================================
Final Test Accuracy: 1.0000

Classification Report:
              precision    recall  f1-score   support

     Class 0       1.00      1.00      1.00        20
     Class 1       1.00      1.00      1.00        20

    accuracy                           1.00        40
   macro avg       1.00      1.00      1.00        40
weighted avg       1.00      1.00      1.00        40


Confusion Matrix:
[[20  0]
 [ 0 20]]

1D XOR | acc=1.0000 prec=1.0000 rec=1.0000 f1=1.0000 auc=1.0000 | time=136.47s

Generating 2D XOR data...
Total samples: 400, Features: 2
Class distribution: [200 200]
Train set: 320 samples - Class distribution: [160 160] ([50. 50.]%)
Test set: 80 samples - Class distribution: [40 40] ([50. 50.]%)

============================================================
Training Network_1L on 2D XOR
============================================================
Model size: 50
Model created with 12516 parameters

Starting training...
Epoch 10/200 | Loss: 0.2556 | Val Acc: 0.8375
Epoch 20/200 | Loss: 0.2538 | Val Acc: 0.8750
Epoch 30/200 | Loss: 0.2456 | Val Acc: 0.8500
Epoch 40/200 | Loss: 0.2566 | Val Acc: 0.8500
Epoch 50/200 | Loss: 0.2478 | Val Acc: 0.8500
Epoch 60/200 | Loss: 0.2497 | Val Acc: 0.8750
Epoch 70/200 | Loss: 0.2533 | Val Acc: 0.8625
Epoch 80/200 | Loss: 0.2540 | Val Acc: 0.8625
Epoch 90/200 | Loss: 0.2469 | Val Acc: 0.8500
Epoch 100/200 | Loss: 0.2607 | Val Acc: 0.8750
Epoch 110/200 | Loss: 0.2639 | Val Acc: 0.8875
Epoch 120/200 | Loss: 0.2462 | Val Acc: 0.8750
Epoch 130/200 | Loss: 0.2445 | Val Acc: 0.8750
Epoch 140/200 | Loss: 0.2579 | Val Acc: 0.8625
Epoch 150/200 | Loss: 0.2471 | Val Acc: 0.8500
Epoch 160/200 | Loss: 0.2444 | Val Acc: 0.8750
Epoch 170/200 | Loss: 0.2465 | Val Acc: 0.8625
Epoch 180/200 | Loss: 0.2445 | Val Acc: 0.8500
Epoch 190/200 | Loss: 0.2526 | Val Acc: 0.8750
Epoch 200/200 | Loss: 0.2480 | Val Acc: 0.8750

============================================================
Final Evaluation
============================================================
Final Test Accuracy: 0.8750

Classification Report:
              precision    recall  f1-score   support

     Class 0       0.88      0.88      0.88        40
     Class 1       0.88      0.88      0.88        40

    accuracy                           0.88        80
   macro avg       0.88      0.88      0.88        80
weighted avg       0.88      0.88      0.88        80


Confusion Matrix:
[[35  5]
 [ 5 35]]

2D XOR | acc=0.8750 prec=0.8750 rec=0.8750 f1=0.8750 auc=0.9637 | time=269.51s

Generating 3D XOR data...
Total samples: 800, Features: 3
Class distribution: [400 400]
Train set: 640 samples - Class distribution: [320 320] ([50. 50.]%)
Test set: 160 samples - Class distribution: [80 80] ([50. 50.]%)

============================================================
Training Network_1L on 3D XOR
============================================================
Model size: 50
Model created with 12516 parameters

Starting training...
Epoch 10/200 | Loss: 0.6437 | Val Acc: 0.6750
Epoch 20/200 | Loss: 0.5445 | Val Acc: 0.7125
Epoch 30/200 | Loss: 0.4720 | Val Acc: 0.7812
Epoch 40/200 | Loss: 0.4479 | Val Acc: 0.7750
Epoch 50/200 | Loss: 0.4256 | Val Acc: 0.7562
Epoch 60/200 | Loss: 0.4103 | Val Acc: 0.7937
Epoch 70/200 | Loss: 0.3986 | Val Acc: 0.8000
Epoch 80/200 | Loss: 0.4139 | Val Acc: 0.8000
Epoch 90/200 | Loss: 0.3827 | Val Acc: 0.7625
Epoch 100/200 | Loss: 0.3854 | Val Acc: 0.7750
Epoch 110/200 | Loss: 0.3798 | Val Acc: 0.7812
Epoch 120/200 | Loss: 0.3713 | Val Acc: 0.7750
Epoch 130/200 | Loss: 0.3542 | Val Acc: 0.7812
Epoch 140/200 | Loss: 0.3594 | Val Acc: 0.8063
Epoch 150/200 | Loss: 0.3602 | Val Acc: 0.8187
Epoch 160/200 | Loss: 0.3501 | Val Acc: 0.8187
Epoch 170/200 | Loss: 0.3342 | Val Acc: 0.8187
Epoch 180/200 | Loss: 0.3707 | Val Acc: 0.8063
Epoch 190/200 | Loss: 0.3096 | Val Acc: 0.8375
Epoch 200/200 | Loss: 0.2389 | Val Acc: 0.8688

============================================================
Final Evaluation
============================================================
Final Test Accuracy: 0.8688

Classification Report:
              precision    recall  f1-score   support

     Class 0       0.92      0.81      0.86        80
     Class 1       0.83      0.93      0.88        80

    accuracy                           0.87       160
   macro avg       0.87      0.87      0.87       160
weighted avg       0.87      0.87      0.87       160


Confusion Matrix:
[[65 15]
 [ 6 74]]

3D XOR | acc=0.8688 prec=0.8315 rec=0.9250 f1=0.8757 auc=0.9483 | time=537.40s

Generating 4D XOR data...
Total samples: 1600, Features: 4
Class distribution: [800 800]
Train set: 1280 samples - Class distribution: [640 640] ([50. 50.]%)
Test set: 320 samples - Class distribution: [160 160] ([50. 50.]%)

============================================================
Training Network_1L on 4D XOR
============================================================
Model size: 50
Model created with 12516 parameters

Starting training...
Epoch 10/200 | Loss: 0.5040 | Val Acc: 0.7875
Epoch 20/200 | Loss: 0.3583 | Val Acc: 0.8250
Epoch 30/200 | Loss: 0.3622 | Val Acc: 0.8469
Epoch 40/200 | Loss: 0.3396 | Val Acc: 0.8281
Epoch 50/200 | Loss: 0.3352 | Val Acc: 0.8250
Epoch 60/200 | Loss: 0.3031 | Val Acc: 0.8313
Epoch 70/200 | Loss: 0.2987 | Val Acc: 0.8688
Epoch 80/200 | Loss: 0.2863 | Val Acc: 0.8562
Epoch 90/200 | Loss: 0.2718 | Val Acc: 0.8719
Epoch 100/200 | Loss: 0.2910 | Val Acc: 0.8781
Epoch 110/200 | Loss: 0.2703 | Val Acc: 0.8875
Epoch 120/200 | Loss: 0.2650 | Val Acc: 0.8594
Epoch 130/200 | Loss: 0.2319 | Val Acc: 0.8781
Epoch 140/200 | Loss: 0.2454 | Val Acc: 0.8750
Epoch 150/200 | Loss: 0.2443 | Val Acc: 0.9062
Epoch 160/200 | Loss: 0.2684 | Val Acc: 0.8938
Epoch 170/200 | Loss: 0.2350 | Val Acc: 0.8969
Epoch 180/200 | Loss: 0.2167 | Val Acc: 0.8812
Epoch 190/200 | Loss: 0.2188 | Val Acc: 0.8938
Epoch 200/200 | Loss: 0.2211 | Val Acc: 0.9000

============================================================
Final Evaluation
============================================================
Final Test Accuracy: 0.8969

Classification Report:
              precision    recall  f1-score   support

     Class 0       0.90      0.89      0.90       160
     Class 1       0.89      0.91      0.90       160

    accuracy                           0.90       320
   macro avg       0.90      0.90      0.90       320
weighted avg       0.90      0.90      0.90       320


Confusion Matrix:
[[142  18]
 [ 15 145]]

4D XOR | acc=0.8969 prec=0.8896 rec=0.9062 f1=0.8978 auc=0.9735 | time=1073.90s

Generating 5D XOR data...
Total samples: 3200, Features: 5
Class distribution: [1600 1600]
Train set: 2560 samples - Class distribution: [1280 1280] ([50. 50.]%)
Test set: 640 samples - Class distribution: [320 320] ([50. 50.]%)

============================================================
Training Network_1L on 5D XOR
============================================================
Model size: 50
Model created with 12516 parameters

Starting training...
Epoch 10/200 | Loss: 0.6929 | Val Acc: 0.4688
Epoch 20/200 | Loss: 0.6881 | Val Acc: 0.4906
Epoch 30/200 | Loss: 0.6783 | Val Acc: 0.5219
Epoch 40/200 | Loss: 0.6615 | Val Acc: 0.5078
Epoch 50/200 | Loss: 0.6428 | Val Acc: 0.5437
Epoch 60/200 | Loss: 0.6139 | Val Acc: 0.5609
Epoch 70/200 | Loss: 0.5738 | Val Acc: 0.6281
Epoch 80/200 | Loss: 0.5186 | Val Acc: 0.6781
Epoch 90/200 | Loss: 0.4619 | Val Acc: 0.7406
Epoch 100/200 | Loss: 0.4060 | Val Acc: 0.7531
Epoch 110/200 | Loss: 0.3616 | Val Acc: 0.7734
Epoch 120/200 | Loss: 0.3275 | Val Acc: 0.7828
Epoch 130/200 | Loss: 0.3174 | Val Acc: 0.8031
Epoch 140/200 | Loss: 0.3178 | Val Acc: 0.7891
Epoch 150/200 | Loss: 0.2655 | Val Acc: 0.8422
Epoch 160/200 | Loss: 0.2376 | Val Acc: 0.8328
Epoch 170/200 | Loss: 0.2142 | Val Acc: 0.7734
Epoch 180/200 | Loss: 0.1952 | Val Acc: 0.8359
Epoch 190/200 | Loss: 0.2260 | Val Acc: 0.8313
Epoch 200/200 | Loss: 0.2416 | Val Acc: 0.8391

============================================================
Final Evaluation
============================================================
Final Test Accuracy: 0.8469

Classification Report:
              precision    recall  f1-score   support

     Class 0       0.80      0.92      0.86       320
     Class 1       0.91      0.77      0.83       320

    accuracy                           0.85       640
   macro avg       0.85      0.85      0.85       640
weighted avg       0.85      0.85      0.85       640


Confusion Matrix:
[[295  25]
 [ 73 247]]

5D XOR | acc=0.8469 prec=0.9081 rec=0.7719 f1=0.8345 auc=0.9289 | time=2135.76s

Generating 6D XOR data...
Total samples: 6400, Features: 6
Class distribution: [3200 3200]
Train set: 5120 samples - Class distribution: [2560 2560] ([50. 50.]%)
Test set: 1280 samples - Class distribution: [640 640] ([50. 50.]%)

============================================================
Training Network_1L on 6D XOR
============================================================
Model size: 50
Model created with 12516 parameters

Starting training...
Epoch 10/200 | Loss: 0.6222 | Val Acc: 0.7055
Epoch 20/200 | Loss: 0.4215 | Val Acc: 0.8148
Epoch 30/200 | Loss: 0.3892 | Val Acc: 0.8242
Epoch 40/200 | Loss: 0.3425 | Val Acc: 0.8383
Epoch 50/200 | Loss: 0.3260 | Val Acc: 0.8219
Epoch 60/200 | Loss: 0.3078 | Val Acc: 0.8367
Epoch 70/200 | Loss: 0.3113 | Val Acc: 0.8102
Epoch 80/200 | Loss: 0.3022 | Val Acc: 0.8195
Epoch 90/200 | Loss: 0.3051 | Val Acc: 0.8023
Epoch 100/200 | Loss: 0.3010 | Val Acc: 0.8305
Epoch 110/200 | Loss: 0.2787 | Val Acc: 0.8094
Epoch 120/200 | Loss: 0.2836 | Val Acc: 0.8406
Epoch 130/200 | Loss: 0.2680 | Val Acc: 0.8430
Epoch 140/200 | Loss: 0.2890 | Val Acc: 0.8352
Epoch 150/200 | Loss: 0.2745 | Val Acc: 0.8313
Epoch 160/200 | Loss: 0.2702 | Val Acc: 0.8445
Epoch 170/200 | Loss: 0.2653 | Val Acc: 0.8328
Epoch 180/200 | Loss: 0.2554 | Val Acc: 0.8164
Epoch 190/200 | Loss: 0.2666 | Val Acc: 0.8453
Epoch 200/200 | Loss: 0.2738 | Val Acc: 0.8422

============================================================
Final Evaluation
============================================================
Final Test Accuracy: 0.8414

Classification Report:
              precision    recall  f1-score   support

     Class 0       0.81      0.89      0.85       640
     Class 1       0.88      0.79      0.83       640

    accuracy                           0.84      1280
   macro avg       0.85      0.84      0.84      1280
weighted avg       0.85      0.84      0.84      1280


Confusion Matrix:
[[572  68]
 [135 505]]

6D XOR | acc=0.8414 prec=0.8813 rec=0.7891 f1=0.8326 auc=0.9332 | time=4242.53s


================================================================================
SUMMARY - XOR Performance Across Dimensions (Network_1L)
================================================================================
1D XOR: 1.0000 | Execution time: 136.47s
2D XOR: 0.8750 | Execution time: 269.51s
3D XOR: 0.8688 | Execution time: 537.40s
4D XOR: 0.8969 | Execution time: 1073.90s
5D XOR: 0.8469 | Execution time: 2135.76s
6D XOR: 0.8414 | Execution time: 4242.53s

Total execution time: 8395.58s (139.93 minutes)
Metrics CSV saved to: plots_xor_1L_20260419_130519/metrics_summary.csv

Plots saved to plots_xor_1L_20260419_130519

XOR Test Suite for Network_1L Completed!
