
================================================================================
  MATRIX EXPERIMENT  —  XOR 2D    [12:33:15]
================================================================================
  Device  : cuda
  Epochs  : 100
  Batch   : 32
  LR      : γ=0.001  λ=0.001  off=0.001  comb=0.001
  SA      : β=[1, 10]  reads=1  sweeps=1000
  Samples : 100 / region  (test_size=0.2)
  Train   : 320 samples  |  Test: 80 samples
  Grid    : 6 × 9 = 54 configurations

  [  1/54]  num_nodi=  2  node_size=  2 (x1F )
    --- Primi 10 risultati (test set) ---
     idx      prob    pred   label   match
       0    0.3812       0       0      OK
       1    0.7926       1       1      OK
       2    0.5677       1       1      OK
       3    0.5130       1       0    MISS
       4    0.4075       0       0      OK
       5    0.4940       0       0      OK
       6    0.5268       1       0    MISS
       7    0.3466       0       0      OK
       8    0.4954       0       0      OK
       9    0.7022       1       1      OK
    acc=0.7000  f1=0.7500  auc=0.8762  best_val=0.7250
    min_loss=0.5465  final_loss=0.5465  time=72.0s  params=15

  [  2/54]  num_nodi=  2  node_size=  4 (x2F )
    --- Primi 10 risultati (test set) ---
     idx      prob    pred   label   match
       0    0.3295       0       0      OK
       1    0.8529       1       1      OK
       2    0.6002       1       1      OK
       3    0.4575       0       0      OK
       4    0.3665       0       0      OK
       5    0.4366       0       0      OK
       6    0.4661       0       0      OK
       7    0.2928       0       0      OK
       8    0.4387       0       0      OK
       9    0.7805       1       1      OK
    acc=0.7750  f1=0.7750  auc=0.8756  best_val=0.8000
    min_loss=0.4941  final_loss=0.4941  time=86.4s  params=39

  [  3/54]  num_nodi=  2  node_size=  6 (x3F )
    --- Primi 10 risultati (test set) ---
     idx      prob    pred   label   match
       0    0.3137       0       0      OK
       1    0.9534       1       1      OK
       2    0.9161       1       1      OK
       3    0.0059       0       0      OK
       4    0.2637       0       0      OK
       5    0.3675       0       0      OK
       6    0.0034       0       0      OK
       7    0.5143       1       0    MISS
       8    0.2413       0       0      OK
       9    0.8292       1       1      OK
    acc=0.9625  f1=0.9630  auc=0.9981  best_val=0.9875
    min_loss=0.2205  final_loss=0.2220  time=77.3s  params=79

  [  4/54]  num_nodi=  2  node_size=  8 (x4F )
    --- Primi 10 risultati (test set) ---
     idx      prob    pred   label   match
       0    0.3228       0       0      OK
       1    0.9490       1       1      OK
       2    0.9278       1       1      OK
       3    0.0066       0       0      OK
       4    0.2770       0       0      OK
       5    0.2928       0       0      OK
       6    0.0043       0       0      OK
       7    0.5164       1       0    MISS
       8    0.1860       0       0      OK
       9    0.8669       1       1      OK
    acc=0.9125  f1=0.9114  auc=0.9888  best_val=0.9500
    min_loss=0.2298  final_loss=0.2298  time=90.7s  params=135

  [  5/54]  num_nodi=  2  node_size= 10 (10  )
    --- Primi 10 risultati (test set) ---
     idx      prob    pred   label   match
       0    0.3704       0       0      OK
       1    0.9222       1       1      OK
       2    0.9440       1       1      OK
       3    0.0038       0       0      OK
       4    0.2976       0       0      OK
       5    0.2535       0       0      OK
       6    0.0012       0       0      OK
       7    0.6198       1       0    MISS
       8    0.1444       0       0      OK
       9    0.8381       1       1      OK
    acc=0.9125  f1=0.9091  auc=0.9825  best_val=0.9250
    min_loss=0.2426  final_loss=0.2426  time=81.6s  params=207

  [  6/54]  num_nodi=  2  node_size= 20 (20  )
    --- Primi 10 risultati (test set) ---
     idx      prob    pred   label   match
       0    0.6890       1       0    MISS
       1    0.1523       0       1    MISS
       2    0.3561       0       1    MISS
       3    0.0013       0       0      OK
       4    0.5724       1       0    MISS
       5    0.3874       0       0      OK
       6    0.0020       0       0      OK
       7    0.8841       1       0    MISS
       8    0.2318       0       0      OK
       9    0.7561       1       1      OK
    acc=0.8375  f1=0.8312  auc=0.9294  best_val=0.9000
    min_loss=0.3479  final_loss=0.4156  time=100.1s  params=807

  [  7/54]  num_nodi=  2  node_size= 30 (30  )
    --- Primi 10 risultati (test set) ---
     idx      prob    pred   label   match
       0    0.5516       1       0    MISS
       1    0.5427       1       1      OK
       2    0.6962       1       1      OK
       3    0.0590       0       0      OK
       4    0.4447       0       0      OK
       5    0.5248       1       0    MISS
       6    0.0536       0       0      OK
       7    0.7297       1       0    MISS
       8    0.4276       0       0      OK
       9    0.3093       0       1    MISS
    acc=0.7875  f1=0.7792  auc=0.9019  best_val=0.8125
    min_loss=0.4800  final_loss=0.4800  time=130.7s  params=1807

  [  8/54]  num_nodi=  2  node_size= 40 (40  )
    --- Primi 10 risultati (test set) ---
     idx      prob    pred   label   match
       0    0.7264       1       0    MISS
       1    0.6201       1       1      OK
       2    0.9482       1       1      OK
       3    0.0124       0       0      OK
       4    0.5043       1       0    MISS
       5    0.2609       0       0      OK
       6    0.0071       0       0      OK
       7    0.2605       0       0      OK
       8    0.1551       0       0      OK
       9    0.3636       0       1    MISS
    acc=0.8250  f1=0.8205  auc=0.9125  best_val=0.8625
    min_loss=0.3235  final_loss=0.3782  time=154.6s  params=3207

  [  9/54]  num_nodi=  2  node_size= 50 (50  )
    --- Primi 10 risultati (test set) ---
     idx      prob    pred   label   match
       0    0.1620       0       0      OK
       1    0.9513       1       1      OK
       2    0.9325       1       1      OK
       3    0.0019       0       0      OK
       4    0.1011       0       0      OK
       5    0.3998       0       0      OK
       6    0.0018       0       0      OK
       7    0.3108       0       0      OK
       8    0.2740       0       0      OK
       9    0.7778       1       1      OK
    acc=0.9875  f1=0.9873  auc=0.9987  best_val=1.0000
    min_loss=0.1918  final_loss=0.1943  time=193.0s  params=5007

  [ 10/54]  num_nodi=  3  node_size=  2 (x1F )
    --- Primi 10 risultati (test set) ---
     idx      prob    pred   label   match
       0    0.3518       0       0      OK
       1    0.8876       1       1      OK
       2    0.8175       1       1      OK
       3    0.0329       0       0      OK
       4    0.2981       0       0      OK
       5    0.4877       0       0      OK
       6    0.0317       0       0      OK
       7    0.5135       1       0    MISS
       8    0.3720       0       0      OK
       9    0.6405       1       1      OK
    acc=0.9750  f1=0.9750  auc=0.9969  best_val=0.9750
    min_loss=0.2849  final_loss=0.2849  time=98.8s  params=22

  [ 11/54]  num_nodi=  3  node_size=  4 (x2F )
    --- Primi 10 risultati (test set) ---
     idx      prob    pred   label   match
       0    0.2926       0       0      OK
       1    0.9636       1       1      OK
       2    0.9244       1       1      OK
       3    0.0053       0       0      OK
       4    0.2278       0       0      OK
       5    0.4279       0       0      OK
       6    0.0051       0       0      OK
       7    0.5397       1       0    MISS
       8    0.2685       0       0      OK
       9    0.7828       1       1      OK
    acc=0.9625  f1=0.9620  auc=0.9988  best_val=0.9750
    min_loss=0.2046  final_loss=0.2046  time=102.6s  params=58

  [ 12/54]  num_nodi=  3  node_size=  6 (x3F )
    --- Primi 10 risultati (test set) ---
     idx      prob    pred   label   match
       0    0.3146       0       0      OK
       1    0.8738       1       1      OK
       2    0.6392       1       1      OK
       3    0.4260       0       0      OK
       4    0.3586       0       0      OK
       5    0.3779       0       0      OK
       6    0.4096       0       0      OK
       7    0.2717       0       0      OK
       8    0.3803       0       0      OK
       9    0.8341       1       1      OK
    acc=0.7875  f1=0.7901  auc=0.8650  best_val=0.7875
    min_loss=0.4752  final_loss=0.4752  time=109.8s  params=118

  [ 13/54]  num_nodi=  3  node_size=  8 (x4F )
    --- Primi 10 risultati (test set) ---
     idx      prob    pred   label   match
       0    0.2546       0       0      OK
       1    0.9786       1       1      OK
       2    0.9551       1       1      OK
       3    0.0029       0       0      OK
       4    0.2215       0       0      OK
       5    0.2262       0       0      OK
       6    0.0024       0       0      OK
       7    0.4417       0       0      OK
       8    0.1307       0       0      OK
       9    0.9325       1       1      OK
    acc=0.9250  f1=0.9231  auc=0.9869  best_val=0.9250
    min_loss=0.2045  final_loss=0.2045  time=111.5s  params=202

  [ 14/54]  num_nodi=  3  node_size= 10 (10  )
    --- Primi 10 risultati (test set) ---
     idx      prob    pred   label   match
       0    0.3372       0       0      OK
       1    0.9613       1       1      OK
       2    0.9654       1       1      OK
       3    0.0023       0       0      OK
       4    0.2763       0       0      OK
       5    0.2069       0       0      OK
       6    0.0013       0       0      OK
       7    0.5853       1       0    MISS
       8    0.1105       0       0      OK
       9    0.9169       1       1      OK
    acc=0.9000  f1=0.8974  auc=0.9813  best_val=0.9375
    min_loss=0.2287  final_loss=0.2294  time=118.4s  params=310

  [ 15/54]  num_nodi=  3  node_size= 20 (20  )
    --- Primi 10 risultati (test set) ---
     idx      prob    pred   label   match
       0    0.4943       0       0      OK
       1    0.7544       1       1      OK
       2    0.9524       1       1      OK
       3    0.0065       0       0      OK
       4    0.2311       0       0      OK
       5    0.4434       0       0      OK
       6    0.0046       0       0      OK
       7    0.7702       1       0    MISS
       8    0.2936       0       0      OK
       9    0.5964       1       1      OK
    acc=0.9250  f1=0.9231  auc=0.9794  best_val=0.9125
    min_loss=0.2563  final_loss=0.2563  time=149.3s  params=1210

  [ 16/54]  num_nodi=  3  node_size= 30 (30  )
    --- Primi 10 risultati (test set) ---
     idx      prob    pred   label   match
       0    0.2177       0       0      OK
       1    0.9484       1       1      OK
       2    0.9845       1       1      OK
       3    0.0018       0       0      OK
       4    0.0462       0       0      OK
       5    0.4268       0       0      OK
       6    0.0006       0       0      OK
       7    0.6871       1       0    MISS
       8    0.2706       0       0      OK
       9    0.9365       1       1      OK
    acc=0.9375  f1=0.9383  auc=0.9875  best_val=0.9375
    min_loss=0.1569  final_loss=0.1569  time=184.5s  params=2710

  [ 17/54]  num_nodi=  3  node_size= 40 (40  )
    --- Primi 10 risultati (test set) ---
     idx      prob    pred   label   match
       0    0.6875       1       0    MISS
       1    0.9062       1       1      OK
       2    0.9323       1       1      OK
       3    0.0154       0       0      OK
       4    0.5631       1       0    MISS
       5    0.7220       1       0    MISS
       6    0.0052       0       0      OK
       7    0.9042       1       0    MISS
       8    0.5638       1       0    MISS
       9    0.3533       0       1    MISS
    acc=0.7750  f1=0.7750  auc=0.8725  best_val=0.8875
    min_loss=0.3357  final_loss=0.3636  time=242.9s  params=4810

  [ 18/54]  num_nodi=  3  node_size= 50 (50  )
    --- Primi 10 risultati (test set) ---
     idx      prob    pred   label   match
       0    0.1330       0       0      OK
       1    0.9557       1       1      OK
       2    0.9207       1       1      OK
       3    0.0024       0       0      OK
       4    0.0918       0       0      OK
       5    0.4200       0       0      OK
       6    0.0010       0       0      OK
       7    0.4606       0       0      OK
       8    0.3083       0       0      OK
       9    0.8641       1       1      OK
    acc=0.9500  f1=0.9512  auc=0.9912  best_val=0.9625
    min_loss=0.1859  final_loss=0.1927  time=286.7s  params=7510

  [ 19/54]  num_nodi=  5  node_size=  2 (x1F )
    --- Primi 10 risultati (test set) ---
     idx      prob    pred   label   match
       0    0.2079       0       0      OK
       1    0.9654       1       1      OK
       2    0.8067       1       1      OK
       3    0.0783       0       0      OK
       4    0.1988       0       0      OK
       5    0.4366       0       0      OK
       6    0.0816       0       0      OK
       7    0.2757       0       0      OK
       8    0.3449       0       0      OK
       9    0.8092       1       1      OK
    acc=0.9500  f1=0.9512  auc=0.9938  best_val=0.9625
    min_loss=0.2444  final_loss=0.2444  time=164.1s  params=36

  [ 20/54]  num_nodi=  5  node_size=  4 (x2F )
    --- Primi 10 risultati (test set) ---
     idx      prob    pred   label   match
       0    0.1768       0       0      OK
       1    0.9908       1       1      OK
       2    0.9518       1       1      OK
       3    0.0035       0       0      OK
       4    0.1337       0       0      OK
       5    0.3469       0       0      OK
       6    0.0034       0       0      OK
       7    0.4073       0       0      OK
       8    0.1861       0       0      OK
       9    0.8711       1       1      OK
    acc=0.9875  f1=0.9873  auc=0.9994  best_val=0.9875
    min_loss=0.1626  final_loss=0.1633  time=176.9s  params=96

  [ 21/54]  num_nodi=  5  node_size=  6 (x3F )
    --- Primi 10 risultati (test set) ---
     idx      prob    pred   label   match
       0    0.1626       0       0      OK
       1    0.9924       1       1      OK
       2    0.9681       1       1      OK
       3    0.0023       0       0      OK
       4    0.1301       0       0      OK
       5    0.2347       0       0      OK
       6    0.0023       0       0      OK
       7    0.3678       0       0      OK
       8    0.1163       0       0      OK
       9    0.9376       1       1      OK
    acc=0.9500  f1=0.9500  auc=0.9944  best_val=0.9750
    min_loss=0.1640  final_loss=0.1669  time=178.0s  params=196

  [ 22/54]  num_nodi=  5  node_size=  8 (x4F )
    --- Primi 10 risultati (test set) ---
     idx      prob    pred   label   match
       0    0.2179       0       0      OK
       1    0.9858       1       1      OK
       2    0.9795       1       1      OK
       3    0.0008       0       0      OK
       4    0.1568       0       0      OK
       5    0.1804       0       0      OK
       6    0.0008       0       0      OK
       7    0.5250       1       0    MISS
       8    0.0760       0       0      OK
       9    0.9251       1       1      OK
    acc=0.9125  f1=0.9091  auc=0.9888  best_val=0.9375
    min_loss=0.1824  final_loss=0.1828  time=181.7s  params=336

  [ 23/54]  num_nodi=  5  node_size= 10 (10  )
    --- Primi 10 risultati (test set) ---
     idx      prob    pred   label   match
       0    0.3082       0       0      OK
       1    0.9665       1       1      OK
       2    0.9654       1       1      OK
       3    0.0025       0       0      OK
       4    0.2586       0       0      OK
       5    0.1817       0       0      OK
       6    0.0016       0       0      OK
       7    0.5373       1       0    MISS
       8    0.0975       0       0      OK
       9    0.9315       1       1      OK
    acc=0.8875  f1=0.8831  auc=0.9750  best_val=0.9000
    min_loss=0.2288  final_loss=0.2288  time=189.2s  params=516

  [ 24/54]  num_nodi=  5  node_size= 20 (20  )
    --- Primi 10 risultati (test set) ---
     idx      prob    pred   label   match
       0    0.2510       0       0      OK
       1    0.8118       1       1      OK
       2    0.9736       1       1      OK
       3    0.0021       0       0      OK
       4    0.0398       0       0      OK
       5    0.3812       0       0      OK
       6    0.0007       0       0      OK
       7    0.9555       1       0    MISS
       8    0.2068       0       0      OK
       9    0.4166       0       1    MISS
    acc=0.8625  f1=0.8493  auc=0.9269  best_val=0.9000
    min_loss=0.2988  final_loss=0.3370  time=261.1s  params=2016

  [ 25/54]  num_nodi=  5  node_size= 30 (30  )
    --- Primi 10 risultati (test set) ---
     idx      prob    pred   label   match
       0    0.1361       0       0      OK
       1    0.9674       1       1      OK
       2    0.9843       1       1      OK
       3    0.0002       0       0      OK
       4    0.0188       0       0      OK
       5    0.3073       0       0      OK
       6    0.0001       0       0      OK
       7    0.5239       1       0    MISS
       8    0.1486       0       0      OK
       9    0.9145       1       1      OK
    acc=0.9375  f1=0.9383  auc=0.9894  best_val=0.9375
    min_loss=0.1333  final_loss=0.1350  time=336.9s  params=4516

  [ 26/54]  num_nodi=  5  node_size= 40 (40  )
    --- Primi 10 risultati (test set) ---
     idx      prob    pred   label   match
       0    0.0724       0       0      OK
       1    0.9930       1       1      OK
       2    0.9906       1       1      OK
       3    0.0004       0       0      OK
       4    0.0266       0       0      OK
       5    0.3405       0       0      OK
       6    0.0001       0       0      OK
       7    0.3311       0       0      OK
       8    0.1520       0       0      OK
       9    0.9078       1       1      OK
    acc=0.9625  f1=0.9630  auc=0.9975  best_val=0.9875
    min_loss=0.1137  final_loss=0.1147  time=404.2s  params=8016

  [ 27/54]  num_nodi=  5  node_size= 50 (50  )
    --- Primi 10 risultati (test set) ---
     idx      prob    pred   label   match
       0    0.2049       0       0      OK
       1    0.9006       1       1      OK
       2    0.9429       1       1      OK
       3    0.0008       0       0      OK
       4    0.0736       0       0      OK
       5    0.4188       0       0      OK
       6    0.0007       0       0      OK
       7    0.6425       1       0    MISS
       8    0.2488       0       0      OK
       9    0.5948       1       1      OK
    acc=0.9250  f1=0.9231  auc=0.9931  best_val=0.9500
    min_loss=0.1951  final_loss=0.1974  time=510.0s  params=12516

  [ 28/54]  num_nodi=  8  node_size=  2 (x1F )
    --- Primi 10 risultati (test set) ---
     idx      prob    pred   label   match
       0    0.1193       0       0      OK
       1    0.9888       1       1      OK
       2    0.9231       1       1      OK
       3    0.0130       0       0      OK
       4    0.1169       0       0      OK
       5    0.4187       0       0      OK
       6    0.0131       0       0      OK
       7    0.3842       0       0      OK
       8    0.2542       0       0      OK
       9    0.8457       1       1      OK
    acc=1.0000  f1=1.0000  auc=1.0000  best_val=1.0000
    min_loss=0.1658  final_loss=0.1658  time=257.5s  params=57

  [ 29/54]  num_nodi=  8  node_size=  4 (x2F )
    --- Primi 10 risultati (test set) ---
     idx      prob    pred   label   match
       0    0.1104       0       0      OK
       1    0.9969       1       1      OK
       2    0.9724       1       1      OK
       3    0.0032       0       0      OK
       4    0.0814       0       0      OK
       5    0.2925       0       0      OK
       6    0.0032       0       0      OK
       7    0.3154       0       0      OK
       8    0.1336       0       0      OK
       9    0.9291       1       1      OK
    acc=0.9875  f1=0.9873  auc=0.9987  best_val=0.9875
    min_loss=0.1357  final_loss=0.1357  time=263.5s  params=153

  [ 30/54]  num_nodi=  8  node_size=  6 (x3F )
    --- Primi 10 risultati (test set) ---
     idx      prob    pred   label   match
       0    0.1873       0       0      OK
       1    0.9908       1       1      OK
       2    0.9771       1       1      OK
       3    0.0009       0       0      OK
       4    0.1302       0       0      OK
       5    0.2515       0       0      OK
       6    0.0009       0       0      OK
       7    0.4213       0       0      OK
       8    0.1083       0       0      OK
       9    0.9073       1       1      OK
    acc=0.9750  f1=0.9744  auc=0.9981  best_val=0.9750
    min_loss=0.1597  final_loss=0.1597  time=279.9s  params=313

  [ 31/54]  num_nodi=  8  node_size=  8 (x4F )
    --- Primi 10 risultati (test set) ---
     idx      prob    pred   label   match
       0    0.1897       0       0      OK
       1    0.9939       1       1      OK
       2    0.9885       1       1      OK
       3    0.0005       0       0      OK
       4    0.1358       0       0      OK
       5    0.1536       0       0      OK
       6    0.0005       0       0      OK
       7    0.5019       1       0    MISS
       8    0.0585       0       0      OK
       9    0.9610       1       1      OK
    acc=0.9000  f1=0.8974  auc=0.9881  best_val=0.9375
    min_loss=0.1734  final_loss=0.1734  time=306.8s  params=537

  [ 32/54]  num_nodi=  8  node_size= 10 (10  )
    --- Primi 10 risultati (test set) ---
     idx      prob    pred   label   match
       0    0.3832       0       0      OK
       1    0.9616       1       1      OK
       2    0.9800       1       1      OK
       3    0.0005       0       0      OK
       4    0.2736       0       0      OK
       5    0.2346       0       0      OK
       6    0.0005       0       0      OK
       7    0.7290       1       0    MISS
       8    0.1036       0       0      OK
       9    0.8826       1       1      OK
    acc=0.9375  f1=0.9351  auc=0.9850  best_val=0.9375
    min_loss=0.2193  final_loss=0.2243  time=311.0s  params=825

  [ 33/54]  num_nodi=  8  node_size= 20 (20  )
    --- Primi 10 risultati (test set) ---
     idx      prob    pred   label   match
       0    0.1963       0       0      OK
       1    0.9531       1       1      OK
       2    0.9789       1       1      OK
       3    0.0008       0       0      OK
       4    0.0430       0       0      OK
       5    0.3891       0       0      OK
       6    0.0003       0       0      OK
       7    0.5383       1       0    MISS
       8    0.2013       0       0      OK
       9    0.9150       1       1      OK
    acc=0.9375  f1=0.9383  auc=0.9912  best_val=0.9500
    min_loss=0.1380  final_loss=0.1380  time=377.6s  params=3225

  [ 34/54]  num_nodi=  8  node_size= 30 (30  )
    --- Primi 10 risultati (test set) ---
     idx      prob    pred   label   match
       0    0.1471       0       0      OK
       1    0.9902       1       1      OK
       2    0.9900       1       1      OK
       3    0.0004       0       0      OK
       4    0.0283       0       0      OK
       5    0.4034       0       0      OK
       6    0.0002       0       0      OK
       7    0.5303       1       0    MISS
       8    0.2010       0       0      OK
       9    0.8708       1       1      OK
    acc=0.9375  f1=0.9383  auc=0.9937  best_val=0.9750
    min_loss=0.1173  final_loss=0.1173  time=482.1s  params=7225

  [ 35/54]  num_nodi=  8  node_size= 40 (40  )
