
================================================================================
XOR Comparison Suite - FullIsingModule vs ModularNetwork
================================================================================
Device: cpu
Batch size: 32 | Epochs: 50 | Model size: 50
Learning rates: gamma=0.001, lambda=0.005, offset=0.01, combiner=0.005
Annealing: beta=[1, 10], reads=1, sweeps=1000, workers=16
Annealer type: simulated

[Dimension 2D]
Generating 2D XOR data...
Total samples: 160, Features: 2
Class distribution: [80 80]
Train set: 128 | Test set: 32
  Training FullIsingModule...

============================================================
Training FullIsingModule on 2D XOR
============================================================
Model size: 50
Model parameters: 2502
  [FullIsing/2D] Epoch 1/50 | Loss: 22.1286
  [FullIsing/2D] Epoch 5/50 | Loss: 15.3473
  [FullIsing/2D] Epoch 10/50 | Loss: 10.6967
  [FullIsing/2D] Epoch 15/50 | Loss: 7.8131
  [FullIsing/2D] Epoch 20/50 | Loss: 5.9597
  [FullIsing/2D] Epoch 25/50 | Loss: 4.7053
  [FullIsing/2D] Epoch 30/50 | Loss: 3.7611
  [FullIsing/2D] Epoch 35/50 | Loss: 3.0366
  [FullIsing/2D] Epoch 40/50 | Loss: 2.4286
  [FullIsing/2D] Epoch 45/50 | Loss: 1.9179
  [FullIsing/2D] Epoch 50/50 | Loss: 1.5031
  [FullIsing/2D] Final Test Accuracy: 0.4375

              precision    recall  f1-score   support

     Class 0       0.47      0.88      0.61        16
     Class 1       0.00      0.00      0.00        16

    accuracy                           0.44        32
   macro avg       0.23      0.44      0.30        32
weighted avg       0.23      0.44      0.30        32

Confusion matrix:
[[14  2]
 [16  0]]
  FullIsingModule | acc=0.4375 prec=0.0000 rec=0.0000 f1=0.0000 auc=0.6094
  Training ModularNetwork...

============================================================
Training ModularNetwork on 2D XOR
============================================================
Model size: 50
Model parameters: 12516
  [Modular/2D] Epoch 1/50 | Loss: 0.5175
  [Modular/2D] Epoch 5/50 | Loss: 0.1677
  [Modular/2D] Epoch 10/50 | Loss: 0.0729
  [Modular/2D] Epoch 15/50 | Loss: 0.0597
