
================================================================================
XOR Test Suite for Network_1L (MultiIsingNetwork)
================================================================================
Device: cuda
Batch size: 16
Epochs: 200
Model size: -1
Num Ising Perceptrons: 5
Learning rates: gamma=0.001, lambda=0.001, offset=0.001, classical=0.001
Annealing: beta=[1, 10], reads=1, sweeps=1000
Generating 1D XOR data...
Total samples: 400, Features: 1
Class distribution: [200 200]
Train set: 320 samples - Class distribution: [160 160] ([50. 50.]%)
Test set: 80 samples - Class distribution: [40 40] ([50. 50.]%)

============================================================
Training Network_1L on 1D XOR
============================================================
Model size: 20
Model created with 4031 parameters

Starting training...
Epoch 10/200 | Loss: 0.1196 | Val Acc: 1.0000
Epoch 20/200 | Loss: 0.0772 | Val Acc: 1.0000
Epoch 30/200 | Loss: 0.0604 | Val Acc: 0.9875
Epoch 40/200 | Loss: 0.0508 | Val Acc: 1.0000
Epoch 50/200 | Loss: 0.0601 | Val Acc: 0.9625
Epoch 60/200 | Loss: 0.0542 | Val Acc: 0.9625
Epoch 70/200 | Loss: 0.0579 | Val Acc: 0.9625
Epoch 80/200 | Loss: 0.0462 | Val Acc: 0.9625
Epoch 90/200 | Loss: 0.0527 | Val Acc: 1.0000
Epoch 100/200 | Loss: 0.0461 | Val Acc: 1.0000
Epoch 110/200 | Loss: 0.0503 | Val Acc: 1.0000
Epoch 120/200 | Loss: 0.0338 | Val Acc: 1.0000
Epoch 130/200 | Loss: 0.0472 | Val Acc: 1.0000
Epoch 140/200 | Loss: 0.0341 | Val Acc: 0.9875
Epoch 150/200 | Loss: 0.0300 | Val Acc: 0.9750
Epoch 160/200 | Loss: 0.0265 | Val Acc: 0.9875
Epoch 170/200 | Loss: 0.0385 | Val Acc: 0.9875
Epoch 180/200 | Loss: 0.0439 | Val Acc: 0.9875
Epoch 190/200 | Loss: 0.0263 | Val Acc: 1.0000
Epoch 200/200 | Loss: 0.0384 | Val Acc: 0.9875

============================================================
Final Evaluation
============================================================
Final Test Accuracy: 1.0000

Classification Report:
              precision    recall  f1-score   support

     Class 0       1.00      1.00      1.00        40
     Class 1       1.00      1.00      1.00        40

    accuracy                           1.00        80
   macro avg       1.00      1.00      1.00        80
weighted avg       1.00      1.00      1.00        80


Confusion Matrix:
[[40  0]
 [ 0 40]]

1D XOR completed with accuracy: 1.0000

Generating 2D XOR data...
Total samples: 800, Features: 2
Class distribution: [400 400]
Train set: 640 samples - Class distribution: [320 320] ([50. 50.]%)
Test set: 160 samples - Class distribution: [80 80] ([50. 50.]%)

============================================================
Training Network_1L on 2D XOR
============================================================
Model size: 20
Model created with 4031 parameters

Starting training...
Epoch 10/200 | Loss: 0.2915 | Val Acc: 0.8250
Epoch 20/200 | Loss: 0.2450 | Val Acc: 0.8750
Epoch 30/200 | Loss: 0.2348 | Val Acc: 0.8812
Epoch 40/200 | Loss: 0.2301 | Val Acc: 0.8750
Epoch 50/200 | Loss: 0.2220 | Val Acc: 0.8812
Epoch 60/200 | Loss: 0.2221 | Val Acc: 0.8750
Epoch 70/200 | Loss: 0.2214 | Val Acc: 0.8750
Epoch 80/200 | Loss: 0.2161 | Val Acc: 0.9000
Epoch 90/200 | Loss: 0.2126 | Val Acc: 0.9000
Epoch 100/200 | Loss: 0.2109 | Val Acc: 0.8938
Epoch 110/200 | Loss: 0.2097 | Val Acc: 0.8875
Epoch 120/200 | Loss: 0.2075 | Val Acc: 0.8875
Epoch 130/200 | Loss: 0.2025 | Val Acc: 0.8812
Epoch 140/200 | Loss: 0.2023 | Val Acc: 0.8875
Epoch 150/200 | Loss: 0.2024 | Val Acc: 0.8875
Epoch 160/200 | Loss: 0.2006 | Val Acc: 0.8938
Epoch 170/200 | Loss: 0.1958 | Val Acc: 0.8875
Epoch 180/200 | Loss: 0.1966 | Val Acc: 0.8875
Epoch 190/200 | Loss: 0.1959 | Val Acc: 0.8875
Epoch 200/200 | Loss: 0.1992 | Val Acc: 0.8938

============================================================
Final Evaluation
============================================================
Final Test Accuracy: 0.8938

Classification Report:
              precision    recall  f1-score   support

     Class 0       0.92      0.86      0.89        80
     Class 1       0.87      0.93      0.90        80

    accuracy                           0.89       160
   macro avg       0.90      0.89      0.89       160
weighted avg       0.90      0.89      0.89       160


Confusion Matrix:
[[69 11]
 [ 6 74]]

2D XOR completed with accuracy: 0.8938

Generating 3D XOR data...
Total samples: 1600, Features: 3
Class distribution: [800 800]
Train set: 1280 samples - Class distribution: [640 640] ([50. 50.]%)
Test set: 320 samples - Class distribution: [160 160] ([50. 50.]%)

============================================================
Training Network_1L on 3D XOR
============================================================
Model size: 20
Model created with 4031 parameters

Starting training...
Epoch 10/200 | Loss: 0.5810 | Val Acc: 0.7906
Epoch 20/200 | Loss: 0.4105 | Val Acc: 0.8594
Epoch 30/200 | Loss: 0.3310 | Val Acc: 0.8688
Epoch 40/200 | Loss: 0.2852 | Val Acc: 0.8906
Epoch 50/200 | Loss: 0.2608 | Val Acc: 0.8969
Epoch 60/200 | Loss: 0.2560 | Val Acc: 0.9000
Epoch 70/200 | Loss: 0.2313 | Val Acc: 0.8906
Epoch 80/200 | Loss: 0.2189 | Val Acc: 0.8938
Epoch 90/200 | Loss: 0.2195 | Val Acc: 0.9062
Epoch 100/200 | Loss: 0.2118 | Val Acc: 0.9031
Epoch 110/200 | Loss: 0.2071 | Val Acc: 0.8969
Epoch 120/200 | Loss: 0.2020 | Val Acc: 0.8906
Epoch 130/200 | Loss: 0.1938 | Val Acc: 0.8938
Epoch 140/200 | Loss: 0.1895 | Val Acc: 0.9062
Epoch 150/200 | Loss: 0.1867 | Val Acc: 0.9187
Epoch 160/200 | Loss: 0.1801 | Val Acc: 0.9250
Epoch 170/200 | Loss: 0.1809 | Val Acc: 0.9187
Epoch 180/200 | Loss: 0.1697 | Val Acc: 0.9000
Epoch 190/200 | Loss: 0.1716 | Val Acc: 0.9031
Epoch 200/200 | Loss: 0.1673 | Val Acc: 0.9281

============================================================
Final Evaluation
============================================================
Final Test Accuracy: 0.9219

Classification Report:
              precision    recall  f1-score   support

     Class 0       0.91      0.94      0.92       160
     Class 1       0.94      0.91      0.92       160

    accuracy                           0.92       320
   macro avg       0.92      0.92      0.92       320
weighted avg       0.92      0.92      0.92       320


Confusion Matrix:
[[150  10]
 [ 15 145]]

3D XOR completed with accuracy: 0.9219

Generating 4D XOR data...
Total samples: 3200, Features: 4
Class distribution: [1600 1600]
Train set: 2560 samples - Class distribution: [1280 1280] ([50. 50.]%)
Test set: 640 samples - Class distribution: [320 320] ([50. 50.]%)

============================================================
Training Network_1L on 4D XOR
============================================================
Model size: 20
Model created with 4031 parameters

Starting training...
Epoch 10/200 | Loss: 0.5852 | Val Acc: 0.7906
Epoch 20/200 | Loss: 0.3592 | Val Acc: 0.8344
Epoch 30/200 | Loss: 0.3139 | Val Acc: 0.8453
Epoch 40/200 | Loss: 0.3007 | Val Acc: 0.8578
Epoch 50/200 | Loss: 0.2840 | Val Acc: 0.8578
Epoch 60/200 | Loss: 0.2791 | Val Acc: 0.8562
Epoch 70/200 | Loss: 0.2714 | Val Acc: 0.8578
Epoch 80/200 | Loss: 0.2648 | Val Acc: 0.8594
Epoch 90/200 | Loss: 0.2610 | Val Acc: 0.8562
Epoch 100/200 | Loss: 0.2604 | Val Acc: 0.8594
Epoch 110/200 | Loss: 0.2566 | Val Acc: 0.8531
