
================================================================================
XOR Comparison Suite - FullIsingModule vs ModularNetwork
================================================================================
Device: cpu
Batch size: 32 | Epochs: 50 | Model size: 50
Learning rates: gamma=0.001, lambda=0.005, offset=0.01, combiner=0.005
Annealing: beta=[1, 10], reads=1, sweeps=1000, workers=16
Annealer type: simulated

[Dimension 1D]
Generating 1D XOR data...
Total samples: 40, Features: 1
Class distribution: [20 20]
Train set: 32 | Test set: 8
  Training FullIsingModule...

============================================================
Training FullIsingModule on 1D XOR
============================================================
Model size: 50
Model parameters: 2502
  [FullIsing/1D] Epoch 1/50 | Loss: 15.7798
  [FullIsing/1D] Epoch 5/50 | Loss: 13.9630
  [FullIsing/1D] Epoch 10/50 | Loss: 12.0959
  [FullIsing/1D] Epoch 15/50 | Loss: 10.3496
  [FullIsing/1D] Epoch 20/50 | Loss: 8.8618
  [FullIsing/1D] Epoch 25/50 | Loss: 7.6626
  [FullIsing/1D] Epoch 30/50 | Loss: 6.7661
  [FullIsing/1D] Epoch 35/50 | Loss: 6.0825
  [FullIsing/1D] Epoch 40/50 | Loss: 5.4796
  [FullIsing/1D] Epoch 45/50 | Loss: 5.0309
  [FullIsing/1D] Epoch 50/50 | Loss: 4.6273
  [FullIsing/1D] Final Test Accuracy: 0.5000

              precision    recall  f1-score   support

     Class 0       0.50      1.00      0.67         4
     Class 1       0.00      0.00      0.00         4

    accuracy                           0.50         8
   macro avg       0.25      0.50      0.33         8
weighted avg       0.25      0.50      0.33         8

Confusion matrix:
[[4 0]
 [4 0]]
  FullIsingModule | acc=0.5000 prec=0.0000 rec=0.0000 f1=0.0000 auc=1.0000
  Training ModularNetwork...

============================================================
Training ModularNetwork on 1D XOR
============================================================
Model size: 50
Model parameters: 12516
  [Modular/1D] Epoch 1/50 | Loss: 2.6648
  [Modular/1D] Epoch 5/50 | Loss: 1.3914
  [Modular/1D] Epoch 10/50 | Loss: 0.6181
  [Modular/1D] Epoch 15/50 | Loss: 0.5353
