
================================================================================
XOR Comparison Suite - FullIsingModule vs ModularNetwork
================================================================================
Device: cpu
Batch size: 32 | Epochs: 50 | Model size: 50
Learning rates: gamma=0.001, lambda=0.005, offset=0.01, combiner=0.005
Annealing: beta=[1, 10], reads=1, sweeps=1000, workers=16
Annealer type: simulated

[Dimension 2D]
Generating 2D XOR data...
Total samples: 80, Features: 2
Class distribution: [40 40]
Train set: 64 | Test set: 16
  Training FullIsingModule...

============================================================
Training FullIsingModule on 2D XOR
============================================================
Model size: 50
Model parameters: 2502
  [FullIsing/2D] Epoch 1/50 | Loss: 19.8022
  [FullIsing/2D] Epoch 5/50 | Loss: 16.0355
  [FullIsing/2D] Epoch 10/50 | Loss: 12.8293
  [FullIsing/2D] Epoch 15/50 | Loss: 10.8178
  [FullIsing/2D] Epoch 20/50 | Loss: 9.0158
  [FullIsing/2D] Epoch 25/50 | Loss: 7.6124
  [FullIsing/2D] Epoch 30/50 | Loss: 6.4939
  [FullIsing/2D] Epoch 35/50 | Loss: 5.6097
  [FullIsing/2D] Epoch 40/50 | Loss: 4.8446
  [FullIsing/2D] Epoch 45/50 | Loss: 4.2467
  [FullIsing/2D] Epoch 50/50 | Loss: 3.7186
  [FullIsing/2D] Final Test Accuracy: 0.5625

              precision    recall  f1-score   support

     Class 0       0.53      1.00      0.70         8
     Class 1       1.00      0.12      0.22         8

    accuracy                           0.56        16
   macro avg       0.77      0.56      0.46        16
weighted avg       0.77      0.56      0.46        16

Confusion matrix:
[[8 0]
 [7 1]]
  FullIsingModule | acc=0.5625 prec=1.0000 rec=0.1250 f1=0.2222 auc=0.7031
  Training ModularNetwork...

============================================================
Training ModularNetwork on 2D XOR
============================================================
Model size: 50
Model parameters: 12516
  [Modular/2D] Epoch 1/50 | Loss: 0.6712
  [Modular/2D] Epoch 5/50 | Loss: 0.3342
  [Modular/2D] Epoch 10/50 | Loss: 0.1772
  [Modular/2D] Epoch 15/50 | Loss: 0.0865
