
================================================================================
XOR Comparison Suite - FullIsingModule vs ModularNetwork
================================================================================
Device: cpu
Batch size: 32 | Epochs: 50 | Model size: 50
Learning rates: gamma=0.01, lambda=0.05, offset=0.1, combiner=0.05
Annealing: beta=[1, 10], reads=1, sweeps=1000, workers=16
Annealer type: simulated

[Dimension 2D]
Generating 2D XOR data...
Total samples: 80, Features: 2
Class distribution: [40 40]
Train set: 64 | Test set: 16
  Training FullIsingModule...

============================================================
Training FullIsingModule on 2D XOR
============================================================
Model size: 50
Model parameters: 2502
  [FullIsing/2D] Epoch 1/50 | Loss: 17.5968
  [FullIsing/2D] Epoch 5/50 | Loss: 3.6029
  [FullIsing/2D] Epoch 10/50 | Loss: 0.6504
  [FullIsing/2D] Epoch 15/50 | Loss: 0.8771
  [FullIsing/2D] Epoch 20/50 | Loss: 0.6974
  [FullIsing/2D] Epoch 25/50 | Loss: 0.5880
  [FullIsing/2D] Epoch 30/50 | Loss: 0.5491
  [FullIsing/2D] Epoch 35/50 | Loss: 0.5293
  [FullIsing/2D] Epoch 40/50 | Loss: 0.5229
  [FullIsing/2D] Epoch 45/50 | Loss: 0.5125
  [FullIsing/2D] Epoch 50/50 | Loss: 0.5008
  [FullIsing/2D] Final Test Accuracy: 0.8125

              precision    recall  f1-score   support

     Class 0       0.86      0.75      0.80         8
     Class 1       0.78      0.88      0.82         8

    accuracy                           0.81        16
   macro avg       0.82      0.81      0.81        16
weighted avg       0.82      0.81      0.81        16

Confusion matrix:
[[6 2]
 [1 7]]
  FullIsingModule | acc=0.8125 prec=0.7778 rec=0.8750 f1=0.8235 auc=0.8594
  Training ModularNetwork...

============================================================
Training ModularNetwork on 2D XOR
============================================================
Model size: 50
Model parameters: 12516
  [Modular/2D] Epoch 1/50 | Loss: 3.0526
  [Modular/2D] Epoch 5/50 | Loss: 0.9286
  [Modular/2D] Epoch 10/50 | Loss: 0.6486
  [Modular/2D] Epoch 15/50 | Loss: 0.3505
  [Modular/2D] Epoch 20/50 | Loss: 0.2508
  [Modular/2D] Epoch 25/50 | Loss: 0.2946
  [Modular/2D] Epoch 30/50 | Loss: 0.1988
  [Modular/2D] Epoch 35/50 | Loss: 0.2155
  [Modular/2D] Epoch 40/50 | Loss: 0.1507
  [Modular/2D] Epoch 45/50 | Loss: 0.2166
  [Modular/2D] Epoch 50/50 | Loss: 0.1126
  [Modular/2D] Final Test Accuracy: 0.8125

              precision    recall  f1-score   support

     Class 0       0.86      0.75      0.80         8
     Class 1       0.78      0.88      0.82         8

    accuracy                           0.81        16
   macro avg       0.82      0.81      0.81        16
weighted avg       0.82      0.81      0.81        16

Confusion matrix:
[[6 2]
 [1 7]]
  ModularNetwork  | acc=0.8125 prec=0.7778 rec=0.8750 f1=0.8235 auc=0.9531
  Diff(Modular-Single): +0.0000

[COMPLETED in 44.1s]
Generating summary plots...
Metrics CSV saved to: plots_xor_compare_20260521_211605\metrics_summary.csv
All plots saved to plots_xor_compare_20260521_211605
