
================================================================================
  MATRIX EXPERIMENT  —  XOR 1D    [08:48:40]
================================================================================
  Device  : cuda
  Epochs  : 2
  Batch   : 1000000
  LR      : γ=0.001  λ=0.001  off=0.001  comb=0.001
  SA      : β=[1, 10]  reads=1  sweeps=100
  Samples : 100 / region  (test_size=0.2)
  Train   : 160 samples  |  Test: 40 samples
  Grid    : 6 × 9 = 54 configurations

  [  1/54]  num_nodi=  2  node_size=  1 (x1F )
    acc=0.5000  f1=0.6667  auc=0.4175  best_val=0.5000
    min_loss=0.6962  final_loss=0.6962  stability=0.0000  conv_epoch=None  time=2.1s  params=9

  [  2/54]  num_nodi=  2  node_size=  2 (x2F )
    acc=0.5000  f1=0.0000  auc=0.3700  best_val=0.5000
    min_loss=0.7979  final_loss=0.7979  stability=0.0006  conv_epoch=None  time=0.6s  params=15

  [  3/54]  num_nodi=  2  node_size=  3 (x3F )
    acc=0.5000  f1=0.6667  auc=0.3300  best_val=0.5000
    min_loss=0.7043  final_loss=0.7043  stability=0.0000  conv_epoch=None  time=0.6s  params=25

  [  4/54]  num_nodi=  2  node_size=  4 (x4F )
    acc=0.5000  f1=0.0000  auc=0.2875  best_val=0.5000
    min_loss=0.7253  final_loss=0.7253  stability=0.0010  conv_epoch=None  time=0.6s  params=39

  [  5/54]  num_nodi=  2  node_size= 10 (10  )
    acc=0.5000  f1=0.0000  auc=0.1000  best_val=0.5000
    min_loss=1.0346  final_loss=1.0346  stability=0.0033  conv_epoch=None  time=0.6s  params=207

  [  6/54]  num_nodi=  2  node_size= 20 (20  )
    acc=0.5000  f1=0.0000  auc=0.0000  best_val=0.5000
    min_loss=1.7240  final_loss=1.7240  stability=0.0095  conv_epoch=None  time=0.8s  params=807

  [  7/54]  num_nodi=  2  node_size= 30 (30  )
    acc=0.5000  f1=0.6667  auc=1.0000  best_val=0.5000
    min_loss=0.7644  final_loss=0.7644  stability=0.0072  conv_epoch=None  time=1.1s  params=1807

  [  8/54]  num_nodi=  2  node_size= 40 (40  )
    acc=0.5000  f1=0.6667  auc=1.0000  best_val=0.5000
    min_loss=1.4153  final_loss=1.4153  stability=0.0153  conv_epoch=None  time=1.3s  params=3207

  [  9/54]  num_nodi=  2  node_size= 50 (50  )
    acc=0.5000  f1=0.6667  auc=1.0000  best_val=0.5000
    min_loss=5.0157  final_loss=5.0157  stability=0.0495  conv_epoch=None  time=1.7s  params=5007

  [ 10/54]  num_nodi=  3  node_size=  1 (x1F )
    acc=0.5000  f1=0.6667  auc=0.5800  best_val=0.5000
    min_loss=0.7151  final_loss=0.7151  stability=0.0002  conv_epoch=None  time=0.9s  params=13

  [ 11/54]  num_nodi=  3  node_size=  2 (x2F )
    acc=0.5000  f1=0.6667  auc=0.6225  best_val=0.5000
    min_loss=0.6966  final_loss=0.6966  stability=0.0000  conv_epoch=None  time=0.9s  params=22

  [ 12/54]  num_nodi=  3  node_size=  3 (x3F )
    acc=0.5000  f1=0.6667  auc=0.6675  best_val=0.5000
    min_loss=0.7161  final_loss=0.7161  stability=0.0002  conv_epoch=None  time=0.9s  params=37

  [ 13/54]  num_nodi=  3  node_size=  4 (x4F )
    acc=0.3500  f1=0.2353  auc=0.2750  best_val=0.3500
    min_loss=0.7265  final_loss=0.7265  stability=0.0006  conv_epoch=None  time=0.9s  params=58

  [ 14/54]  num_nodi=  3  node_size= 10 (10  )
    acc=0.5000  f1=0.6667  auc=0.9000  best_val=0.5000
    min_loss=0.8211  final_loss=0.8211  stability=0.0038  conv_epoch=None  time=1.0s  params=310

  [ 15/54]  num_nodi=  3  node_size= 20 (20  )
    acc=0.5000  f1=0.6667  auc=1.0000  best_val=0.5000
    min_loss=0.7025  final_loss=0.7025  stability=0.0042  conv_epoch=None  time=1.2s  params=1210

  [ 16/54]  num_nodi=  3  node_size= 30 (30  )
    acc=0.5000  f1=0.6667  auc=1.0000  best_val=0.5000
    min_loss=0.5756  final_loss=0.5756  stability=0.0075  conv_epoch=None  time=1.6s  params=2710

  [ 17/54]  num_nodi=  3  node_size= 40 (40  )
    acc=0.5000  f1=0.6667  auc=1.0000  best_val=0.5000
    min_loss=1.8488  final_loss=1.8488  stability=0.0246  conv_epoch=None  time=2.0s  params=4810

  [ 18/54]  num_nodi=  3  node_size= 50 (50  )
    acc=0.5000  f1=0.0000  auc=0.0000  best_val=0.5000
    min_loss=4.8738  final_loss=4.8738  stability=0.1108  conv_epoch=None  time=2.5s  params=7510

  [ 19/54]  num_nodi=  5  node_size=  1 (x1F )
    acc=0.5000  f1=0.6667  auc=0.5900  best_val=0.5000
    min_loss=0.7158  final_loss=0.7158  stability=0.0002  conv_epoch=None  time=1.4s  params=21

  [ 20/54]  num_nodi=  5  node_size=  2 (x2F )
    acc=0.5000  f1=0.6667  auc=0.3675  best_val=0.5000
    min_loss=0.7009  final_loss=0.7009  stability=0.0001  conv_epoch=None  time=1.4s  params=36

  [ 21/54]  num_nodi=  5  node_size=  3 (x3F )
    acc=0.5000  f1=0.6667  auc=0.6600  best_val=0.5000
    min_loss=0.7105  final_loss=0.7105  stability=0.0001  conv_epoch=None  time=1.5s  params=61

  [ 22/54]  num_nodi=  5  node_size=  4 (x4F )
    acc=0.5000  f1=0.0000  auc=0.2875  best_val=0.5000
    min_loss=0.6997  final_loss=0.6997  stability=0.0002  conv_epoch=None  time=1.6s  params=96

  [ 23/54]  num_nodi=  5  node_size= 10 (10  )
    acc=0.5000  f1=0.0000  auc=0.1000  best_val=0.5000
    min_loss=1.0813  final_loss=1.0813  stability=0.0047  conv_epoch=None  time=1.6s  params=516

  [ 24/54]  num_nodi=  5  node_size= 20 (20  )
    acc=0.5000  f1=0.6667  auc=1.0000  best_val=0.5000
    min_loss=0.8554  final_loss=0.8554  stability=0.0081  conv_epoch=None  time=2.0s  params=2016

  [ 25/54]  num_nodi=  5  node_size= 30 (30  )
    acc=0.5000  f1=0.0000  auc=0.0000  best_val=0.5000
    min_loss=4.9333  final_loss=4.9333  stability=0.0516  conv_epoch=None  time=2.5s  params=4516

  [ 26/54]  num_nodi=  5  node_size= 40 (40  )
    acc=0.5000  f1=0.6667  auc=1.0000  best_val=0.5000
    min_loss=1.0750  final_loss=1.0750  stability=0.0341  conv_epoch=None  time=3.3s  params=8016

  [ 27/54]  num_nodi=  5  node_size= 50 (50  )
    acc=0.5000  f1=0.0000  auc=0.0000  best_val=0.5000
    min_loss=8.5741  final_loss=8.5741  stability=0.0905  conv_epoch=None  time=4.2s  params=12516

  [ 28/54]  num_nodi=  8  node_size=  1 (x1F )
    acc=0.5000  f1=0.0000  auc=0.4175  best_val=0.5000
    min_loss=0.7058  final_loss=0.7058  stability=0.0002  conv_epoch=None  time=2.3s  params=33

  [ 29/54]  num_nodi=  8  node_size=  2 (x2F )
    acc=0.5000  f1=0.6667  auc=0.6250  best_val=0.5000
    min_loss=0.7100  final_loss=0.7100  stability=0.0004  conv_epoch=None  time=2.3s  params=57

  [ 30/54]  num_nodi=  8  node_size=  3 (x3F )
    acc=0.5000  f1=0.6667  auc=0.6600  best_val=0.5000
    min_loss=0.7131  final_loss=0.7131  stability=0.0003  conv_epoch=None  time=2.4s  params=97

  [ 31/54]  num_nodi=  8  node_size=  4 (x4F )
    acc=0.6000  f1=0.5000  auc=0.7225  best_val=0.6500
    min_loss=0.6817  final_loss=0.6817  stability=0.0005  conv_epoch=None  time=2.5s  params=153

  [ 32/54]  num_nodi=  8  node_size= 10 (10  )
    acc=0.5000  f1=0.0000  auc=0.1000  best_val=0.5000
    min_loss=0.8851  final_loss=0.8851  stability=0.0035  conv_epoch=None  time=2.6s  params=825

  [ 33/54]  num_nodi=  8  node_size= 20 (20  )
    acc=0.5000  f1=0.6667  auc=1.0000  best_val=0.5000
    min_loss=0.6677  final_loss=0.6677  stability=0.0058  conv_epoch=None  time=3.2s  params=3225

  [ 34/54]  num_nodi=  8  node_size= 30 (30  )
    acc=0.1000  f1=0.0000  auc=0.0000  best_val=0.2750
    min_loss=0.8208  final_loss=0.8208  stability=0.0203  conv_epoch=None  time=4.2s  params=7225

  [ 35/54]  num_nodi=  8  node_size= 40 (40  )
    acc=0.5000  f1=0.0000  auc=0.0000  best_val=0.5000
    min_loss=4.2168  final_loss=4.2168  stability=0.0961  conv_epoch=None  time=5.2s  params=12825

  [ 36/54]  num_nodi=  8  node_size= 50 (50  )
    acc=0.5000  f1=0.6667  auc=1.0000  best_val=0.5000
    min_loss=0.9295  final_loss=0.9295  stability=0.0809  conv_epoch=None  time=6.8s  params=20025

  [ 37/54]  num_nodi= 10  node_size=  1 (x1F )
    acc=0.4000  f1=0.3684  auc=0.4175  best_val=0.4000
    min_loss=0.6933  final_loss=0.6933  stability=0.0001  conv_epoch=None  time=2.8s  params=41

  [ 38/54]  num_nodi= 10  node_size=  2 (x2F )
    acc=0.6500  f1=0.6818  auc=0.6300  best_val=0.6500
    min_loss=0.6899  final_loss=0.6899  stability=0.0002  conv_epoch=None  time=2.9s  params=71

  [ 39/54]  num_nodi= 10  node_size=  3 (x3F )
    acc=0.3250  f1=0.3415  auc=0.3300  best_val=0.3250
    min_loss=0.7089  final_loss=0.7089  stability=0.0002  conv_epoch=None  time=3.0s  params=121

  [ 40/54]  num_nodi= 10  node_size=  4 (x4F )
    acc=0.5000  f1=0.0000  auc=0.3025  best_val=0.5000
    min_loss=0.7126  final_loss=0.7126  stability=0.0010  conv_epoch=None  time=3.0s  params=191

  [ 41/54]  num_nodi= 10  node_size= 10 (10  )
    acc=0.5000  f1=0.6667  auc=0.9000  best_val=0.5000
    min_loss=0.6810  final_loss=0.6810  stability=0.0006  conv_epoch=None  time=3.2s  params=1031

  [ 42/54]  num_nodi= 10  node_size= 20 (20  )
    acc=0.5000  f1=0.6667  auc=1.0000  best_val=0.5000
    min_loss=0.7167  final_loss=0.7167  stability=0.0122  conv_epoch=None  time=4.1s  params=4031

  [ 43/54]  num_nodi= 10  node_size= 30 (30  )
    acc=0.5000  f1=0.0000  auc=0.0000  best_val=0.5000
    min_loss=2.0500  final_loss=2.0500  stability=0.0502  conv_epoch=None  time=5.1s  params=9031

  [ 44/54]  num_nodi= 10  node_size= 40 (40  )
    acc=0.5000  f1=0.0000  auc=0.0000  best_val=0.5000
    min_loss=1.8323  final_loss=1.8323  stability=0.0845  conv_epoch=None  time=6.7s  params=16031

  [ 45/54]  num_nodi= 10  node_size= 50 (50  )
    acc=0.5000  f1=0.6667  auc=1.0000  best_val=0.5000
    min_loss=5.8345  final_loss=5.8345  stability=0.1263  conv_epoch=None  time=8.4s  params=25031

  [ 46/54]  num_nodi= 15  node_size=  1 (x1F )
    acc=0.5000  f1=0.0000  auc=0.4150  best_val=0.5000
    min_loss=0.6938  final_loss=0.6938  stability=0.0001  conv_epoch=None  time=4.2s  params=61

  [ 47/54]  num_nodi= 15  node_size=  2 (x2F )
    acc=0.5000  f1=0.6667  auc=0.3675  best_val=0.5000
    min_loss=0.6962  final_loss=0.6962  stability=0.0000  conv_epoch=None  time=4.5s  params=106

  [ 48/54]  num_nodi= 15  node_size=  3 (x3F )
    acc=0.6000  f1=0.6190  auc=0.6675  best_val=0.6000
    min_loss=0.6885  final_loss=0.6885  stability=0.0003  conv_epoch=None  time=4.3s  params=181

  [ 49/54]  num_nodi= 15  node_size=  4 (x4F )
    acc=0.6500  f1=0.6957  auc=0.7200  best_val=0.6500
    min_loss=0.6743  final_loss=0.6743  stability=0.0002  conv_epoch=None  time=4.4s  params=286

  [ 50/54]  num_nodi= 15  node_size= 10 (10  )
    acc=0.5000  f1=0.6667  auc=0.9000  best_val=0.5000
    min_loss=0.6508  final_loss=0.6508  stability=0.0014  conv_epoch=None  time=4.9s  params=1546

  [ 51/54]  num_nodi= 15  node_size= 20 (20  )
    acc=0.5000  f1=0.0000  auc=1.0000  best_val=0.5000
    min_loss=0.7031  final_loss=0.7031  stability=0.0163  conv_epoch=None  time=6.0s  params=6046

  [ 52/54]  num_nodi= 15  node_size= 30 (30  )
    acc=0.5000  f1=0.6667  auc=1.0000  best_val=0.5000
    min_loss=0.6803  final_loss=0.6803  stability=0.0227  conv_epoch=None  time=7.7s  params=13546

  [ 53/54]  num_nodi= 15  node_size= 40 (40  )
    acc=0.5000  f1=0.6667  auc=1.0000  best_val=0.5000
    min_loss=0.6990  final_loss=0.6990  stability=0.0255  conv_epoch=None  time=9.9s  params=24046

  [ 54/54]  num_nodi= 15  node_size= 50 (50  )
    acc=0.5000  f1=0.0000  auc=0.0000  best_val=0.5000
    min_loss=4.8550  final_loss=4.8550  stability=0.2027  conv_epoch=None  time=12.6s  params=37546

  XOR 1D grid completed in 169.8s (2.8 min)

──────────────────────────────────────────────────────────────────────
  ACCURACY MATRIX  (rows=num_nodi, cols=node_size)  XOR 1D
──────────────────────────────────────────────────────────────────────
          x1F   x2F    x3F   x4F   10   20   30   40   50
num_nodi                                                 
2         0.5  0.50  0.500  0.50  0.5  0.5  0.5  0.5  0.5
3         0.5  0.50  0.500  0.35  0.5  0.5  0.5  0.5  0.5
5         0.5  0.50  0.500  0.50  0.5  0.5  0.5  0.5  0.5
8         0.5  0.50  0.500  0.60  0.5  0.5  0.1  0.5  0.5
10        0.4  0.65  0.325  0.50  0.5  0.5  0.5  0.5  0.5
15        0.5  0.50  0.600  0.65  0.5  0.5  0.5  0.5  0.5

  BEST CONFIG:  num_nodi=10  node_size=x2F  →  acc=0.6500
  Output dir: plots_matrix_xor_20260218_084840/xor_1d

================================================================================
  MATRIX EXPERIMENT  —  XOR 2D    [08:51:32]
================================================================================
  Device  : cuda
  Epochs  : 2
  Batch   : 1000000
  LR      : γ=0.001  λ=0.001  off=0.001  comb=0.001
  SA      : β=[1, 10]  reads=1  sweeps=100
  Samples : 100 / region  (test_size=0.2)
  Train   : 320 samples  |  Test: 80 samples
  Grid    : 6 × 9 = 54 configurations

  [  1/54]  num_nodi=  2  node_size=  2 (x1F )
    acc=0.5000  f1=0.6667  auc=0.5594  best_val=0.5000
    min_loss=0.6949  final_loss=0.6949  stability=0.0001  conv_epoch=None  time=1.2s  params=15

  [  2/54]  num_nodi=  2  node_size=  4 (x2F )
    acc=0.5000  f1=0.6667  auc=0.4337  best_val=0.5000
    min_loss=0.7339  final_loss=0.7339  stability=0.0002  conv_epoch=None  time=1.2s  params=39

  [  3/54]  num_nodi=  2  node_size=  6 (x3F )
    acc=0.5000  f1=0.0000  auc=0.5769  best_val=0.5000
    min_loss=0.7351  final_loss=0.7351  stability=0.0004  conv_epoch=None  time=1.2s  params=79

  [  4/54]  num_nodi=  2  node_size=  8 (x4F )
    acc=0.5000  f1=0.0000  auc=0.5131  best_val=0.5000
    min_loss=0.7082  final_loss=0.7082  stability=0.0008  conv_epoch=None  time=1.2s  params=135

  [  5/54]  num_nodi=  2  node_size= 10 (10  )
    acc=0.4875  f1=0.5773  auc=0.4538  best_val=0.4875
    min_loss=0.7138  final_loss=0.7138  stability=0.0007  conv_epoch=None  time=1.3s  params=207

  [  6/54]  num_nodi=  2  node_size= 20 (20  )
    acc=0.5000  f1=0.0000  auc=0.5456  best_val=0.5000
    min_loss=0.7539  final_loss=0.7539  stability=0.0017  conv_epoch=None  time=1.6s  params=807

  [  7/54]  num_nodi=  2  node_size= 30 (30  )
    acc=0.4500  f1=0.5686  auc=0.5694  best_val=0.4625
    min_loss=0.6947  final_loss=0.6947  stability=0.0028  conv_epoch=None  time=2.0s  params=1807

  [  8/54]  num_nodi=  2  node_size= 40 (40  )
    acc=0.5000  f1=0.6667  auc=0.4819  best_val=0.5000
    min_loss=1.1873  final_loss=1.1873  stability=0.0097  conv_epoch=None  time=2.7s  params=3207

  [  9/54]  num_nodi=  2  node_size= 50 (50  )
    acc=0.5000  f1=0.6667  auc=0.4944  best_val=0.5000
    min_loss=1.6740  final_loss=1.6740  stability=0.0285  conv_epoch=None  time=3.3s  params=5007

  [ 10/54]  num_nodi=  3  node_size=  2 (x1F )
    acc=0.5000  f1=0.6667  auc=0.5656  best_val=0.5000
    min_loss=0.7023  final_loss=0.7023  stability=0.0001  conv_epoch=None  time=1.7s  params=22

  [ 11/54]  num_nodi=  3  node_size=  4 (x2F )
    acc=0.5000  f1=0.0000  auc=0.5781  best_val=0.5000
    min_loss=0.7603  final_loss=0.7603  stability=0.0006  conv_epoch=None  time=1.8s  params=58

  [ 12/54]  num_nodi=  3  node_size=  6 (x3F )
    acc=0.5000  f1=0.6667  auc=0.5919  best_val=0.5000
    min_loss=0.7116  final_loss=0.7116  stability=0.0004  conv_epoch=None  time=1.9s  params=118

  [ 13/54]  num_nodi=  3  node_size=  8 (x4F )
    acc=0.5000  f1=0.0000  auc=0.5981  best_val=0.5000
    min_loss=0.7023  final_loss=0.7023  stability=0.0005  conv_epoch=None  time=1.9s  params=202

  [ 14/54]  num_nodi=  3  node_size= 10 (10  )
    acc=0.5000  f1=0.0000  auc=0.6231  best_val=0.5000
    min_loss=0.6944  final_loss=0.6944  stability=0.0002  conv_epoch=None  time=1.9s  params=310

  [ 15/54]  num_nodi=  3  node_size= 20 (20  )
    acc=0.4750  f1=0.6441  auc=0.6162  best_val=0.5000
    min_loss=0.6951  final_loss=0.6951  stability=0.0027  conv_epoch=None  time=2.4s  params=1210

  [ 16/54]  num_nodi=  3  node_size= 30 (30  )
    acc=0.5000  f1=0.0000  auc=0.5500  best_val=0.5000
    min_loss=1.4154  final_loss=1.4154  stability=0.0171  conv_epoch=None  time=3.0s  params=2710

  [ 17/54]  num_nodi=  3  node_size= 40 (40  )
    acc=0.5000  f1=0.6667  auc=0.4806  best_val=0.5000
    min_loss=0.8183  final_loss=0.8183  stability=0.0034  conv_epoch=None  time=4.0s  params=4810

  [ 18/54]  num_nodi=  3  node_size= 50 (50  )
    acc=0.5000  f1=0.0000  auc=0.5112  best_val=0.5000
    min_loss=4.9332  final_loss=4.9332  stability=0.0536  conv_epoch=None  time=5.0s  params=7510

  [ 19/54]  num_nodi=  5  node_size=  2 (x1F )
    acc=0.5000  f1=0.0000  auc=0.5763  best_val=0.5000
    min_loss=0.7096  final_loss=0.7096  stability=0.0002  conv_epoch=None  time=2.9s  params=36

  [ 20/54]  num_nodi=  5  node_size=  4 (x2F )
    acc=0.5000  f1=0.6667  auc=0.4525  best_val=0.5000
    min_loss=0.7360  final_loss=0.7360  stability=0.0008  conv_epoch=None  time=2.9s  params=96

  [ 21/54]  num_nodi=  5  node_size=  6 (x3F )
    acc=0.5125  f1=0.0930  auc=0.5644  best_val=0.5125
    min_loss=0.7258  final_loss=0.7258  stability=0.0011  conv_epoch=None  time=3.0s  params=196

  [ 22/54]  num_nodi=  5  node_size=  8 (x4F )
    acc=0.5000  f1=0.0000  auc=0.5700  best_val=0.5000
    min_loss=0.8049  final_loss=0.8049  stability=0.0032  conv_epoch=None  time=3.2s  params=336

  [ 23/54]  num_nodi=  5  node_size= 10 (10  )
    acc=0.5000  f1=0.0000  auc=0.5550  best_val=0.5000
    min_loss=0.6944  final_loss=0.6944  stability=0.0009  conv_epoch=None  time=3.2s  params=516

  [ 24/54]  num_nodi=  5  node_size= 20 (20  )
    acc=0.5375  f1=0.5647  auc=0.5788  best_val=0.5375
    min_loss=0.6880  final_loss=0.6880  stability=0.0013  conv_epoch=None  time=3.9s  params=2016

  [ 25/54]  num_nodi=  5  node_size= 30 (30  )
    acc=0.5000  f1=0.6667  auc=0.4744  best_val=0.5000
    min_loss=0.8391  final_loss=0.8391  stability=0.0104  conv_epoch=None  time=5.1s  params=4516

  [ 26/54]  num_nodi=  5  node_size= 40 (40  )
    acc=0.5000  f1=0.6667  auc=0.4806  best_val=0.5000
    min_loss=1.3445  final_loss=1.3445  stability=0.0373  conv_epoch=None  time=6.5s  params=8016

  [ 27/54]  num_nodi=  5  node_size= 50 (50  )
    acc=0.5000  f1=0.0000  auc=0.5125  best_val=0.5000
    min_loss=2.1424  final_loss=2.1424  stability=0.0433  conv_epoch=None  time=8.3s  params=12516

  [ 28/54]  num_nodi=  8  node_size=  2 (x1F )
    acc=0.5000  f1=0.6667  auc=0.8794  best_val=0.5000
    min_loss=0.6930  final_loss=0.6930  stability=0.0001  conv_epoch=None  time=4.6s  params=57

  [ 29/54]  num_nodi=  8  node_size=  4 (x2F )
    acc=0.5000  f1=0.6667  auc=0.4406  best_val=0.5000
    min_loss=0.7209  final_loss=0.7209  stability=0.0006  conv_epoch=None  time=4.7s  params=153

  [ 30/54]  num_nodi=  8  node_size=  6 (x3F )
    acc=0.6000  f1=0.5897  auc=0.6312  best_val=0.5875
    min_loss=0.6908  final_loss=0.6908  stability=0.0003  conv_epoch=None  time=4.7s  params=313

  [ 31/54]  num_nodi=  8  node_size=  8 (x4F )
    acc=0.4750  f1=0.6379  auc=0.4569  best_val=0.4625
    min_loss=0.7017  final_loss=0.7017  stability=0.0016  conv_epoch=None  time=5.0s  params=537

  [ 32/54]  num_nodi=  8  node_size= 10 (10  )
    acc=0.5250  f1=0.0952  auc=0.4906  best_val=0.5250
    min_loss=0.7000  final_loss=0.7000  stability=0.0010  conv_epoch=None  time=5.0s  params=825

  [ 33/54]  num_nodi=  8  node_size= 20 (20  )
    acc=0.5000  f1=0.6667  auc=0.5606  best_val=0.5000
    min_loss=0.7052  final_loss=0.7052  stability=0.0044  conv_epoch=None  time=6.4s  params=3225

  [ 34/54]  num_nodi=  8  node_size= 30 (30  )
    acc=0.5000  f1=0.0000  auc=0.6431  best_val=0.5000
    min_loss=0.7242  final_loss=0.7242  stability=0.0100  conv_epoch=None  time=8.2s  params=7225

  [ 35/54]  num_nodi=  8  node_size= 40 (40  )
    acc=0.6625  f1=0.6087  auc=0.6737  best_val=0.6625
    min_loss=0.6918  final_loss=0.6918  stability=0.0088  conv_epoch=None  time=10.4s  params=12825

  [ 36/54]  num_nodi=  8  node_size= 50 (50  )
    acc=0.5000  f1=0.6667  auc=0.4931  best_val=0.5000
    min_loss=2.0499  final_loss=2.0499  stability=0.0401  conv_epoch=None  time=13.2s  params=20025

  [ 37/54]  num_nodi= 10  node_size=  2 (x1F )
    acc=0.5000  f1=0.6667  auc=0.4519  best_val=0.5000
    min_loss=0.6983  final_loss=0.6983  stability=0.0002  conv_epoch=None  time=5.8s  params=71

  [ 38/54]  num_nodi= 10  node_size=  4 (x2F )
    acc=0.5000  f1=0.0000  auc=0.5650  best_val=0.5000
    min_loss=0.7317  final_loss=0.7317  stability=0.0011  conv_epoch=None  time=5.8s  params=191

  [ 39/54]  num_nodi= 10  node_size=  6 (x3F )
    acc=0.5125  f1=0.0930  auc=0.5713  best_val=0.5125
    min_loss=0.7016  final_loss=0.7016  stability=0.0010  conv_epoch=None  time=6.0s  params=391

  [ 40/54]  num_nodi= 10  node_size=  8 (x4F )
    acc=0.5375  f1=0.1395  auc=0.5413  best_val=0.5375
    min_loss=0.6936  final_loss=0.6936  stability=0.0009  conv_epoch=None  time=6.1s  params=671

  [ 41/54]  num_nodi= 10  node_size= 10 (10  )
    acc=0.5250  f1=0.4412  auc=0.5956  best_val=0.5125
    min_loss=0.6899  final_loss=0.6899  stability=0.0011  conv_epoch=None  time=6.4s  params=1031

  [ 42/54]  num_nodi= 10  node_size= 20 (20  )
    acc=0.5000  f1=0.0000  auc=0.5525  best_val=0.5000
    min_loss=1.5606  final_loss=1.5606  stability=0.0186  conv_epoch=None  time=7.9s  params=4031

  [ 43/54]  num_nodi= 10  node_size= 30 (30  )
    acc=0.5000  f1=0.0000  auc=0.5675  best_val=0.5000
    min_loss=0.7511  final_loss=0.7511  stability=0.0088  conv_epoch=None  time=10.0s  params=9031

  [ 44/54]  num_nodi= 10  node_size= 40 (40  )
    acc=0.6625  f1=0.6087  auc=0.6531  best_val=0.6500
    min_loss=0.6906  final_loss=0.6906  stability=0.0120  conv_epoch=None  time=12.9s  params=16031

  [ 45/54]  num_nodi= 10  node_size= 50 (50  )
    acc=0.5000  f1=0.6667  auc=0.4956  best_val=0.5000
    min_loss=3.1788  final_loss=3.1788  stability=0.0812  conv_epoch=None  time=16.4s  params=25031

  [ 46/54]  num_nodi= 15  node_size=  2 (x1F )
    acc=0.5000  f1=0.6667  auc=0.4369  best_val=0.5000
    min_loss=0.7055  final_loss=0.7055  stability=0.0004  conv_epoch=None  time=8.6s  params=106

  [ 47/54]  num_nodi= 15  node_size=  4 (x2F )
    acc=0.4750  f1=0.6316  auc=0.4425  best_val=0.4750
    min_loss=0.6973  final_loss=0.6973  stability=0.0005  conv_epoch=None  time=8.8s  params=286

  [ 48/54]  num_nodi= 15  node_size=  6 (x3F )
    acc=0.5000  f1=0.0000  auc=0.5750  best_val=0.5000
    min_loss=0.7342  final_loss=0.7342  stability=0.0019  conv_epoch=None  time=9.0s  params=586

  [ 49/54]  num_nodi= 15  node_size=  8 (x4F )
    acc=0.4875  f1=0.6019  auc=0.4450  best_val=0.4875
    min_loss=0.7058  final_loss=0.7058  stability=0.0017  conv_epoch=None  time=9.4s  params=1006

  [ 50/54]  num_nodi= 15  node_size= 10 (10  )
    acc=0.5000  f1=0.6667  auc=0.8750  best_val=0.5000
    min_loss=0.6959  final_loss=0.6959  stability=0.0020  conv_epoch=None  time=9.6s  params=1546

  [ 51/54]  num_nodi= 15  node_size= 20 (20  )
    acc=0.5000  f1=0.6667  auc=0.4763  best_val=0.5000
    min_loss=0.8224  final_loss=0.8224  stability=0.0124  conv_epoch=None  time=11.8s  params=6046

  [ 52/54]  num_nodi= 15  node_size= 30 (30  )
    acc=0.5000  f1=0.0000  auc=0.6731  best_val=0.5000
    min_loss=0.7195  final_loss=0.7195  stability=0.0161  conv_epoch=None  time=15.0s  params=13546

  [ 53/54]  num_nodi= 15  node_size= 40 (40  )
    acc=0.5000  f1=0.0000  auc=0.5631  best_val=0.5000
    min_loss=0.9024  final_loss=0.9024  stability=0.0354  conv_epoch=None  time=19.3s  params=24046

  [ 54/54]  num_nodi= 15  node_size= 50 (50  )
    acc=0.5000  f1=0.0000  auc=0.5219  best_val=0.5000
    min_loss=2.9622  final_loss=2.9622  stability=0.1121  conv_epoch=None  time=24.8s  params=37546

  XOR 2D grid completed in 334.0s (5.6 min)

──────────────────────────────────────────────────────────────────────
  ACCURACY MATRIX  (rows=num_nodi, cols=node_size)  XOR 2D
──────────────────────────────────────────────────────────────────────
          x1F    x2F     x3F     x4F      10      20    30      40   50
num_nodi                                                               
2         0.5  0.500  0.5000  0.5000  0.4875  0.5000  0.45  0.5000  0.5
3         0.5  0.500  0.5000  0.5000  0.5000  0.4750  0.50  0.5000  0.5
5         0.5  0.500  0.5125  0.5000  0.5000  0.5375  0.50  0.5000  0.5
8         0.5  0.500  0.6000  0.4750  0.5250  0.5000  0.50  0.6625  0.5
10        0.5  0.500  0.5125  0.5375  0.5250  0.5000  0.50  0.6625  0.5
15        0.5  0.475  0.5000  0.4875  0.5000  0.5000  0.50  0.5000  0.5

  BEST CONFIG:  num_nodi=8  node_size=40  →  acc=0.6625
  Output dir: plots_matrix_xor_20260218_084840/xor_2d

================================================================================
  MATRIX EXPERIMENT  —  XOR 3D    [08:57:08]
================================================================================
  Device  : cuda
  Epochs  : 2
  Batch   : 1000000
  LR      : γ=0.001  λ=0.001  off=0.001  comb=0.001
  SA      : β=[1, 10]  reads=1  sweeps=100
  Samples : 100 / region  (test_size=0.2)
  Train   : 640 samples  |  Test: 160 samples
  Grid    : 6 × 9 = 54 configurations

  [  1/54]  num_nodi=  2  node_size=  3 (x1F )
    acc=0.4938  f1=0.0000  auc=0.4525  best_val=0.4938
    min_loss=0.6967  final_loss=0.6967  stability=0.0001  conv_epoch=None  time=2.3s  params=25

  [  2/54]  num_nodi=  2  node_size=  6 (x2F )
    acc=0.5000  f1=0.0000  auc=0.4519  best_val=0.5000
    min_loss=0.7096  final_loss=0.7096  stability=0.0002  conv_epoch=None  time=2.4s  params=79

  [  3/54]  num_nodi=  2  node_size=  9 (x3F )
    acc=0.5000  f1=0.6667  auc=0.5492  best_val=0.5000
    min_loss=0.7308  final_loss=0.7308  stability=0.0003  conv_epoch=None  time=2.5s  params=169

  [  4/54]  num_nodi=  2  node_size= 12 (x4F )
    acc=0.5000  f1=0.0000  auc=0.4486  best_val=0.5000
    min_loss=0.7080  final_loss=0.7080  stability=0.0005  conv_epoch=None  time=2.6s  params=295

  [  5/54]  num_nodi=  2  node_size= 10 (10  )
    acc=0.5000  f1=0.0000  auc=0.4366  best_val=0.5000
    min_loss=0.9741  final_loss=0.9741  stability=0.0030  conv_epoch=None  time=2.5s  params=207

  [  6/54]  num_nodi=  2  node_size= 20 (20  )
    acc=0.5000  f1=0.6667  auc=0.4516  best_val=0.5000
    min_loss=0.7024  final_loss=0.7024  stability=0.0004  conv_epoch=None  time=3.1s  params=807

  [  7/54]  num_nodi=  2  node_size= 30 (30  )
    acc=0.5000  f1=0.6667  auc=0.5297  best_val=0.5000
    min_loss=1.2107  final_loss=1.2107  stability=0.0077  conv_epoch=None  time=4.1s  params=1807

  [  8/54]  num_nodi=  2  node_size= 40 (40  )
    acc=0.5000  f1=0.6667  auc=0.5198  best_val=0.5000
    min_loss=2.5741  final_loss=2.5741  stability=0.0221  conv_epoch=None  time=5.2s  params=3207

  [  9/54]  num_nodi=  2  node_size= 50 (50  )
    acc=0.5000  f1=0.0000  auc=0.4998  best_val=0.5000
    min_loss=1.9730  final_loss=1.9730  stability=0.0217  conv_epoch=None  time=6.6s  params=5007

  [ 10/54]  num_nodi=  3  node_size=  3 (x1F )
    acc=0.5000  f1=0.0000  auc=0.4555  best_val=0.5000
    min_loss=0.7023  final_loss=0.7023  stability=0.0002  conv_epoch=None  time=3.4s  params=37

  [ 11/54]  num_nodi=  3  node_size=  6 (x2F )
    acc=0.5000  f1=0.0000  auc=0.4492  best_val=0.5000
    min_loss=0.7358  final_loss=0.7358  stability=0.0007  conv_epoch=None  time=3.6s  params=118

  [ 12/54]  num_nodi=  3  node_size=  9 (x3F )
    acc=0.5000  f1=0.0000  auc=0.4473  best_val=0.5000
    min_loss=0.7584  final_loss=0.7584  stability=0.0016  conv_epoch=None  time=3.7s  params=253

  [ 13/54]  num_nodi=  3  node_size= 12 (x4F )
    acc=0.5000  f1=0.0000  auc=0.5530  best_val=0.5000
    min_loss=0.7050  final_loss=0.7050  stability=0.0003  conv_epoch=None  time=3.9s  params=442

  [ 14/54]  num_nodi=  3  node_size= 10 (10  )
    acc=0.5000  f1=0.0000  auc=0.4339  best_val=0.5000
    min_loss=0.7449  final_loss=0.7449  stability=0.0009  conv_epoch=None  time=3.9s  params=310

  [ 15/54]  num_nodi=  3  node_size= 20 (20  )
    acc=0.5000  f1=0.0000  auc=0.4497  best_val=0.5000
    min_loss=0.7650  final_loss=0.7650  stability=0.0016  conv_epoch=None  time=4.7s  params=1210

  [ 16/54]  num_nodi=  3  node_size= 30 (30  )
    acc=0.5000  f1=0.0000  auc=0.4697  best_val=0.5000
    min_loss=1.6952  final_loss=1.6952  stability=0.0173  conv_epoch=None  time=6.0s  params=2710

  [ 17/54]  num_nodi=  3  node_size= 40 (40  )
    acc=0.5000  f1=0.0000  auc=0.4719  best_val=0.5000
    min_loss=0.7281  final_loss=0.7281  stability=0.0046  conv_epoch=None  time=7.6s  params=4810

  [ 18/54]  num_nodi=  3  node_size= 50 (50  )
    acc=0.5000  f1=0.6667  auc=0.5012  best_val=0.5000
    min_loss=3.5732  final_loss=3.5732  stability=0.0335  conv_epoch=None  time=9.8s  params=7510

  [ 19/54]  num_nodi=  5  node_size=  3 (x1F )
    acc=0.5000  f1=0.6667  auc=0.4613  best_val=0.5000
    min_loss=0.6935  final_loss=0.6935  stability=0.0000  conv_epoch=None  time=5.9s  params=61

  [ 20/54]  num_nodi=  5  node_size=  6 (x2F )
    acc=0.5000  f1=0.0000  auc=0.4506  best_val=0.5000
    min_loss=0.7419  final_loss=0.7419  stability=0.0009  conv_epoch=None  time=5.9s  params=196

  [ 21/54]  num_nodi=  5  node_size=  9 (x3F )
    acc=0.5000  f1=0.0000  auc=0.5442  best_val=0.5000
    min_loss=0.7040  final_loss=0.7040  stability=0.0004  conv_epoch=None  time=6.3s  params=421

  [ 22/54]  num_nodi=  5  node_size= 12 (x4F )
    acc=0.5250  f1=0.4328  auc=0.5502  best_val=0.5188
    min_loss=0.6956  final_loss=0.6956  stability=0.0000  conv_epoch=None  time=6.6s  params=736

  [ 23/54]  num_nodi=  5  node_size= 10 (10  )
    acc=0.5000  f1=0.6667  auc=0.5647  best_val=0.5000
    min_loss=0.8714  final_loss=0.8714  stability=0.0032  conv_epoch=None  time=6.3s  params=516

  [ 24/54]  num_nodi=  5  node_size= 20 (20  )
    acc=0.5000  f1=0.6667  auc=0.5508  best_val=0.5000
    min_loss=0.7695  final_loss=0.7695  stability=0.0038  conv_epoch=None  time=7.9s  params=2016

  [ 25/54]  num_nodi=  5  node_size= 30 (30  )
    acc=0.5000  f1=0.6667  auc=0.5092  best_val=0.5000
    min_loss=0.6959  final_loss=0.6959  stability=0.0018  conv_epoch=None  time=10.0s  params=4516

  [ 26/54]  num_nodi=  5  node_size= 40 (40  )
    acc=0.5000  f1=0.0000  auc=0.4802  best_val=0.5000
    min_loss=1.4275  final_loss=1.4275  stability=0.0144  conv_epoch=None  time=12.9s  params=8016

  [ 27/54]  num_nodi=  5  node_size= 50 (50  )
    acc=0.5000  f1=0.6667  auc=0.5016  best_val=0.5000
    min_loss=2.5979  final_loss=2.5979  stability=0.0320  conv_epoch=None  time=16.3s  params=12516

  [ 28/54]  num_nodi=  8  node_size=  3 (x1F )
    acc=0.5000  f1=0.0000  auc=0.4550  best_val=0.5000
    min_loss=0.7230  final_loss=0.7230  stability=0.0005  conv_epoch=None  time=9.1s  params=97

  [ 29/54]  num_nodi=  8  node_size=  6 (x2F )
    acc=0.5188  f1=0.3186  auc=0.5537  best_val=0.5250
    min_loss=0.6937  final_loss=0.6937  stability=0.0001  conv_epoch=None  time=9.5s  params=313

  [ 30/54]  num_nodi=  8  node_size=  9 (x3F )
    acc=0.4688  f1=0.5198  auc=0.4480  best_val=0.4750
    min_loss=0.6941  final_loss=0.6942  stability=0.0000  conv_epoch=None  time=10.0s  params=673

  [ 31/54]  num_nodi=  8  node_size= 12 (x4F )
    acc=0.5000  f1=0.0000  auc=0.4809  best_val=0.5000
    min_loss=0.7069  final_loss=0.7069  stability=0.0016  conv_epoch=None  time=10.6s  params=1177

  [ 32/54]  num_nodi=  8  node_size= 10 (10  )
    acc=0.5000  f1=0.0000  auc=0.4380  best_val=0.5000
    min_loss=0.7080  final_loss=0.7080  stability=0.0010  conv_epoch=None  time=10.3s  params=825

  [ 33/54]  num_nodi=  8  node_size= 20 (20  )
    acc=0.5000  f1=0.6667  auc=0.5542  best_val=0.5000
    min_loss=0.8735  final_loss=0.8735  stability=0.0076  conv_epoch=None  time=12.5s  params=3225

  [ 34/54]  num_nodi=  8  node_size= 30 (30  )
    acc=0.4938  f1=0.2957  auc=0.4664  best_val=0.5062
    min_loss=0.6925  final_loss=0.6925  stability=0.0004  conv_epoch=None  time=15.9s  params=7225

  [ 35/54]  num_nodi=  8  node_size= 40 (40  )
    acc=0.5000  f1=0.6667  auc=0.5209  best_val=0.5000
    min_loss=2.3660  final_loss=2.3660  stability=0.0261  conv_epoch=None  time=20.5s  params=12825

  [ 36/54]  num_nodi=  8  node_size= 50 (50  )
    acc=0.5000  f1=0.6667  auc=0.5014  best_val=0.5000
    min_loss=1.8661  final_loss=1.8661  stability=0.0369  conv_epoch=None  time=26.2s  params=20025

  [ 37/54]  num_nodi= 10  node_size=  3 (x1F )
    acc=0.5250  f1=0.5682  auc=0.5413  best_val=0.5375
    min_loss=0.6939  final_loss=0.6939  stability=0.0001  conv_epoch=None  time=11.6s  params=121

  [ 38/54]  num_nodi= 10  node_size=  6 (x2F )
    acc=0.5000  f1=0.0000  auc=0.5497  best_val=0.5000
    min_loss=0.6943  final_loss=0.6943  stability=0.0002  conv_epoch=None  time=11.9s  params=391

  [ 39/54]  num_nodi= 10  node_size=  9 (x3F )
    acc=0.5000  f1=0.6667  auc=0.5520  best_val=0.5000
    min_loss=0.7132  final_loss=0.7132  stability=0.0015  conv_epoch=None  time=12.5s  params=841

  [ 40/54]  num_nodi= 10  node_size= 12 (x4F )
    acc=0.4938  f1=0.0000  auc=0.4461  best_val=0.5000
    min_loss=0.8154  final_loss=0.8154  stability=0.0033  conv_epoch=None  time=13.2s  params=1471

  [ 41/54]  num_nodi= 10  node_size= 10 (10  )
    acc=0.5125  f1=0.2353  auc=0.5616  best_val=0.5250
    min_loss=0.6945  final_loss=0.6945  stability=0.0001  conv_epoch=None  time=12.6s  params=1031

  [ 42/54]  num_nodi= 10  node_size= 20 (20  )
    acc=0.5000  f1=0.0000  auc=0.4472  best_val=0.5000
    min_loss=0.7588  final_loss=0.7588  stability=0.0043  conv_epoch=None  time=15.6s  params=4031

  [ 43/54]  num_nodi= 10  node_size= 30 (30  )
    acc=0.5000  f1=0.6667  auc=0.4819  best_val=0.5000
    min_loss=0.6926  final_loss=0.6926  stability=0.0015  conv_epoch=None  time=19.9s  params=9031

  [ 44/54]  num_nodi= 10  node_size= 40 (40  )
    acc=0.5000  f1=0.6667  auc=0.5208  best_val=0.5000
    min_loss=3.4107  final_loss=3.4107  stability=0.0518  conv_epoch=None  time=25.8s  params=16031

  [ 45/54]  num_nodi= 10  node_size= 50 (50  )
    acc=0.5000  f1=0.0000  auc=0.4744  best_val=0.5000
    min_loss=0.9912  final_loss=0.9912  stability=0.0430  conv_epoch=None  time=32.6s  params=25031

  [ 46/54]  num_nodi= 15  node_size=  3 (x1F )
    acc=0.5000  f1=0.6667  auc=0.5473  best_val=0.5000
    min_loss=0.7270  final_loss=0.7270  stability=0.0008  conv_epoch=None  time=17.2s  params=181

  [ 47/54]  num_nodi= 15  node_size=  6 (x2F )
    acc=0.4938  f1=0.0241  auc=0.4525  best_val=0.5000
    min_loss=0.6934  final_loss=0.6934  stability=0.0002  conv_epoch=None  time=18.0s  params=586

  [ 48/54]  num_nodi= 15  node_size=  9 (x3F )
    acc=0.5000  f1=0.0000  auc=0.4447  best_val=0.5000
    min_loss=0.7177  final_loss=0.7177  stability=0.0020  conv_epoch=None  time=18.6s  params=1261

  [ 49/54]  num_nodi= 15  node_size= 12 (x4F )
    acc=0.5375  f1=0.6754  auc=0.5523  best_val=0.5375
    min_loss=0.7051  final_loss=0.7051  stability=0.0015  conv_epoch=None  time=19.7s  params=2206

  [ 50/54]  num_nodi= 15  node_size= 10 (10  )
    acc=0.5000  f1=0.6667  auc=0.5645  best_val=0.5000
    min_loss=0.7989  final_loss=0.7989  stability=0.0043  conv_epoch=None  time=19.2s  params=1546

  [ 51/54]  num_nodi= 15  node_size= 20 (20  )
    acc=0.5000  f1=0.0000  auc=0.4488  best_val=0.5000
    min_loss=1.2858  final_loss=1.2858  stability=0.0181  conv_epoch=None  time=23.2s  params=6046

  [ 52/54]  num_nodi= 15  node_size= 30 (30  )
    acc=0.4938  f1=0.0471  auc=0.4553  best_val=0.5000
    min_loss=0.6934  final_loss=0.6934  stability=0.0001  conv_epoch=None  time=29.7s  params=13546

  [ 53/54]  num_nodi= 15  node_size= 40 (40  )
    acc=0.4938  f1=0.6049  auc=0.5050  best_val=0.6000
    min_loss=0.6935  final_loss=0.6935  stability=0.0040  conv_epoch=None  time=38.1s  params=24046

  [ 54/54]  num_nodi= 15  node_size= 50 (50  )
    acc=0.5000  f1=0.6667  auc=0.5111  best_val=0.5000
    min_loss=1.1117  final_loss=1.1117  stability=0.0395  conv_epoch=None  time=48.6s  params=37546

  XOR 3D grid completed in 668.5s (11.1 min)

──────────────────────────────────────────────────────────────────────
  ACCURACY MATRIX  (rows=num_nodi, cols=node_size)  XOR 3D
──────────────────────────────────────────────────────────────────────
              x1F      x2F      x3F      x4F      10   20       30       40   50
num_nodi                                                                        
2         0.49375  0.50000  0.50000  0.50000  0.5000  0.5  0.50000  0.50000  0.5
3         0.50000  0.50000  0.50000  0.50000  0.5000  0.5  0.50000  0.50000  0.5
5         0.50000  0.50000  0.50000  0.52500  0.5000  0.5  0.50000  0.50000  0.5
8         0.50000  0.51875  0.46875  0.50000  0.5000  0.5  0.49375  0.50000  0.5
10        0.52500  0.50000  0.50000  0.49375  0.5125  0.5  0.50000  0.50000  0.5
15        0.50000  0.49375  0.50000  0.53750  0.5000  0.5  0.49375  0.49375  0.5

  BEST CONFIG:  num_nodi=15  node_size=x4F  →  acc=0.5375
  Output dir: plots_matrix_xor_20260218_084840/xor_3d

================================================================================
  MATRIX EXPERIMENT  —  XOR 4D    [09:08:18]
================================================================================
  Device  : cuda
  Epochs  : 2
  Batch   : 1000000
  LR      : γ=0.001  λ=0.001  off=0.001  comb=0.001
  SA      : β=[1, 10]  reads=1  sweeps=100
  Samples : 100 / region  (test_size=0.2)
  Train   : 1280 samples  |  Test: 320 samples
  Grid    : 6 × 9 = 54 configurations

  [  1/54]  num_nodi=  2  node_size=  4 (x1F )
    acc=0.5000  f1=0.6667  auc=0.4638  best_val=0.5000
    min_loss=0.7109  final_loss=0.7109  stability=0.0003  conv_epoch=None  time=4.8s  params=39

  [  2/54]  num_nodi=  2  node_size=  8 (x2F )
    acc=0.4813  f1=0.6085  auc=0.4646  best_val=0.4875
    min_loss=0.6997  final_loss=0.6997  stability=0.0002  conv_epoch=None  time=4.9s  params=135

  [  3/54]  num_nodi=  2  node_size= 12 (x3F )
    acc=0.5000  f1=0.6667  auc=0.4626  best_val=0.5000
    min_loss=1.0603  final_loss=1.0603  stability=0.0029  conv_epoch=None  time=5.3s  params=295

  [  4/54]  num_nodi=  2  node_size= 16 (x4F )
    acc=0.5000  f1=0.6667  auc=0.4616  best_val=0.5000
    min_loss=0.7063  final_loss=0.7063  stability=0.0003  conv_epoch=None  time=5.6s  params=519

  [  5/54]  num_nodi=  2  node_size= 10 (10  )
    acc=0.5000  f1=0.6667  auc=0.4824  best_val=0.5000
    min_loss=0.6932  final_loss=0.6932  stability=0.0000  conv_epoch=None  time=5.1s  params=207

  [  6/54]  num_nodi=  2  node_size= 20 (20  )
    acc=0.5000  f1=0.0000  auc=0.5352  best_val=0.5000
    min_loss=0.7817  final_loss=0.7817  stability=0.0022  conv_epoch=None  time=6.3s  params=807

  [  7/54]  num_nodi=  2  node_size= 30 (30  )
    acc=0.5000  f1=0.6667  auc=0.4656  best_val=0.5000
    min_loss=0.8426  final_loss=0.8426  stability=0.0044  conv_epoch=None  time=8.0s  params=1807

  [  8/54]  num_nodi=  2  node_size= 40 (40  )
    acc=0.5000  f1=0.0000  auc=0.5341  best_val=0.5000
    min_loss=0.7728  final_loss=0.7728  stability=0.0017  conv_epoch=None  time=10.2s  params=3207

  [  9/54]  num_nodi=  2  node_size= 50 (50  )
    acc=0.5094  f1=0.1604  auc=0.5270  best_val=0.5094
    min_loss=0.7434  final_loss=0.7434  stability=0.0043  conv_epoch=None  time=12.9s  params=5007

  [ 10/54]  num_nodi=  3  node_size=  4 (x1F )
    acc=0.5000  f1=0.6667  auc=0.4612  best_val=0.5000
    min_loss=0.6974  final_loss=0.6974  stability=0.0001  conv_epoch=None  time=7.0s  params=58

  [ 11/54]  num_nodi=  3  node_size=  8 (x2F )
    acc=0.4625  f1=0.4971  auc=0.4633  best_val=0.4625
    min_loss=0.6980  final_loss=0.6981  stability=0.0000  conv_epoch=None  time=7.4s  params=202

  [ 12/54]  num_nodi=  3  node_size= 12 (x3F )
    acc=0.5281  f1=0.5519  auc=0.5318  best_val=0.5281
    min_loss=0.6931  final_loss=0.6931  stability=0.0000  conv_epoch=None  time=8.0s  params=442

  [ 13/54]  num_nodi=  3  node_size= 16 (x4F )
    acc=0.4906  f1=0.6321  auc=0.4598  best_val=0.4938
    min_loss=0.6972  final_loss=0.6972  stability=0.0004  conv_epoch=None  time=8.6s  params=778

  [ 14/54]  num_nodi=  3  node_size= 10 (10  )
    acc=0.5000  f1=0.6667  auc=0.4734  best_val=0.5000
    min_loss=0.7466  final_loss=0.7466  stability=0.0009  conv_epoch=None  time=7.7s  params=310

  [ 15/54]  num_nodi=  3  node_size= 20 (20  )
    acc=0.5000  f1=0.0000  auc=0.5347  best_val=0.5000
    min_loss=1.1299  final_loss=1.1299  stability=0.0071  conv_epoch=None  time=9.5s  params=1210

  [ 16/54]  num_nodi=  3  node_size= 30 (30  )
    acc=0.5000  f1=0.6667  auc=0.4664  best_val=0.5000
    min_loss=2.3008  final_loss=2.3008  stability=0.0164  conv_epoch=None  time=11.9s  params=2710

  [ 17/54]  num_nodi=  3  node_size= 40 (40  )
    acc=0.5000  f1=0.6667  auc=0.4646  best_val=0.5000
    min_loss=1.1931  final_loss=1.1931  stability=0.0136  conv_epoch=None  time=15.4s  params=4810

  [ 18/54]  num_nodi=  3  node_size= 50 (50  )
    acc=0.5000  f1=0.0000  auc=0.5233  best_val=0.5000
    min_loss=0.7663  final_loss=0.7663  stability=0.0088  conv_epoch=None  time=19.8s  params=7510

  [ 19/54]  num_nodi=  5  node_size=  4 (x1F )
    acc=0.5000  f1=0.0000  auc=0.5343  best_val=0.5000
    min_loss=0.7588  final_loss=0.7588  stability=0.0008  conv_epoch=None  time=12.0s  params=96

  [ 20/54]  num_nodi=  5  node_size=  8 (x2F )
    acc=0.5000  f1=0.6667  auc=0.4632  best_val=0.5000
    min_loss=0.8048  final_loss=0.8048  stability=0.0013  conv_epoch=None  time=12.5s  params=336

  [ 21/54]  num_nodi=  5  node_size= 12 (x3F )
    acc=0.5000  f1=0.6667  auc=0.4632  best_val=0.5000
    min_loss=0.7841  final_loss=0.7841  stability=0.0018  conv_epoch=None  time=13.5s  params=736

  [ 22/54]  num_nodi=  5  node_size= 16 (x4F )
    acc=0.5000  f1=0.6667  auc=0.4622  best_val=0.5000
    min_loss=0.9613  final_loss=0.9613  stability=0.0042  conv_epoch=None  time=14.5s  params=1296

  [ 23/54]  num_nodi=  5  node_size= 10 (10  )
    acc=0.5000  f1=0.0000  auc=0.4694  best_val=0.5000
    min_loss=0.6960  final_loss=0.6960  stability=0.0003  conv_epoch=None  time=13.1s  params=516

  [ 24/54]  num_nodi=  5  node_size= 20 (20  )
    acc=0.4875  f1=0.0575  auc=0.5373  best_val=0.4844
    min_loss=0.7146  final_loss=0.7146  stability=0.0015  conv_epoch=None  time=15.8s  params=2016

  [ 25/54]  num_nodi=  5  node_size= 30 (30  )
    acc=0.5000  f1=0.6667  auc=0.4677  best_val=0.5000
    min_loss=0.8328  final_loss=0.8328  stability=0.0064  conv_epoch=None  time=19.8s  params=4516

  [ 26/54]  num_nodi=  5  node_size= 40 (40  )
    acc=0.5000  f1=0.6667  auc=0.4656  best_val=0.5000
    min_loss=2.5477  final_loss=2.5477  stability=0.0244  conv_epoch=None  time=25.7s  params=8016

  [ 27/54]  num_nodi=  5  node_size= 50 (50  )
    acc=0.5000  f1=0.6667  auc=0.4716  best_val=0.5000
    min_loss=1.7644  final_loss=1.7644  stability=0.0277  conv_epoch=None  time=32.6s  params=12516

  [ 28/54]  num_nodi=  8  node_size=  4 (x1F )
    acc=0.5000  f1=0.0000  auc=0.5345  best_val=0.5000
    min_loss=0.6961  final_loss=0.6961  stability=0.0002  conv_epoch=None  time=18.8s  params=153

  [ 29/54]  num_nodi=  8  node_size=  8 (x2F )
    acc=0.5000  f1=0.0000  auc=0.5320  best_val=0.5000
    min_loss=0.7290  final_loss=0.7290  stability=0.0015  conv_epoch=None  time=19.8s  params=537

  [ 30/54]  num_nodi=  8  node_size= 12 (x3F )
    acc=0.5000  f1=0.6667  auc=0.4623  best_val=0.5000
    min_loss=0.7423  final_loss=0.7423  stability=0.0022  conv_epoch=None  time=21.0s  params=1177

  [ 31/54]  num_nodi=  8  node_size= 16 (x4F )
    acc=0.4969  f1=0.0000  auc=0.5361  best_val=0.4969
    min_loss=0.7171  final_loss=0.7171  stability=0.0016  conv_epoch=None  time=23.2s  params=2073

  [ 32/54]  num_nodi=  8  node_size= 10 (10  )
    acc=0.5000  f1=0.6667  auc=0.4724  best_val=0.5000
    min_loss=0.7128  final_loss=0.7128  stability=0.0011  conv_epoch=None  time=20.8s  params=825

  [ 33/54]  num_nodi=  8  node_size= 20 (20  )
    acc=0.5000  f1=0.6667  auc=0.4650  best_val=0.5000
    min_loss=1.2543  final_loss=1.2543  stability=0.0130  conv_epoch=None  time=24.7s  params=3225

  [ 34/54]  num_nodi=  8  node_size= 30 (30  )
    acc=0.5000  f1=0.0000  auc=0.5322  best_val=0.5000
    min_loss=1.8085  final_loss=1.8085  stability=0.0204  conv_epoch=None  time=31.5s  params=7225

  [ 35/54]  num_nodi=  8  node_size= 40 (40  )
    acc=0.5000  f1=0.6667  auc=0.4664  best_val=0.5000
    min_loss=1.7888  final_loss=1.7888  stability=0.0360  conv_epoch=None  time=40.6s  params=12825

  [ 36/54]  num_nodi=  8  node_size= 50 (50  )
    acc=0.4969  f1=0.1744  auc=0.4512  best_val=0.4938
    min_loss=0.6940  final_loss=0.6940  stability=0.0025  conv_epoch=None  time=51.7s  params=20025

  [ 37/54]  num_nodi= 10  node_size=  4 (x1F )
    acc=0.5062  f1=0.1319  auc=0.5354  best_val=0.4969
    min_loss=0.6942  final_loss=0.6942  stability=0.0002  conv_epoch=None  time=23.2s  params=191

  [ 38/54]  num_nodi= 10  node_size=  8 (x2F )
    acc=0.5000  f1=0.6667  auc=0.4621  best_val=0.5000
    min_loss=0.7617  final_loss=0.7617  stability=0.0021  conv_epoch=None  time=24.6s  params=671

  [ 39/54]  num_nodi= 10  node_size= 12 (x3F )
    acc=0.5000  f1=0.6667  auc=0.4633  best_val=0.5000
    min_loss=0.8139  final_loss=0.8139  stability=0.0036  conv_epoch=None  time=26.2s  params=1471

  [ 40/54]  num_nodi= 10  node_size= 16 (x4F )
    acc=0.5062  f1=0.1856  auc=0.4642  best_val=0.5062
    min_loss=0.6954  final_loss=0.6954  stability=0.0005  conv_epoch=None  time=28.3s  params=2591

  [ 41/54]  num_nodi= 10  node_size= 10 (10  )
    acc=0.5000  f1=0.0000  auc=0.5265  best_val=0.5000
    min_loss=0.7733  final_loss=0.7733  stability=0.0023  conv_epoch=None  time=25.2s  params=1031

  [ 42/54]  num_nodi= 10  node_size= 20 (20  )
    acc=0.5000  f1=0.6667  auc=0.4642  best_val=0.5000
    min_loss=0.9958  final_loss=0.9958  stability=0.0107  conv_epoch=None  time=31.5s  params=4031

  [ 43/54]  num_nodi= 10  node_size= 30 (30  )
    acc=0.5000  f1=0.0000  auc=0.5349  best_val=0.5000
    min_loss=0.7908  final_loss=0.7908  stability=0.0104  conv_epoch=None  time=39.6s  params=9031

  [ 44/54]  num_nodi= 10  node_size= 40 (40  )
    acc=0.5000  f1=0.0000  auc=0.5334  best_val=0.5000
    min_loss=1.5156  final_loss=1.5156  stability=0.0244  conv_epoch=None  time=51.2s  params=16031

  [ 45/54]  num_nodi= 10  node_size= 50 (50  )
    acc=0.5000  f1=0.0000  auc=0.5267  best_val=0.5000
    min_loss=2.1167  final_loss=2.1167  stability=0.0473  conv_epoch=None  time=64.8s  params=25031

  [ 46/54]  num_nodi= 15  node_size=  4 (x1F )
    acc=0.5000  f1=0.6667  auc=0.4632  best_val=0.5000
    min_loss=0.7090  final_loss=0.7090  stability=0.0006  conv_epoch=None  time=34.7s  params=286

  [ 47/54]  num_nodi= 15  node_size=  8 (x2F )
    acc=0.5000  f1=0.6667  auc=0.4620  best_val=0.5000
    min_loss=0.7023  final_loss=0.7023  stability=0.0010  conv_epoch=None  time=36.7s  params=1006

  [ 48/54]  num_nodi= 15  node_size= 12 (x3F )
    acc=0.5000  f1=0.6667  auc=0.4625  best_val=0.5000
    min_loss=0.7135  final_loss=0.7135  stability=0.0022  conv_epoch=None  time=39.3s  params=2206

  [ 49/54]  num_nodi= 15  node_size= 16 (x4F )
    acc=0.5000  f1=0.0000  auc=0.5332  best_val=0.5000
    min_loss=0.7492  final_loss=0.7492  stability=0.0048  conv_epoch=None  time=42.5s  params=3886

  [ 50/54]  num_nodi= 15  node_size= 10 (10  )
    acc=0.4969  f1=0.5306  auc=0.5246  best_val=0.5156
    min_loss=0.6929  final_loss=0.6929  stability=0.0000  conv_epoch=None  time=38.1s  params=1546

  [ 51/54]  num_nodi= 15  node_size= 20 (20  )
    acc=0.5000  f1=0.0000  auc=0.5336  best_val=0.5000
    min_loss=0.9278  final_loss=0.9278  stability=0.0129  conv_epoch=None  time=46.7s  params=6046

  [ 52/54]  num_nodi= 15  node_size= 30 (30  )
    acc=0.4375  f1=0.4675  auc=0.4457  best_val=0.5000
    min_loss=0.6957  final_loss=0.6957  stability=0.0035  conv_epoch=None  time=60.1s  params=13546

  [ 53/54]  num_nodi= 15  node_size= 40 (40  )
    acc=0.5000  f1=0.6667  auc=0.4653  best_val=0.5000
    min_loss=1.1052  final_loss=1.1052  stability=0.0294  conv_epoch=None  time=76.5s  params=24046

  [ 54/54]  num_nodi= 15  node_size= 50 (50  )
    acc=0.5000  f1=0.6667  auc=0.4723  best_val=0.5000
    min_loss=0.7939  final_loss=0.7939  stability=0.0240  conv_epoch=None  time=101.6s  params=37546

  XOR 4D grid completed in 1360.5s (22.7 min)

──────────────────────────────────────────────────────────────────────
  ACCURACY MATRIX  (rows=num_nodi, cols=node_size)  XOR 4D
──────────────────────────────────────────────────────────────────────
              x1F      x2F       x3F       x4F        10      20      30   40        50
num_nodi                                                                               
2         0.50000  0.48125  0.500000  0.500000  0.500000  0.5000  0.5000  0.5  0.509375
3         0.50000  0.46250  0.528125  0.490625  0.500000  0.5000  0.5000  0.5  0.500000
5         0.50000  0.50000  0.500000  0.500000  0.500000  0.4875  0.5000  0.5  0.500000
8         0.50000  0.50000  0.500000  0.496875  0.500000  0.5000  0.5000  0.5  0.496875
10        0.50625  0.50000  0.500000  0.506250  0.500000  0.5000  0.5000  0.5  0.500000
15        0.50000  0.50000  0.500000  0.500000  0.496875  0.5000  0.4375  0.5  0.500000

  BEST CONFIG:  num_nodi=3  node_size=x3F  →  acc=0.5281
  Output dir: plots_matrix_xor_20260218_084840/xor_4d

================================================================================
  MATRIX EXPERIMENT  —  XOR 5D    [09:31:01]
================================================================================
  Device  : cuda
  Epochs  : 2
  Batch   : 1000000
  LR      : γ=0.001  λ=0.001  off=0.001  comb=0.001
  SA      : β=[1, 10]  reads=1  sweeps=100
  Samples : 100 / region  (test_size=0.2)
  Train   : 2560 samples  |  Test: 640 samples
  Grid    : 6 × 9 = 54 configurations

  [  1/54]  num_nodi=  2  node_size=  5 (x1F )
    acc=0.5000  f1=0.6667  auc=0.5326  best_val=0.5000
    min_loss=0.7206  final_loss=0.7206  stability=0.0003  conv_epoch=None  time=11.7s  params=57

  [  2/54]  num_nodi=  2  node_size= 10 (x2F )
    acc=0.5000  f1=0.0000  auc=0.4624  best_val=0.5000
    min_loss=0.7076  final_loss=0.7076  stability=0.0005  conv_epoch=None  time=10.5s  params=207

  [  3/54]  num_nodi=  2  node_size= 15 (x3F )
    acc=0.4922  f1=0.6524  auc=0.4609  best_val=0.4953
    min_loss=0.6949  final_loss=0.6949  stability=0.0002  conv_epoch=None  time=13.5s  params=457

  [  4/54]  num_nodi=  2  node_size= 20 (x4F )
    acc=0.5062  f1=0.6674  auc=0.5338  best_val=0.5062
    min_loss=0.7019  final_loss=0.7019  stability=0.0005  conv_epoch=None  time=16.2s  params=807

  [  5/54]  num_nodi=  2  node_size= 10 (10  )
    acc=0.5000  f1=0.0000  auc=0.4636  best_val=0.5000
    min_loss=0.7384  final_loss=0.7384  stability=0.0004  conv_epoch=None  time=11.0s  params=207

  [  6/54]  num_nodi=  2  node_size= 20 (20  )
    acc=0.5000  f1=0.6667  auc=0.4634  best_val=0.5000
    min_loss=0.7101  final_loss=0.7101  stability=0.0010  conv_epoch=None  time=13.6s  params=807

  [  7/54]  num_nodi=  2  node_size= 30 (30  )
    acc=0.5000  f1=0.0000  auc=0.5293  best_val=0.5000
    min_loss=1.0433  final_loss=1.0433  stability=0.0076  conv_epoch=None  time=18.4s  params=1807

  [  8/54]  num_nodi=  2  node_size= 40 (40  )
    acc=0.5000  f1=0.6667  auc=0.4717  best_val=0.5000
    min_loss=1.2638  final_loss=1.2638  stability=0.0097  conv_epoch=None  time=22.6s  params=3207

  [  9/54]  num_nodi=  2  node_size= 50 (50  )
    acc=0.5000  f1=0.6667  auc=0.4753  best_val=0.5000
    min_loss=1.7906  final_loss=1.7906  stability=0.0168  conv_epoch=None  time=26.7s  params=5007

  [ 10/54]  num_nodi=  3  node_size=  5 (x1F )
    acc=0.5000  f1=0.0000  auc=0.5361  best_val=0.5000
    min_loss=0.7099  final_loss=0.7099  stability=0.0003  conv_epoch=None  time=14.1s  params=85

  [ 11/54]  num_nodi=  3  node_size= 10 (x2F )
    acc=0.4813  f1=0.2279  auc=0.4610  best_val=0.4891
    min_loss=0.6935  final_loss=0.6935  stability=0.0001  conv_epoch=None  time=15.1s  params=310

  [ 12/54]  num_nodi=  3  node_size= 15 (x3F )
    acc=0.5000  f1=0.6667  auc=0.5205  best_val=0.5000
    min_loss=0.7051  final_loss=0.7051  stability=0.0007  conv_epoch=None  time=16.5s  params=685

  [ 13/54]  num_nodi=  3  node_size= 20 (x4F )
    acc=0.4844  f1=0.5203  auc=0.4647  best_val=0.4875
    min_loss=0.6936  final_loss=0.6936  stability=0.0003  conv_epoch=None  time=18.5s  params=1210

  [ 14/54]  num_nodi=  3  node_size= 10 (10  )
    acc=0.4625  f1=0.4267  auc=0.4627  best_val=0.4609
    min_loss=0.6929  final_loss=0.6929  stability=0.0001  conv_epoch=None  time=15.3s  params=310

  [ 15/54]  num_nodi=  3  node_size= 20 (20  )
    acc=0.5000  f1=0.0000  auc=0.5247  best_val=0.5000
    min_loss=0.7208  final_loss=0.7208  stability=0.0016  conv_epoch=None  time=18.7s  params=1210

  [ 16/54]  num_nodi=  3  node_size= 30 (30  )
    acc=0.5000  f1=0.0000  auc=0.5320  best_val=0.5000
    min_loss=0.9797  final_loss=0.9797  stability=0.0061  conv_epoch=None  time=23.6s  params=2710

  [ 17/54]  num_nodi=  3  node_size= 40 (40  )
    acc=0.5016  f1=0.6674  auc=0.4716  best_val=0.5016
    min_loss=0.7073  final_loss=0.7073  stability=0.0011  conv_epoch=None  time=30.6s  params=4810

  [ 18/54]  num_nodi=  3  node_size= 50 (50  )
    acc=0.5000  f1=0.0123  auc=0.4715  best_val=0.5000
    min_loss=0.7044  final_loss=0.7044  stability=0.0032  conv_epoch=None  time=39.2s  params=7510

  [ 19/54]  num_nodi=  5  node_size=  5 (x1F )
    acc=0.5000  f1=0.6667  auc=0.4606  best_val=0.5000
    min_loss=0.7937  final_loss=0.7937  stability=0.0012  conv_epoch=None  time=23.9s  params=141

  [ 20/54]  num_nodi=  5  node_size= 10 (x2F )
    acc=0.5000  f1=0.6667  auc=0.4647  best_val=0.5000
    min_loss=0.7140  final_loss=0.7140  stability=0.0012  conv_epoch=None  time=25.4s  params=516

  [ 21/54]  num_nodi=  5  node_size= 15 (x3F )
    acc=0.5000  f1=0.0000  auc=0.5365  best_val=0.5000
    min_loss=0.7408  final_loss=0.7408  stability=0.0018  conv_epoch=None  time=27.6s  params=1141

  [ 22/54]  num_nodi=  5  node_size= 20 (x4F )
    acc=0.5000  f1=0.0000  auc=0.5348  best_val=0.5000
    min_loss=0.8778  final_loss=0.8778  stability=0.0042  conv_epoch=None  time=31.0s  params=2016

  [ 23/54]  num_nodi=  5  node_size= 10 (10  )
    acc=0.5203  f1=0.4197  auc=0.5317  best_val=0.5312
    min_loss=0.6958  final_loss=0.6958  stability=0.0002  conv_epoch=None  time=25.4s  params=516

  [ 24/54]  num_nodi=  5  node_size= 20 (20  )
    acc=0.5000  f1=0.0000  auc=0.4682  best_val=0.5000
    min_loss=0.6992  final_loss=0.6992  stability=0.0007  conv_epoch=None  time=31.0s  params=2016

  [ 25/54]  num_nodi=  5  node_size= 30 (30  )
    acc=0.4781  f1=0.3266  auc=0.4677  best_val=0.4828
    min_loss=0.6939  final_loss=0.6939  stability=0.0009  conv_epoch=None  time=39.5s  params=4516

  [ 26/54]  num_nodi=  5  node_size= 40 (40  )
    acc=0.5000  f1=0.6667  auc=0.4720  best_val=0.5000
    min_loss=1.5168  final_loss=1.5168  stability=0.0137  conv_epoch=None  time=50.9s  params=8016

  [ 27/54]  num_nodi=  5  node_size= 50 (50  )
    acc=0.5000  f1=0.0000  auc=0.5247  best_val=0.5000
    min_loss=2.7180  final_loss=2.7180  stability=0.0310  conv_epoch=None  time=65.2s  params=12516

  [ 28/54]  num_nodi=  8  node_size=  5 (x1F )
    acc=0.4969  f1=0.6567  auc=0.4609  best_val=0.4969
    min_loss=0.7053  final_loss=0.7053  stability=0.0005  conv_epoch=None  time=38.0s  params=225

  [ 29/54]  num_nodi=  8  node_size= 10 (x2F )
    acc=0.5000  f1=0.6667  auc=0.4617  best_val=0.5000
    min_loss=0.7813  final_loss=0.7813  stability=0.0031  conv_epoch=None  time=40.8s  params=825

  [ 30/54]  num_nodi=  8  node_size= 15 (x3F )
    acc=0.5000  f1=0.0303  auc=0.5375  best_val=0.5031
    min_loss=0.7030  final_loss=0.7030  stability=0.0010  conv_epoch=None  time=44.5s  params=1825

  [ 31/54]  num_nodi=  8  node_size= 20 (x4F )
    acc=0.4969  f1=0.0000  auc=0.4628  best_val=0.5000
    min_loss=0.6958  final_loss=0.6958  stability=0.0009  conv_epoch=None  time=49.5s  params=3225

  [ 32/54]  num_nodi=  8  node_size= 10 (10  )
    acc=0.4703  f1=0.2981  auc=0.4652  best_val=0.4875
    min_loss=0.6930  final_loss=0.6930  stability=0.0002  conv_epoch=None  time=40.6s  params=825

  [ 33/54]  num_nodi=  8  node_size= 20 (20  )
    acc=0.5000  f1=0.0000  auc=0.5353  best_val=0.5000
    min_loss=0.8350  final_loss=0.8350  stability=0.0049  conv_epoch=None  time=50.0s  params=3225

  [ 34/54]  num_nodi=  8  node_size= 30 (30  )
    acc=0.5000  f1=0.0000  auc=0.5297  best_val=0.5000
    min_loss=0.7548  final_loss=0.7548  stability=0.0060  conv_epoch=None  time=63.4s  params=7225

  [ 35/54]  num_nodi=  8  node_size= 40 (40  )
    acc=0.5000  f1=0.6667  auc=0.4724  best_val=0.5000
    min_loss=1.0622  final_loss=1.0622  stability=0.0250  conv_epoch=None  time=81.7s  params=12825

  [ 36/54]  num_nodi=  8  node_size= 50 (50  )
    acc=0.5000  f1=0.0000  auc=0.5258  best_val=0.5000
    min_loss=0.9822  final_loss=0.9822  stability=0.0272  conv_epoch=None  time=104.0s  params=20025

  [ 37/54]  num_nodi= 10  node_size=  5 (x1F )
    acc=0.5000  f1=0.0000  auc=0.5388  best_val=0.5000
    min_loss=0.7356  final_loss=0.7356  stability=0.0013  conv_epoch=None  time=47.1s  params=281

  [ 38/54]  num_nodi= 10  node_size= 10 (x2F )
    acc=0.4969  f1=0.6639  auc=0.4611  best_val=0.4984
    min_loss=0.6993  final_loss=0.6993  stability=0.0010  conv_epoch=None  time=51.0s  params=1031

  [ 39/54]  num_nodi= 10  node_size= 15 (x3F )
    acc=0.4984  f1=0.6653  auc=0.4615  best_val=0.5000
    min_loss=0.6956  final_loss=0.6956  stability=0.0010  conv_epoch=None  time=55.7s  params=2281

  [ 40/54]  num_nodi= 10  node_size= 20 (x4F )
    acc=0.5000  f1=0.6667  auc=0.4599  best_val=0.5000
    min_loss=0.7087  final_loss=0.7087  stability=0.0035  conv_epoch=None  time=62.5s  params=4031

  [ 41/54]  num_nodi= 10  node_size= 10 (10  )
    acc=0.5000  f1=0.0000  auc=0.5373  best_val=0.5000
    min_loss=0.7483  final_loss=0.7483  stability=0.0016  conv_epoch=None  time=50.6s  params=1031

  [ 42/54]  num_nodi= 10  node_size= 20 (20  )
    acc=0.5000  f1=0.6667  auc=0.4638  best_val=0.5000
    min_loss=1.1388  final_loss=1.1388  stability=0.0116  conv_epoch=None  time=62.4s  params=4031

  [ 43/54]  num_nodi= 10  node_size= 30 (30  )
    acc=0.5000  f1=0.6667  auc=0.4693  best_val=0.5000
    min_loss=0.9169  final_loss=0.9169  stability=0.0124  conv_epoch=None  time=79.0s  params=9031

  [ 44/54]  num_nodi= 10  node_size= 40 (40  )
    acc=0.5000  f1=0.0000  auc=0.5284  best_val=0.5000
    min_loss=1.4389  final_loss=1.4389  stability=0.0213  conv_epoch=None  time=101.9s  params=16031

  [ 45/54]  num_nodi= 10  node_size= 50 (50  )
    acc=0.4875  f1=0.0939  auc=0.5255  best_val=0.4984
    min_loss=0.7048  final_loss=0.7048  stability=0.0074  conv_epoch=None  time=129.3s  params=25031

  [ 46/54]  num_nodi= 15  node_size=  5 (x1F )
    acc=0.5000  f1=0.0000  auc=0.5372  best_val=0.5000
    min_loss=0.7524  final_loss=0.7524  stability=0.0016  conv_epoch=None  time=70.0s  params=421

  [ 47/54]  num_nodi= 15  node_size= 10 (x2F )
    acc=0.5000  f1=0.0000  auc=0.5374  best_val=0.5000
    min_loss=0.8777  final_loss=0.8777  stability=0.0046  conv_epoch=None  time=75.5s  params=1546

  [ 48/54]  num_nodi= 15  node_size= 15 (x3F )
    acc=0.5000  f1=0.6667  auc=0.4603  best_val=0.5000
    min_loss=0.7321  final_loss=0.7321  stability=0.0037  conv_epoch=None  time=82.9s  params=3421

  [ 49/54]  num_nodi= 15  node_size= 20 (x4F )
    acc=0.4984  f1=0.6653  auc=0.4629  best_val=0.5000
    min_loss=0.7578  final_loss=0.7578  stability=0.0064  conv_epoch=None  time=93.0s  params=6046

  [ 50/54]  num_nodi= 15  node_size= 10 (10  )
    acc=0.5359  f1=0.5869  auc=0.5382  best_val=0.5281
    min_loss=0.6944  final_loss=0.6944  stability=0.0002  conv_epoch=None  time=75.7s  params=1546

  [ 51/54]  num_nodi= 15  node_size= 20 (20  )
    acc=0.5000  f1=0.0000  auc=0.5352  best_val=0.5000
    min_loss=0.9205  final_loss=0.9205  stability=0.0100  conv_epoch=None  time=94.4s  params=6046

  [ 52/54]  num_nodi= 15  node_size= 30 (30  )
    acc=0.5000  f1=0.6660  auc=0.4641  best_val=0.5000
    min_loss=0.7421  final_loss=0.7421  stability=0.0115  conv_epoch=None  time=118.9s  params=13546

  [ 53/54]  num_nodi= 15  node_size= 40 (40  )
    acc=0.5000  f1=0.0000  auc=0.5006  best_val=0.5000
    min_loss=0.7041  final_loss=0.7041  stability=0.0068  conv_epoch=None  time=153.6s  params=24046

  [ 54/54]  num_nodi= 15  node_size= 50 (50  )
    acc=0.5000  f1=0.0000  auc=0.5264  best_val=0.5000
    min_loss=0.9620  final_loss=0.9620  stability=0.0366  conv_epoch=None  time=195.2s  params=37546

  XOR 5D grid completed in 2766.5s (46.1 min)

──────────────────────────────────────────────────────────────────────
  ACCURACY MATRIX  (rows=num_nodi, cols=node_size)  XOR 5D
──────────────────────────────────────────────────────────────────────
               x1F       x2F       x3F       x4F        10   20        30        40      50
num_nodi                                                                                   
2         0.500000  0.500000  0.492188  0.506250  0.500000  0.5  0.500000  0.500000  0.5000
3         0.500000  0.481250  0.500000  0.484375  0.462500  0.5  0.500000  0.501563  0.5000
5         0.500000  0.500000  0.500000  0.500000  0.520312  0.5  0.478125  0.500000  0.5000
8         0.496875  0.500000  0.500000  0.496875  0.470313  0.5  0.500000  0.500000  0.5000
10        0.500000  0.496875  0.498437  0.500000  0.500000  0.5  0.500000  0.500000  0.4875
15        0.500000  0.500000  0.500000  0.498437  0.535937  0.5  0.500000  0.500000  0.5000

  BEST CONFIG:  num_nodi=15  node_size=10  →  acc=0.5359
  Output dir: plots_matrix_xor_20260218_084840/xor_5d

================================================================================
  MATRIX EXPERIMENT  —  XOR 6D    [10:17:09]
================================================================================
  Device  : cuda
  Epochs  : 2
  Batch   : 1000000
  LR      : γ=0.001  λ=0.001  off=0.001  comb=0.001
  SA      : β=[1, 10]  reads=1  sweeps=100
  Samples : 100 / region  (test_size=0.2)
  Train   : 5120 samples  |  Test: 1280 samples
  Grid    : 6 × 9 = 54 configurations

  [  1/54]  num_nodi=  2  node_size=  6 (x1F )
    acc=0.5000  f1=0.6667  auc=0.5200  best_val=0.5000
    min_loss=0.7568  final_loss=0.7568  stability=0.0005  conv_epoch=None  time=19.0s  params=79

  [  2/54]  num_nodi=  2  node_size= 12 (x2F )
    acc=0.5000  f1=0.0000  auc=0.4769  best_val=0.5000
    min_loss=0.8638  final_loss=0.8638  stability=0.0025  conv_epoch=None  time=21.1s  params=295

  [  3/54]  num_nodi=  2  node_size= 18 (x3F )
    acc=0.5000  f1=0.0000  auc=0.4762  best_val=0.5000
    min_loss=0.8234  final_loss=0.8234  stability=0.0023  conv_epoch=None  time=23.8s  params=655

  [  4/54]  num_nodi=  2  node_size= 24 (x4F )
    acc=0.5000  f1=0.6667  auc=0.4666  best_val=0.5000
    min_loss=0.6988  final_loss=0.6988  stability=0.0006  conv_epoch=None  time=27.2s  params=1159

  [  5/54]  num_nodi=  2  node_size= 10 (10  )
    acc=0.5000  f1=0.0000  auc=0.4923  best_val=0.5000
    min_loss=0.6972  final_loss=0.6972  stability=0.0003  conv_epoch=None  time=20.2s  params=207

  [  6/54]  num_nodi=  2  node_size= 20 (20  )
    acc=0.5000  f1=0.0000  auc=0.4742  best_val=0.5000
    min_loss=1.0307  final_loss=1.0307  stability=0.0046  conv_epoch=None  time=24.9s  params=807

  [  7/54]  num_nodi=  2  node_size= 30 (30  )
    acc=0.5000  f1=0.0000  auc=0.4727  best_val=0.5000
    min_loss=1.5244  final_loss=1.5244  stability=0.0073  conv_epoch=None  time=31.4s  params=1807

  [  8/54]  num_nodi=  2  node_size= 40 (40  )
    acc=0.5000  f1=0.6667  auc=0.5258  best_val=0.5000
    min_loss=1.3672  final_loss=1.3672  stability=0.0095  conv_epoch=None  time=40.7s  params=3207

  [  9/54]  num_nodi=  2  node_size= 50 (50  )
    acc=0.5000  f1=0.0000  auc=0.4719  best_val=0.5000
    min_loss=3.1240  final_loss=3.1240  stability=0.0199  conv_epoch=None  time=52.5s  params=5007

  [ 10/54]  num_nodi=  3  node_size=  6 (x1F )
    acc=0.5000  f1=0.6663  auc=0.5193  best_val=0.4992
    min_loss=0.7151  final_loss=0.7151  stability=0.0004  conv_epoch=None  time=29.2s  params=118

  [ 11/54]  num_nodi=  3  node_size= 12 (x2F )
    acc=0.5211  f1=0.6228  auc=0.5215  best_val=0.5203
    min_loss=0.6970  final_loss=0.6970  stability=0.0003  conv_epoch=None  time=32.6s  params=442

  [ 12/54]  num_nodi=  3  node_size= 18 (x3F )
    acc=0.5000  f1=0.0000  auc=0.4659  best_val=0.5000
    min_loss=0.6989  final_loss=0.6989  stability=0.0010  conv_epoch=None  time=38.5s  params=982

  [ 13/54]  num_nodi=  3  node_size= 24 (x4F )
    acc=0.5000  f1=0.0000  auc=0.4739  best_val=0.5000
    min_loss=0.7965  final_loss=0.7965  stability=0.0023  conv_epoch=None  time=48.9s  params=1738

  [ 14/54]  num_nodi=  3  node_size= 10 (10  )
    acc=0.5000  f1=0.0000  auc=0.4862  best_val=0.5000
    min_loss=0.7509  final_loss=0.7509  stability=0.0009  conv_epoch=None  time=33.0s  params=310

  [ 15/54]  num_nodi=  3  node_size= 20 (20  )
    acc=0.5000  f1=0.6667  auc=0.5241  best_val=0.5000
    min_loss=0.9116  final_loss=0.9116  stability=0.0038  conv_epoch=None  time=39.1s  params=1210

  [ 16/54]  num_nodi=  3  node_size= 30 (30  )
    acc=0.5000  f1=0.0000  auc=0.4729  best_val=0.5000
    min_loss=1.5612  final_loss=1.5612  stability=0.0109  conv_epoch=None  time=46.8s  params=2710

  [ 17/54]  num_nodi=  3  node_size= 40 (40  )
    acc=0.5000  f1=0.0000  auc=0.4737  best_val=0.5000
    min_loss=0.8903  final_loss=0.8903  stability=0.0047  conv_epoch=None  time=60.8s  params=4810

  [ 18/54]  num_nodi=  3  node_size= 50 (50  )
    acc=0.5000  f1=0.6667  auc=0.5278  best_val=0.5000
    min_loss=2.3872  final_loss=2.3872  stability=0.0181  conv_epoch=None  time=79.6s  params=7510

  [ 19/54]  num_nodi=  5  node_size=  6 (x1F )
    acc=0.4820  f1=0.4000  auc=0.4789  best_val=0.4836
    min_loss=0.6940  final_loss=0.6940  stability=0.0001  conv_epoch=None  time=50.9s  params=196

  [ 20/54]  num_nodi=  5  node_size= 12 (x2F )
    acc=0.5000  f1=0.0000  auc=0.4747  best_val=0.5000
    min_loss=0.7006  final_loss=0.7006  stability=0.0006  conv_epoch=None  time=59.2s  params=736

  [ 21/54]  num_nodi=  5  node_size= 18 (x3F )
    acc=0.5000  f1=0.0000  auc=0.4744  best_val=0.5000
    min_loss=0.8250  final_loss=0.8250  stability=0.0038  conv_epoch=None  time=65.1s  params=1636

  [ 22/54]  num_nodi=  5  node_size= 24 (x4F )
    acc=0.5000  f1=0.0000  auc=0.4741  best_val=0.5000
    min_loss=0.9009  final_loss=0.9009  stability=0.0042  conv_epoch=None  time=73.1s  params=2896

  [ 23/54]  num_nodi=  5  node_size= 10 (10  )
    acc=0.5000  f1=0.0000  auc=0.4915  best_val=0.5000
    min_loss=0.7103  final_loss=0.7103  stability=0.0007  conv_epoch=None  time=51.0s  params=516

  [ 24/54]  num_nodi=  5  node_size= 20 (20  )
    acc=0.5000  f1=0.0000  auc=0.4748  best_val=0.5000
    min_loss=0.7451  final_loss=0.7451  stability=0.0028  conv_epoch=None  time=62.7s  params=2016

  [ 25/54]  num_nodi=  5  node_size= 30 (30  )
    acc=0.5000  f1=0.0000  auc=0.4740  best_val=0.5000
    min_loss=0.7234  final_loss=0.7234  stability=0.0041  conv_epoch=None  time=84.9s  params=4516

  [ 26/54]  num_nodi=  5  node_size= 40 (40  )
    acc=0.5000  f1=0.0000  auc=0.4739  best_val=0.5000
    min_loss=1.8797  final_loss=1.8797  stability=0.0162  conv_epoch=None  time=128.8s  params=8016

  [ 27/54]  num_nodi=  5  node_size= 50 (50  )
    acc=0.5000  f1=0.6667  auc=0.5251  best_val=0.5000
    min_loss=1.0649  final_loss=1.0649  stability=0.0263  conv_epoch=None  time=132.4s  params=12516

  [ 28/54]  num_nodi=  8  node_size=  6 (x1F )
    acc=0.5000  f1=0.6667  auc=0.5205  best_val=0.5000
    min_loss=0.7245  final_loss=0.7245  stability=0.0008  conv_epoch=None  time=119.7s  params=313

  [ 29/54]  num_nodi=  8  node_size= 12 (x2F )
    acc=0.5000  f1=0.6667  auc=0.5219  best_val=0.5000
    min_loss=0.8824  final_loss=0.8824  stability=0.0044  conv_epoch=None  time=87.8s  params=1177

  [ 30/54]  num_nodi=  8  node_size= 18 (x3F )
    acc=0.5000  f1=0.6667  auc=0.5245  best_val=0.5000
    min_loss=1.0739  final_loss=1.0739  stability=0.0065  conv_epoch=None  time=97.0s  params=2617

  [ 31/54]  num_nodi=  8  node_size= 24 (x4F )
    acc=0.5000  f1=0.6667  auc=0.5250  best_val=0.5000
    min_loss=0.7364  final_loss=0.7364  stability=0.0033  conv_epoch=None  time=115.4s  params=4633

  [ 32/54]  num_nodi=  8  node_size= 10 (10  )
    acc=0.4992  f1=0.6660  auc=0.5138  best_val=0.5000
    min_loss=0.6951  final_loss=0.6951  stability=0.0004  conv_epoch=None  time=89.3s  params=825

  [ 33/54]  num_nodi=  8  node_size= 20 (20  )
    acc=0.5047  f1=0.6588  auc=0.5200  best_val=0.4984
    min_loss=0.6969  final_loss=0.6969  stability=0.0012  conv_epoch=None  time=109.4s  params=3225

  [ 34/54]  num_nodi=  8  node_size= 30 (30  )
    acc=0.5000  f1=0.0000  auc=0.4732  best_val=0.5000
    min_loss=1.6401  final_loss=1.6401  stability=0.0192  conv_epoch=None  time=137.3s  params=7225

  [ 35/54]  num_nodi=  8  node_size= 40 (40  )
    acc=0.5000  f1=0.6667  auc=0.5258  best_val=0.5000
    min_loss=2.5216  final_loss=2.5216  stability=0.0285  conv_epoch=None  time=162.4s  params=12825

  [ 36/54]  num_nodi=  8  node_size= 50 (50  )
    acc=0.5000  f1=0.6667  auc=0.5276  best_val=0.5000
    min_loss=0.7597  final_loss=0.7597  stability=0.0076  conv_epoch=None  time=207.1s  params=20025

  [ 37/54]  num_nodi= 10  node_size=  6 (x1F )
    acc=0.5000  f1=0.0000  auc=0.4803  best_val=0.5000
    min_loss=0.7109  final_loss=0.7109  stability=0.0008  conv_epoch=None  time=95.0s  params=391

  [ 38/54]  num_nodi= 10  node_size= 12 (x2F )
    acc=0.5000  f1=0.6667  auc=0.5143  best_val=0.5000
    min_loss=0.6953  final_loss=0.6953  stability=0.0007  conv_epoch=None  time=103.6s  params=1471

  [ 39/54]  num_nodi= 10  node_size= 18 (x3F )
    acc=0.5000  f1=0.0000  auc=0.4749  best_val=0.5000
    min_loss=1.1619  final_loss=1.1619  stability=0.0078  conv_epoch=None  time=118.2s  params=3271

  [ 40/54]  num_nodi= 10  node_size= 24 (x4F )
    acc=0.5000  f1=0.0000  auc=0.4734  best_val=0.5000
    min_loss=0.9955  final_loss=0.9955  stability=0.0120  conv_epoch=None  time=136.3s  params=5791

  [ 41/54]  num_nodi= 10  node_size= 10 (10  )
    acc=0.5000  f1=0.6667  auc=0.4884  best_val=0.5000
    min_loss=0.7017  final_loss=0.7017  stability=0.0009  conv_epoch=None  time=101.2s  params=1031

  [ 42/54]  num_nodi= 10  node_size= 20 (20  )
    acc=0.5000  f1=0.0000  auc=0.4756  best_val=0.5000
    min_loss=1.0024  final_loss=1.0024  stability=0.0084  conv_epoch=None  time=123.5s  params=4031

  [ 43/54]  num_nodi= 10  node_size= 30 (30  )
    acc=0.5094  f1=0.6591  auc=0.5185  best_val=0.5078
    min_loss=0.6983  final_loss=0.6983  stability=0.0028  conv_epoch=None  time=156.9s  params=9031

  [ 44/54]  num_nodi= 10  node_size= 40 (40  )
    acc=0.5000  f1=0.0000  auc=0.4740  best_val=0.5000
    min_loss=0.9133  final_loss=0.9133  stability=0.0244  conv_epoch=None  time=203.3s  params=16031

  [ 45/54]  num_nodi= 10  node_size= 50 (50  )
    acc=0.5000  f1=0.6667  auc=0.5266  best_val=0.5000
    min_loss=0.8977  final_loss=0.8977  stability=0.0254  conv_epoch=None  time=259.0s  params=25031

  [ 46/54]  num_nodi= 15  node_size=  6 (x1F )
    acc=0.5016  f1=0.0062  auc=0.5193  best_val=0.5016
    min_loss=0.6937  final_loss=0.6937  stability=0.0002  conv_epoch=None  time=142.8s  params=586

  [ 47/54]  num_nodi= 15  node_size= 12 (x2F )
    acc=0.5000  f1=0.0000  auc=0.4755  best_val=0.5000
    min_loss=0.7317  final_loss=0.7317  stability=0.0031  conv_epoch=None  time=156.8s  params=2206

  [ 48/54]  num_nodi= 15  node_size= 18 (x3F )
    acc=0.5000  f1=0.6667  auc=0.5243  best_val=0.5000
    min_loss=0.9492  final_loss=0.9492  stability=0.0114  conv_epoch=None  time=193.2s  params=4906

  [ 49/54]  num_nodi= 15  node_size= 24 (x4F )
    acc=0.5000  f1=0.0000  auc=0.4734  best_val=0.5000
    min_loss=1.2516  final_loss=1.2516  stability=0.0159  conv_epoch=None  time=205.5s  params=8686

  [ 50/54]  num_nodi= 15  node_size= 10 (10  )
    acc=0.4898  f1=0.2848  auc=0.4850  best_val=0.4891
    min_loss=0.6953  final_loss=0.6953  stability=0.0007  conv_epoch=None  time=153.6s  params=1546

  [ 51/54]  num_nodi= 15  node_size= 20 (20  )
    acc=0.4742  f1=0.4243  auc=0.4718  best_val=0.5031
    min_loss=0.6935  final_loss=0.6935  stability=0.0006  conv_epoch=None  time=187.3s  params=6046

  [ 52/54]  num_nodi= 15  node_size= 30 (30  )
    acc=0.5000  f1=0.6667  auc=0.5215  best_val=0.5000
    min_loss=0.7326  final_loss=0.7326  stability=0.0074  conv_epoch=None  time=235.6s  params=13546

  [ 53/54]  num_nodi= 15  node_size= 40 (40  )
    acc=0.5000  f1=0.0000  auc=0.4705  best_val=0.5000
    min_loss=0.7164  final_loss=0.7164  stability=0.0071  conv_epoch=None  time=304.0s  params=24046

  [ 54/54]  num_nodi= 15  node_size= 50 (50  )
    acc=0.5031  f1=0.1804  auc=0.5084  best_val=0.4992
    min_loss=0.6946  final_loss=0.6955  stability=0.0004  conv_epoch=None  time=385.9s  params=37546

  XOR 6D grid completed in 5764.6s (96.1 min)

──────────────────────────────────────────────────────────────────────
  ACCURACY MATRIX  (rows=num_nodi, cols=node_size)  XOR 6D
──────────────────────────────────────────────────────────────────────
               x1F       x2F  x3F  x4F        10        20        30   40        50
num_nodi                                                                           
2         0.500000  0.500000  0.5  0.5  0.500000  0.500000  0.500000  0.5  0.500000
3         0.500000  0.521094  0.5  0.5  0.500000  0.500000  0.500000  0.5  0.500000
5         0.482031  0.500000  0.5  0.5  0.500000  0.500000  0.500000  0.5  0.500000
8         0.500000  0.500000  0.5  0.5  0.499219  0.504687  0.500000  0.5  0.500000
10        0.500000  0.500000  0.5  0.5  0.500000  0.500000  0.509375  0.5  0.500000
15        0.501563  0.500000  0.5  0.5  0.489844  0.474219  0.500000  0.5  0.503125

  BEST CONFIG:  num_nodi=3  node_size=x2F  →  acc=0.5211
  Output dir: plots_matrix_xor_20260218_084840/xor_6d

  Global summary → plots_matrix_xor_20260218_084840/summary_all_dims.csv
  Accuracy grid     → plots_matrix_xor_20260218_084840/accuracy_grid_all_dims.png

======================================================================
  GLOBAL BEST CONFIGS (by accuracy)
======================================================================
  XOR dim   num_nodi   node_size   accuracy      f1     auc
  ───────  ─────────  ──────────  ─────────  ──────  ──────
        1         10         x2F     0.6500  0.6818  0.6300
        2          8          40     0.6625  0.6087  0.6737
        3         15         x4F     0.5375  0.6754  0.5523
        4          3         x3F     0.5281  0.5519  0.5318
        5         15          10     0.5359  0.5869  0.5382
        6          3         x2F     0.5211  0.6228  0.5215

  All outputs in: /root/global/utils/teo/QuantumAnnealerModule/Inference/plots_matrix_xor_20260218_084840
