
================================================================================
XOR Comparison Suite - FullIsingModule vs ModularNetwork
================================================================================
Device: cpu
Batch size: 32 | Epochs: 30 | Model size: 50
Learning rates: gamma=0.001, lambda=0.005, offset=0.01, combiner=0.005
Annealing: beta=[1, 10], reads=1, sweeps=1000, workers=16
Annealer type: simulated

[Dimension 2D]
Generating 2D XOR data...
Total samples: 80, Features: 2
Class distribution: [40 40]
Train set: 64 | Test set: 16
  Training FullIsingModule...

============================================================
Training FullIsingModule on 2D XOR
============================================================
Model size: 50
Model parameters: 2502
  [FullIsing/2D] Epoch 1/30 | Loss: 19.8220
  [FullIsing/2D] Epoch 5/30 | Loss: 16.0901
  [FullIsing/2D] Epoch 10/30 | Loss: 12.8850
  [FullIsing/2D] Epoch 15/30 | Loss: 10.7860
  [FullIsing/2D] Epoch 20/30 | Loss: 9.0515
  [FullIsing/2D] Epoch 25/30 | Loss: 7.6819
  [FullIsing/2D] Epoch 30/30 | Loss: 6.5417
  [FullIsing/2D] Final Test Accuracy: 0.5000

              precision    recall  f1-score   support

     Class 0       0.50      1.00      0.67         8
     Class 1       0.00      0.00      0.00         8

    accuracy                           0.50        16
   macro avg       0.25      0.50      0.33        16
weighted avg       0.25      0.50      0.33        16

Confusion matrix:
[[8 0]
 [8 0]]
  FullIsingModule | acc=0.5000 prec=0.0000 rec=0.0000 f1=0.0000 auc=0.7188
  Training ModularNetwork...

============================================================
Training ModularNetwork on 2D XOR
============================================================
Model size: 50
Model parameters: 12516
  [Modular/2D] Epoch 1/30 | Loss: 15.7492
  [Modular/2D] Epoch 5/30 | Loss: 8.9066
  [Modular/2D] Epoch 10/30 | Loss: 2.3737
  [Modular/2D] Epoch 15/30 | Loss: 0.8600
  [Modular/2D] Epoch 20/30 | Loss: 0.5595
  [Modular/2D] Epoch 25/30 | Loss: 0.3017
  [Modular/2D] Epoch 30/30 | Loss: 0.2712
  [Modular/2D] Final Test Accuracy: 0.8125

              precision    recall  f1-score   support

     Class 0       0.78      0.88      0.82         8
     Class 1       0.86      0.75      0.80         8

    accuracy                           0.81        16
   macro avg       0.82      0.81      0.81        16
weighted avg       0.82      0.81      0.81        16

Confusion matrix:
[[7 1]
 [2 6]]
  ModularNetwork  | acc=0.8125 prec=0.8571 rec=0.7500 f1=0.8000 auc=0.9531
  Diff(Modular-Single): +0.3125

[COMPLETED in 26.9s]
Generating summary plots...
Metrics CSV saved to: plots_xor_compare_20260521_211333\metrics_summary.csv
All plots saved to plots_xor_compare_20260521_211333
