
================================================================================
XOR Comparison Suite - FullIsingModule vs ModularNetwork
================================================================================
Device: cpu
Batch size: 32 | Epochs: 50 | Model size: 50
Learning rates: gamma=0.01, lambda=0.01, offset=0.1, combiner=0.005
Annealing: beta=[1, 10], reads=1, sweeps=1000, workers=16
Annealer type: simulated

[Dimension 2D]
Generating 2D XOR data...
Total samples: 80, Features: 2
Class distribution: [40 40]
Train set: 64 | Test set: 16
  Training FullIsingModule...

============================================================
Training FullIsingModule on 2D XOR
============================================================
Model size: 50
Model parameters: 2502
  [FullIsing/2D] Epoch 1/50 | Loss: 17.9160
  [FullIsing/2D] Epoch 5/50 | Loss: 6.0368
  [FullIsing/2D] Epoch 10/50 | Loss: 3.3935
  [FullIsing/2D] Epoch 15/50 | Loss: 2.4141
  [FullIsing/2D] Epoch 20/50 | Loss: 1.6646
  [FullIsing/2D] Epoch 25/50 | Loss: 1.1922
  [FullIsing/2D] Epoch 30/50 | Loss: 0.9287
  [FullIsing/2D] Epoch 35/50 | Loss: 0.8136
  [FullIsing/2D] Epoch 40/50 | Loss: 0.7343
  [FullIsing/2D] Epoch 45/50 | Loss: 0.6746
  [FullIsing/2D] Epoch 50/50 | Loss: 0.6192
  [FullIsing/2D] Final Test Accuracy: 0.7500

              precision    recall  f1-score   support

     Class 0       0.75      0.75      0.75         8
     Class 1       0.75      0.75      0.75         8

    accuracy                           0.75        16
   macro avg       0.75      0.75      0.75        16
weighted avg       0.75      0.75      0.75        16

Confusion matrix:
[[6 2]
 [2 6]]
  FullIsingModule | acc=0.7500 prec=0.7500 rec=0.7500 f1=0.7500 auc=0.7344
  Training ModularNetwork...

============================================================
Training ModularNetwork on 2D XOR
============================================================
Model size: 50
Model parameters: 12516
  [Modular/2D] Epoch 1/50 | Loss: 0.8316
  [Modular/2D] Epoch 5/50 | Loss: 0.5251
  [Modular/2D] Epoch 10/50 | Loss: 0.5071
  [Modular/2D] Epoch 15/50 | Loss: 0.4695
  [Modular/2D] Epoch 20/50 | Loss: 0.4507
  [Modular/2D] Epoch 25/50 | Loss: 0.4665
  [Modular/2D] Epoch 30/50 | Loss: 0.4046
  [Modular/2D] Epoch 35/50 | Loss: 0.4533
  [Modular/2D] Epoch 40/50 | Loss: 0.4378
  [Modular/2D] Epoch 45/50 | Loss: 0.4268
  [Modular/2D] Epoch 50/50 | Loss: 0.4275
  [Modular/2D] Final Test Accuracy: 0.8750

              precision    recall  f1-score   support

     Class 0       0.88      0.88      0.88         8
     Class 1       0.88      0.88      0.88         8

    accuracy                           0.88        16
   macro avg       0.88      0.88      0.88        16
weighted avg       0.88      0.88      0.88        16

Confusion matrix:
[[7 1]
 [1 7]]
  ModularNetwork  | acc=0.8750 prec=0.8750 rec=0.8750 f1=0.8750 auc=0.9531
  Diff(Modular-Single): +0.1250

[COMPLETED in 44.3s]
Generating summary plots...
Metrics CSV saved to: plots_xor_compare_20260521_211752\metrics_summary.csv
All plots saved to plots_xor_compare_20260521_211752
